Using pre-set license
Built from '2020.3/release' branch; Version is '2020.3.15f2 (6cf78cb77498) revision 7141260'; Using compiler version '192528614'; Build Type 'Release'
OS: 'Windows 10 Home; OS build 18363.1556; Version 1909; 64bit' Language: 'en' Physical Memory: 7778 MB
BatchMode: 1, IsHumanControllingUs: 0, StartBugReporterOnCrash: 0, Is64bit: 1, IsPro: 0

 COMMAND LINE ARGUMENTS:
C:\Program Files\2020.3.15f2\Editor\Unity.exe
-adb2
-batchMode
-noUpm
-name
AssetImportWorker9
-projectPath
C:/Users/jrbax/OneDrive/Desktop/Air Loading APP (1)
-logFile
Logs/AssetImportWorker9.log
-srvPort
49812
Successfully changed project path to: C:/Users/jrbax/OneDrive/Desktop/Air Loading APP (1)
C:/Users/jrbax/OneDrive/Desktop/Air Loading APP (1)
Using Asset Import Pipeline V2.
Refreshing native plugins compatible for Editor in 535.79 ms, found 7 plugins.
Preloading 0 native plugins for Editor in 0.00 ms.
Initialize engine version: 2020.3.15f2 (6cf78cb77498)
[Subsystems] Discovering subsystems at path C:/Program Files/2020.3.15f2/Editor/Data/Resources/UnitySubsystems
[Subsystems] Discovering subsystems at path C:/Users/jrbax/OneDrive/Desktop/Air Loading APP (1)/Assets
GfxDevice: creating device client; threaded=0
Direct3D:
    Version:  Direct3D 11.0 [level 11.1]
    Renderer: Intel(R) Iris(R) Plus Graphics (ID=0x8a5a)
    Vendor:   
    VRAM:     3889 MB
    Driver:   27.20.100.9621
Initialize mono
Mono path[0] = 'C:/Program Files/2020.3.15f2/Editor/Data/Managed'
Mono path[1] = 'C:/Program Files/2020.3.15f2/Editor/Data/MonoBleedingEdge/lib/mono/unityjit'
Mono config path = 'C:/Program Files/2020.3.15f2/Editor/Data/MonoBleedingEdge/etc'
Using monoOptions --debugger-agent=transport=dt_socket,embedding=1,server=y,suspend=n,address=127.0.0.1:56980
Begin MonoManager ReloadAssembly
Registering precompiled unity dll's ...
Register platform support module: C:/Program Files/2020.3.15f2/Editor/Data/PlaybackEngines/WindowsStandaloneSupport/UnityEditor.WindowsStandalone.Extensions.dll
Registered in 0.006007 seconds.
Native extension for WindowsStandalone target not found
Refreshing native plugins compatible for Editor in 477.44 ms, found 7 plugins.
Preloading 0 native plugins for Editor in 0.00 ms.
Mono: successfully reloaded assembly
- Completed reload, in  4.818 seconds
Domain Reload Profiling:
	ReloadAssembly (4819ms)
		BeginReloadAssembly (211ms)
			ExecutionOrderSort (0ms)
			DisableScriptedObjects (0ms)
			BackupInstance (0ms)
			ReleaseScriptingObjects (0ms)
			CreateAndSetChildDomain (4ms)
		EndReloadAssembly (1953ms)
			LoadAssemblies (203ms)
			RebuildTransferFunctionScriptingTraits (2ms)
			SetupTypeCache (667ms)
			ReleaseScriptCaches (0ms)
			RebuildScriptCaches (88ms)
			SetupLoadedEditorAssemblies (957ms)
				LogAssemblyErrors (0ms)
				InitializePlatformSupportModulesInManaged (15ms)
				SetLoadedEditorAssemblies (1ms)
				RefreshPlugins (478ms)
				BeforeProcessingInitializeOnLoad (58ms)
				ProcessInitializeOnLoadAttributes (301ms)
				ProcessInitializeOnLoadMethodAttributes (103ms)
				AfterProcessingInitializeOnLoad (0ms)
				EditorAssembliesLoaded (1ms)
			ExecutionOrderSort2 (0ms)
			AwakeInstancesAfterBackupRestoration (0ms)
Platform modules already initialized, skipping
Registering precompiled user dll's ...
Registered in 0.058184 seconds.
Begin MonoManager ReloadAssembly
Symbol file LoadedFromMemory is not a mono symbol file
Native extension for WindowsStandalone target not found
Refreshing native plugins compatible for Editor in 353.63 ms, found 7 plugins.
Preloading 0 native plugins for Editor in 0.00 ms.
Mono: successfully reloaded assembly
- Completed reload, in  8.259 seconds
Domain Reload Profiling:
	ReloadAssembly (8269ms)
		BeginReloadAssembly (500ms)
			ExecutionOrderSort (0ms)
			DisableScriptedObjects (18ms)
			BackupInstance (0ms)
			ReleaseScriptingObjects (1ms)
			CreateAndSetChildDomain (65ms)
		EndReloadAssembly (7593ms)
			LoadAssemblies (425ms)
			RebuildTransferFunctionScriptingTraits (0ms)
			SetupTypeCache (1349ms)
			ReleaseScriptCaches (22ms)
			RebuildScriptCaches (265ms)
			SetupLoadedEditorAssemblies (4798ms)
				LogAssemblyErrors (0ms)
				InitializePlatformSupportModulesInManaged (9ms)
				SetLoadedEditorAssemblies (0ms)
				RefreshPlugins (354ms)
				BeforeProcessingInitializeOnLoad (325ms)
				ProcessInitializeOnLoadAttributes (2045ms)
				ProcessInitializeOnLoadMethodAttributes (2052ms)
				AfterProcessingInitializeOnLoad (9ms)
				EditorAssembliesLoaded (3ms)
			ExecutionOrderSort2 (0ms)
			AwakeInstancesAfterBackupRestoration (23ms)
Platform modules already initialized, skipping
========================================================================
Worker process is ready to serve import requests
Launched and connected shader compiler UnityShaderCompiler.exe after 0.11 seconds
Refreshing native plugins compatible for Editor in 2.61 ms, found 7 plugins.
Preloading 0 native plugins for Editor in 0.00 ms.
Unloading 5760 Unused Serialized files (Serialized files now loaded: 0)
System memory in use before: 358.0 MB.
System memory in use after: 357.2 MB.

Unloading 54 unused Assets to reduce memory usage. Loaded Objects now: 6291.
Total: 30.117300 ms (FindLiveObjects: 2.869500 ms CreateObjectMapping: 0.464800 ms MarkObjects: 22.035000 ms  DeleteObjects: 4.743700 ms)

AssetImportParameters requested are different than current active one (requested -> active):
  custom:framework-win-MediaFoundation: 216162199b28c13a410421893ffa2e32 -> 
  custom:video-decoder-ogg-theora: a1e56fd34408186e4bbccfd4996cb3dc -> 
  custom:container-muxer-webm: aa71ff27fc2769a1b78a27578f13a17b -> 
  custom:container-demuxer-webm: 4f35f7cbe854078d1ac9338744f61a02 -> 
  custom:container-demuxer-ogg: 62fdf1f143b41e24485cea50d1cbac27 -> 
  custom:video-encoder-webm-vp8: eb34c28f22e8b96e1ab97ce403110664 -> 
  custom:video-codec-MediaFoundation-h265: 746d11721c4dcdbdad8f713fa42b33f4 -> 
  custom:video-decoder-webm-vp8: 9c59270c3fd7afecdb556c50c9e8de78 -> 
  custom:audio-decoder-ogg-vorbis: bf7c407c2cedff20999df2af8eb42d56 -> 
  custom:audio-encoder-webm-vorbis: bf7c407c2cedff20999df2af8eb42d56 -> 
========================================================================
Received Import Request.
  path: Assets/Scripts/makeACP.cs
  artifactKey: Guid(ea6aedb3d1d29064e9c278571ce1b915) Importer(815301076,1909f56bfc062723c751e8b465ee728b)
Start importing Assets/Scripts/makeACP.cs using Guid(ea6aedb3d1d29064e9c278571ce1b915) Importer(815301076,1909f56bfc062723c751e8b465ee728b)  -> (artifact id: 'e573660e23404f7b2b85576ddbad42c9') in 0.164980 seconds 
  Import took 0.268414 seconds .

========================================================================
Received Prepare
Registering precompiled user dll's ...
Registered in 0.053334 seconds.
Begin MonoManager ReloadAssembly
Symbol file LoadedFromMemory is not a mono symbol file
Native extension for WindowsStandalone target not found
Refreshing native plugins compatible for Editor in 10.01 ms, found 7 plugins.
Preloading 0 native plugins for Editor in 0.00 ms.
Mono: successfully reloaded assembly
- Completed reload, in  7.857 seconds
Domain Reload Profiling:
	ReloadAssembly (7859ms)
		BeginReloadAssembly (1200ms)
			ExecutionOrderSort (0ms)
			DisableScriptedObjects (45ms)
			BackupInstance (0ms)
			ReleaseScriptingObjects (3ms)
			CreateAndSetChildDomain (800ms)
		EndReloadAssembly (6494ms)
			LoadAssemblies (459ms)
			RebuildTransferFunctionScriptingTraits (2ms)
			SetupTypeCache (1166ms)
			ReleaseScriptCaches (7ms)
			RebuildScriptCaches (393ms)
			SetupLoadedEditorAssemblies (3067ms)
				LogAssemblyErrors (0ms)
				InitializePlatformSupportModulesInManaged (25ms)
				SetLoadedEditorAssemblies (3ms)
				RefreshPlugins (10ms)
				BeforeProcessingInitializeOnLoad (520ms)
				ProcessInitializeOnLoadAttributes (2458ms)
				ProcessInitializeOnLoadMethodAttributes (40ms)
				AfterProcessingInitializeOnLoad (8ms)
				EditorAssembliesLoaded (2ms)
			ExecutionOrderSort2 (0ms)
			AwakeInstancesAfterBackupRestoration (82ms)
Platform modules already initialized, skipping
Switching build target platform(19) subTarget(0) extendedPlatform(0) -> platform(21) subTarget(0) extendedPlatform(0)
Refreshing native plugins compatible for Editor in 3.22 ms, found 7 plugins.
Preloading 0 native plugins for Editor in 0.00 ms.
Unloading 5309 Unused Serialized files (Serialized files now loaded: 0)
System memory in use before: 331.5 MB.
System memory in use after: 330.9 MB.

Unloading 47 unused Assets to reduce memory usage. Loaded Objects now: 6294.
Total: 25.128000 ms (FindLiveObjects: 1.625900 ms CreateObjectMapping: 0.751800 ms MarkObjects: 19.841800 ms  DeleteObjects: 2.903600 ms)

AssetImportParameters requested are different than current active one (requested -> active):
  custom:framework-win-MediaFoundation: 216162199b28c13a410421893ffa2e32 -> 
  custom:video-decoder-ogg-theora: a1e56fd34408186e4bbccfd4996cb3dc -> 
  custom:container-muxer-webm: aa71ff27fc2769a1b78a27578f13a17b -> 
  custom:container-demuxer-webm: 4f35f7cbe854078d1ac9338744f61a02 -> 
  custom:container-demuxer-ogg: 62fdf1f143b41e24485cea50d1cbac27 -> 
  custom:video-encoder-webm-vp8: eb34c28f22e8b96e1ab97ce403110664 -> 
  custom:video-codec-MediaFoundation-h265: 746d11721c4dcdbdad8f713fa42b33f4 -> 
  custom:video-decoder-webm-vp8: 9c59270c3fd7afecdb556c50c9e8de78 -> 
  custom:audio-decoder-ogg-vorbis: bf7c407c2cedff20999df2af8eb42d56 -> 
  custom:audio-encoder-webm-vorbis: bf7c407c2cedff20999df2af8eb42d56 -> 
========================================================================
Received Prepare
Registering precompiled user dll's ...
Registered in 0.108297 seconds.
Begin MonoManager ReloadAssembly
Symbol file LoadedFromMemory is not a mono symbol file
Native extension for WindowsStandalone target not found
Refreshing native plugins compatible for Editor in 2.61 ms, found 7 plugins.
Preloading 0 native plugins for Editor in 0.00 ms.
Mono: successfully reloaded assembly
- Completed reload, in  4.723 seconds
Domain Reload Profiling:
	ReloadAssembly (4737ms)
		BeginReloadAssembly (977ms)
			ExecutionOrderSort (0ms)
			DisableScriptedObjects (86ms)
			BackupInstance (0ms)
			ReleaseScriptingObjects (4ms)
			CreateAndSetChildDomain (481ms)
		EndReloadAssembly (3576ms)
			LoadAssemblies (454ms)
			RebuildTransferFunctionScriptingTraits (1ms)
			SetupTypeCache (973ms)
			ReleaseScriptCaches (5ms)
			RebuildScriptCaches (149ms)
			SetupLoadedEditorAssemblies (1409ms)
				LogAssemblyErrors (0ms)
				InitializePlatformSupportModulesInManaged (14ms)
				SetLoadedEditorAssemblies (1ms)
				RefreshPlugins (3ms)
				BeforeProcessingInitializeOnLoad (230ms)
				ProcessInitializeOnLoadAttributes (1120ms)
				ProcessInitializeOnLoadMethodAttributes (34ms)
				AfterProcessingInitializeOnLoad (7ms)
				EditorAssembliesLoaded (1ms)
			ExecutionOrderSort2 (0ms)
			AwakeInstancesAfterBackupRestoration (105ms)
Platform modules already initialized, skipping
Switching build target platform(19) subTarget(0) extendedPlatform(0) -> platform(21) subTarget(0) extendedPlatform(0)
Refreshing native plugins compatible for Editor in 2.10 ms, found 7 plugins.
Preloading 0 native plugins for Editor in 0.00 ms.
Unloading 5309 Unused Serialized files (Serialized files now loaded: 0)
System memory in use before: 331.8 MB.
System memory in use after: 331.0 MB.

Unloading 47 unused Assets to reduce memory usage. Loaded Objects now: 6297.
Total: 13.225700 ms (FindLiveObjects: 0.864500 ms CreateObjectMapping: 0.463400 ms MarkObjects: 9.556700 ms  DeleteObjects: 2.336600 ms)

AssetImportParameters requested are different than current active one (requested -> active):
  custom:framework-win-MediaFoundation: 216162199b28c13a410421893ffa2e32 -> 
  custom:video-decoder-ogg-theora: a1e56fd34408186e4bbccfd4996cb3dc -> 
  custom:container-muxer-webm: aa71ff27fc2769a1b78a27578f13a17b -> 
  custom:container-demuxer-webm: 4f35f7cbe854078d1ac9338744f61a02 -> 
  custom:container-demuxer-ogg: 62fdf1f143b41e24485cea50d1cbac27 -> 
  custom:video-encoder-webm-vp8: eb34c28f22e8b96e1ab97ce403110664 -> 
  custom:video-codec-MediaFoundation-h265: 746d11721c4dcdbdad8f713fa42b33f4 -> 
  custom:video-decoder-webm-vp8: 9c59270c3fd7afecdb556c50c9e8de78 -> 
  custom:audio-decoder-ogg-vorbis: bf7c407c2cedff20999df2af8eb42d56 -> 
  custom:audio-encoder-webm-vorbis: bf7c407c2cedff20999df2af8eb42d56 -> 
========================================================================
Received Import Request.
  Time since last request: 478.649908 seconds.
  path: Assets/PreFabs/ADSdouble.prefab
  artifactKey: Guid(a50f2fb1c75d5884f8767c6df7ce1de7) Importer(815301076,1909f56bfc062723c751e8b465ee728b)
Start importing Assets/PreFabs/ADSdouble.prefab using Guid(a50f2fb1c75d5884f8767c6df7ce1de7) Importer(815301076,1909f56bfc062723c751e8b465ee728b) Launched and connected shader compiler UnityShaderCompiler.exe after 0.17 seconds
Launched and connected shader compiler UnityShaderCompiler.exe after 0.17 seconds
Launched and connected shader compiler UnityShaderCompiler.exe after 0.16 seconds
Launched and connected shader compiler UnityShaderCompiler.exe after 0.29 seconds
Launched and connected shader compiler UnityShaderCompiler.exe after 0.36 seconds
Launched and connected shader compiler UnityShaderCompiler.exe after 0.28 seconds
Launched and connected shader compiler UnityShaderCompiler.exe after 0.20 seconds
 -> (artifact id: '0c8048bdc5a36dfcbfb8500d928c9036') in 8.906647 seconds 
  Import took 9.302796 seconds .

========================================================================
Received Import Request.
  Time since last request: 0.002686 seconds.
  path: Assets/PreFabs/ADStriple.prefab
  artifactKey: Guid(5607b5c0cb344e84ca992eea507cbdb5) Importer(815301076,1909f56bfc062723c751e8b465ee728b)
Start importing Assets/PreFabs/ADStriple.prefab using Guid(5607b5c0cb344e84ca992eea507cbdb5) Importer(815301076,1909f56bfc062723c751e8b465ee728b)  -> (artifact id: '2be554320494aafde3e26f41a113d8e9') in 0.746600 seconds 
  Import took 0.819841 seconds .

========================================================================
Received Import Request.
  Time since last request: 0.000521 seconds.
  path: Assets/PreFabs/ACP 1.prefab
  artifactKey: Guid(58315ce70d4add0479ccc9ec9b85e14d) Importer(815301076,1909f56bfc062723c751e8b465ee728b)
Start importing Assets/PreFabs/ACP 1.prefab using Guid(58315ce70d4add0479ccc9ec9b85e14d) Importer(815301076,1909f56bfc062723c751e8b465ee728b)  -> (artifact id: 'b8efec12cadc7368fb69d3ea4e314abc') in 0.349993 seconds 
  Import took 0.390266 seconds .

========================================================================
Received Import Request.
  Time since last request: 0.000630 seconds.
  path: Assets/PreFabs/DGpallet.prefab
  artifactKey: Guid(e57f509034c74554cbf75dae609c70ae) Importer(815301076,1909f56bfc062723c751e8b465ee728b)
Start importing Assets/PreFabs/DGpallet.prefab using Guid(e57f509034c74554cbf75dae609c70ae) Importer(815301076,1909f56bfc062723c751e8b465ee728b)  -> (artifact id: '450bfa53a25d4c25cf30ace319c44cc2') in 0.358347 seconds 
  Import took 0.394493 seconds .

========================================================================
Received Import Request.
  Time since last request: 0.000840 seconds.
  path: Assets/PreFabs/ACPold.prefab
  artifactKey: Guid(8a411384e95842346aee4a197345d726) Importer(815301076,1909f56bfc062723c751e8b465ee728b)
Start importing Assets/PreFabs/ACPold.prefab using Guid(8a411384e95842346aee4a197345d726) Importer(815301076,1909f56bfc062723c751e8b465ee728b)  -> (artifact id: '547a746c2173987d163c3f5f94803d69') in 0.405669 seconds 
  Import took 0.439393 seconds .

========================================================================
Received Import Request.
  Time since last request: 0.000566 seconds.
  path: Assets/PreFabs/DangerousCrate.prefab
  artifactKey: Guid(6804342c8d6d1314ab3593eab54f3963) Importer(815301076,1909f56bfc062723c751e8b465ee728b)
Start importing Assets/PreFabs/DangerousCrate.prefab using Guid(6804342c8d6d1314ab3593eab54f3963) Importer(815301076,1909f56bfc062723c751e8b465ee728b)  -> (artifact id: '89ad07b67f83a3e8ba128d2d63f74cdc') in 0.225833 seconds 
  Import took 0.257002 seconds .

========================================================================
Received Import Request.
  Time since last request: 0.000544 seconds.
  path: Assets/PreFabs/DGCANVAS.prefab
  artifactKey: Guid(40486c096b6ed774da87b0eda0cabbd7) Importer(815301076,1909f56bfc062723c751e8b465ee728b)
Start importing Assets/PreFabs/DGCANVAS.prefab using Guid(40486c096b6ed774da87b0eda0cabbd7) Importer(815301076,1909f56bfc062723c751e8b465ee728b)  -> (artifact id: 'f08cc372c5def6b3a1b1f9578c801f27') in 0.281606 seconds 
  Import took 0.319060 seconds .

========================================================================
Received Import Request.
  Time since last request: 0.000602 seconds.
  path: Assets/PreFabs/HologramACP 1.prefab
  artifactKey: Guid(48440fd6cebf86942aef386e45507ef1) Importer(815301076,1909f56bfc062723c751e8b465ee728b)
Start importing Assets/PreFabs/HologramACP 1.prefab using Guid(48440fd6cebf86942aef386e45507ef1) Importer(815301076,1909f56bfc062723c751e8b465ee728b)  -> (artifact id: 'b314f9afa04bd02a9ad95fa6752575e0') in 0.488534 seconds 
  Import took 0.530171 seconds .

========================================================================
Received Import Request.
  Time since last request: 0.000694 seconds.
  path: Assets/PreFabs/DGCANVAS 1.prefab
  artifactKey: Guid(d2cad4dffe20313438657b13d78197bd) Importer(815301076,1909f56bfc062723c751e8b465ee728b)
Start importing Assets/PreFabs/DGCANVAS 1.prefab using Guid(d2cad4dffe20313438657b13d78197bd) Importer(815301076,1909f56bfc062723c751e8b465ee728b)  -> (artifact id: '98040ddb067076fd00f6b1e977b9e430') in 0.255928 seconds 
  Import took 0.287247 seconds .

========================================================================
Received Import Request.
  Time since last request: 0.000603 seconds.
  path: Assets/PreFabs/ACPcopy.prefab
  artifactKey: Guid(062b218609c42df40a2c1e23ff53263c) Importer(815301076,1909f56bfc062723c751e8b465ee728b)
Start importing Assets/PreFabs/ACPcopy.prefab using Guid(062b218609c42df40a2c1e23ff53263c) Importer(815301076,1909f56bfc062723c751e8b465ee728b)  -> (artifact id: 'be0c16dc7b0b5fb1f73fd4123a344ff7') in 0.330199 seconds 
  Import took 0.374369 seconds .

========================================================================
Received Import Request.
  Time since last request: 0.000570 seconds.
  path: Assets/PreFabs/ACP.prefab
  artifactKey: Guid(49fa7c2a4e5afef4781d19755e3fe87d) Importer(815301076,1909f56bfc062723c751e8b465ee728b)
Start importing Assets/PreFabs/ACP.prefab using Guid(49fa7c2a4e5afef4781d19755e3fe87d) Importer(815301076,1909f56bfc062723c751e8b465ee728b)  -> (artifact id: '8e3d01d503977d7dc7a4bba62bf3b14e') in 0.324093 seconds 
  Import took 0.365589 seconds .

========================================================================
Received Import Request.
  Time since last request: 0.000650 seconds.
  path: Assets/PreFabs/ADSquad.prefab
  artifactKey: Guid(6c29bc3fb62bbd1438031231cf5b9e0b) Importer(815301076,1909f56bfc062723c751e8b465ee728b)
Start importing Assets/PreFabs/ADSquad.prefab using Guid(6c29bc3fb62bbd1438031231cf5b9e0b) Importer(815301076,1909f56bfc062723c751e8b465ee728b)  -> (artifact id: '26f33e7f209aab1202ef7e6c9bd1eb40') in 0.361089 seconds 
  Import took 0.398352 seconds .

========================================================================
Received Prepare
Registering precompiled user dll's ...
Registered in 0.073633 seconds.
Begin MonoManager ReloadAssembly
