Using pre-set license
Built from '2020.3/release' branch; Version is '2020.3.15f2 (6cf78cb77498) revision 7141260'; Using compiler version '192528614'; Build Type 'Release'
OS: 'Windows 10 Home; OS build 18363.1556; Version 1909; 64bit' Language: 'en' Physical Memory: 7778 MB
BatchMode: 1, IsHumanControllingUs: 0, StartBugReporterOnCrash: 0, Is64bit: 1, IsPro: 0

 COMMAND LINE ARGUMENTS:
C:\Program Files\2020.3.15f2\Editor\Unity.exe
-adb2
-batchMode
-noUpm
-name
AssetImportWorker1
-projectPath
C:/Users/jrbax/OneDrive/Desktop/Air Loading APP (1)
-logFile
Logs/AssetImportWorker1.log
-srvPort
37201
Successfully changed project path to: C:/Users/jrbax/OneDrive/Desktop/Air Loading APP (1)
C:/Users/jrbax/OneDrive/Desktop/Air Loading APP (1)
Using Asset Import Pipeline V2.
Refreshing native plugins compatible for Editor in 238.75 ms, found 7 plugins.
Preloading 0 native plugins for Editor in 0.00 ms.
Initialize engine version: 2020.3.15f2 (6cf78cb77498)
[Subsystems] Discovering subsystems at path C:/Program Files/2020.3.15f2/Editor/Data/Resources/UnitySubsystems
[Subsystems] Discovering subsystems at path C:/Users/jrbax/OneDrive/Desktop/Air Loading APP (1)/Assets
GfxDevice: creating device client; threaded=0
Direct3D:
    Version:  Direct3D 11.0 [level 11.1]
    Renderer: Intel(R) Iris(R) Plus Graphics (ID=0x8a5a)
    Vendor:   
    VRAM:     3889 MB
    Driver:   27.20.100.9621
Initialize mono
Mono path[0] = 'C:/Program Files/2020.3.15f2/Editor/Data/Managed'
Mono path[1] = 'C:/Program Files/2020.3.15f2/Editor/Data/MonoBleedingEdge/lib/mono/unityjit'
Mono config path = 'C:/Program Files/2020.3.15f2/Editor/Data/MonoBleedingEdge/etc'
Using monoOptions --debugger-agent=transport=dt_socket,embedding=1,server=y,suspend=n,address=127.0.0.1:56232
Begin MonoManager ReloadAssembly
Registering precompiled unity dll's ...
Register platform support module: C:/Program Files/2020.3.15f2/Editor/Data/PlaybackEngines/WindowsStandaloneSupport/UnityEditor.WindowsStandalone.Extensions.dll
Registered in 0.006667 seconds.
Native extension for WindowsStandalone target not found
Refreshing native plugins compatible for Editor in 258.61 ms, found 7 plugins.
Preloading 0 native plugins for Editor in 0.00 ms.
Mono: successfully reloaded assembly
- Completed reload, in  4.923 seconds
Domain Reload Profiling:
	ReloadAssembly (4926ms)
		BeginReloadAssembly (75ms)
			ExecutionOrderSort (0ms)
			DisableScriptedObjects (0ms)
			BackupInstance (0ms)
			ReleaseScriptingObjects (0ms)
			CreateAndSetChildDomain (3ms)
		EndReloadAssembly (2855ms)
			LoadAssemblies (71ms)
			RebuildTransferFunctionScriptingTraits (1ms)
			SetupTypeCache (218ms)
			ReleaseScriptCaches (0ms)
			RebuildScriptCaches (167ms)
			SetupLoadedEditorAssemblies (660ms)
				LogAssemblyErrors (0ms)
				InitializePlatformSupportModulesInManaged (180ms)
				SetLoadedEditorAssemblies (0ms)
				RefreshPlugins (259ms)
				BeforeProcessingInitializeOnLoad (34ms)
				ProcessInitializeOnLoadAttributes (137ms)
				ProcessInitializeOnLoadMethodAttributes (47ms)
				AfterProcessingInitializeOnLoad (0ms)
				EditorAssembliesLoaded (3ms)
			ExecutionOrderSort2 (0ms)
			AwakeInstancesAfterBackupRestoration (0ms)
Platform modules already initialized, skipping
Registering precompiled user dll's ...
Registered in 0.063174 seconds.
Begin MonoManager ReloadAssembly
Symbol file LoadedFromMemory is not a mono symbol file
Native extension for WindowsStandalone target not found
Refreshing native plugins compatible for Editor in 220.91 ms, found 7 plugins.
Preloading 0 native plugins for Editor in 0.00 ms.
Mono: successfully reloaded assembly
- Completed reload, in  3.720 seconds
Domain Reload Profiling:
	ReloadAssembly (3723ms)
		BeginReloadAssembly (177ms)
			ExecutionOrderSort (0ms)
			DisableScriptedObjects (6ms)
			BackupInstance (0ms)
			ReleaseScriptingObjects (0ms)
			CreateAndSetChildDomain (22ms)
		EndReloadAssembly (3468ms)
			LoadAssemblies (181ms)
			RebuildTransferFunctionScriptingTraits (0ms)
			SetupTypeCache (694ms)
			ReleaseScriptCaches (1ms)
			RebuildScriptCaches (142ms)
			SetupLoadedEditorAssemblies (2182ms)
				LogAssemblyErrors (0ms)
				InitializePlatformSupportModulesInManaged (6ms)
				SetLoadedEditorAssemblies (0ms)
				RefreshPlugins (310ms)
				BeforeProcessingInitializeOnLoad (366ms)
				ProcessInitializeOnLoadAttributes (864ms)
				ProcessInitializeOnLoadMethodAttributes (628ms)
				AfterProcessingInitializeOnLoad (7ms)
				EditorAssembliesLoaded (0ms)
			ExecutionOrderSort2 (0ms)
			AwakeInstancesAfterBackupRestoration (10ms)
Platform modules already initialized, skipping
========================================================================
Worker process is ready to serve import requests
Launched and connected shader compiler UnityShaderCompiler.exe after 0.09 seconds
Refreshing native plugins compatible for Editor in 2.47 ms, found 7 plugins.
Preloading 0 native plugins for Editor in 0.00 ms.
Unloading 5698 Unused Serialized files (Serialized files now loaded: 0)
System memory in use before: 352.3 MB.
System memory in use after: 351.6 MB.

Unloading 54 unused Assets to reduce memory usage. Loaded Objects now: 6229.
Total: 12.258900 ms (FindLiveObjects: 0.798800 ms CreateObjectMapping: 0.377600 ms MarkObjects: 9.415400 ms  DeleteObjects: 1.663200 ms)

AssetImportParameters requested are different than current active one (requested -> active):
  custom:framework-win-MediaFoundation: 216162199b28c13a410421893ffa2e32 -> 
  custom:video-decoder-ogg-theora: a1e56fd34408186e4bbccfd4996cb3dc -> 
  custom:container-muxer-webm: aa71ff27fc2769a1b78a27578f13a17b -> 
  custom:container-demuxer-webm: 4f35f7cbe854078d1ac9338744f61a02 -> 
  custom:container-demuxer-ogg: 62fdf1f143b41e24485cea50d1cbac27 -> 
  custom:video-encoder-webm-vp8: eb34c28f22e8b96e1ab97ce403110664 -> 
  custom:video-codec-MediaFoundation-h265: 746d11721c4dcdbdad8f713fa42b33f4 -> 
  custom:video-decoder-webm-vp8: 9c59270c3fd7afecdb556c50c9e8de78 -> 
  custom:audio-decoder-ogg-vorbis: bf7c407c2cedff20999df2af8eb42d56 -> 
  custom:audio-encoder-webm-vorbis: bf7c407c2cedff20999df2af8eb42d56 -> 
========================================================================
Received Import Request.
  path: Assets/Scripts/Clipboard.cs
  artifactKey: Guid(6757e6a10fb18d24e89219fe2480a8a4) Importer(815301076,1909f56bfc062723c751e8b465ee728b)
Start importing Assets/Scripts/Clipboard.cs using Guid(6757e6a10fb18d24e89219fe2480a8a4) Importer(815301076,1909f56bfc062723c751e8b465ee728b)  -> (artifact id: '985108c0afa21a963e19e22009f1c8ac') in 0.050791 seconds 
  Import took 0.069170 seconds .

========================================================================
Received Import Request.
  Time since last request: 180.185993 seconds.
  path: Assets/Scripts/Clipboard.cs
  artifactKey: Guid(6757e6a10fb18d24e89219fe2480a8a4) Importer(815301076,1909f56bfc062723c751e8b465ee728b)
Start importing Assets/Scripts/Clipboard.cs using Guid(6757e6a10fb18d24e89219fe2480a8a4) Importer(815301076,1909f56bfc062723c751e8b465ee728b)  -> (artifact id: 'e9fbe79453c17c28dc9b6fe5cf38add2') in 0.034273 seconds 
  Import took 0.212218 seconds .

========================================================================
Received Import Request.
  Time since last request: 196.115565 seconds.
  path: Assets/Scripts/Clipboard.cs
  artifactKey: Guid(6757e6a10fb18d24e89219fe2480a8a4) Importer(815301076,1909f56bfc062723c751e8b465ee728b)
Start importing Assets/Scripts/Clipboard.cs using Guid(6757e6a10fb18d24e89219fe2480a8a4) Importer(815301076,1909f56bfc062723c751e8b465ee728b)  -> (artifact id: '648192ed09a40aeecbe016bb61711deb') in 0.012483 seconds 
  Import took 0.034342 seconds .

========================================================================
Received Import Request.
  Time since last request: 349.681710 seconds.
  path: Assets/Scripts/Clipboard.cs
  artifactKey: Guid(6757e6a10fb18d24e89219fe2480a8a4) Importer(815301076,1909f56bfc062723c751e8b465ee728b)
Start importing Assets/Scripts/Clipboard.cs using Guid(6757e6a10fb18d24e89219fe2480a8a4) Importer(815301076,1909f56bfc062723c751e8b465ee728b)  -> (artifact id: '1786f866d97af778beb81fa226f966e9') in 0.014621 seconds 
  Import took 0.054708 seconds .

========================================================================
Received Import Request.
  Time since last request: 45.357573 seconds.
  path: Assets/Scripts/NotocLineBtn.cs
  artifactKey: Guid(8738c53a91cf6ae41a7437ff6107aeb1) Importer(815301076,1909f56bfc062723c751e8b465ee728b)
Start importing Assets/Scripts/NotocLineBtn.cs using Guid(8738c53a91cf6ae41a7437ff6107aeb1) Importer(815301076,1909f56bfc062723c751e8b465ee728b)  -> (artifact id: 'febf5c5f394e86ec576b8efb69b5c8a5') in 0.035279 seconds 
  Import took 0.072748 seconds .

========================================================================
Received Import Request.
  Time since last request: 634.392174 seconds.
  path: Assets/Scripts/NotocLineBtn.cs
  artifactKey: Guid(8738c53a91cf6ae41a7437ff6107aeb1) Importer(815301076,1909f56bfc062723c751e8b465ee728b)
Start importing Assets/Scripts/NotocLineBtn.cs using Guid(8738c53a91cf6ae41a7437ff6107aeb1) Importer(815301076,1909f56bfc062723c751e8b465ee728b)  -> (artifact id: '602fa9fb32a1a9541afdc096f59af565') in 0.046529 seconds 
  Import took 0.116269 seconds .

========================================================================
Received Import Request.
  Time since last request: 188.253535 seconds.
  path: Assets/Scripts/NotocLineBtn.cs
  artifactKey: Guid(8738c53a91cf6ae41a7437ff6107aeb1) Importer(815301076,1909f56bfc062723c751e8b465ee728b)
Start importing Assets/Scripts/NotocLineBtn.cs using Guid(8738c53a91cf6ae41a7437ff6107aeb1) Importer(815301076,1909f56bfc062723c751e8b465ee728b)  -> (artifact id: '460aa84dfefd51b2d27fa8913c3d17fa') in 0.012402 seconds 
  Import took 0.055758 seconds .

========================================================================
Received Import Request.
  Time since last request: 81.589316 seconds.
  path: Assets/Scripts/NotocLineBtn.cs
  artifactKey: Guid(8738c53a91cf6ae41a7437ff6107aeb1) Importer(815301076,1909f56bfc062723c751e8b465ee728b)
Start importing Assets/Scripts/NotocLineBtn.cs using Guid(8738c53a91cf6ae41a7437ff6107aeb1) Importer(815301076,1909f56bfc062723c751e8b465ee728b)  -> (artifact id: '6dbacf60fe6660d6d8ede4807ea4cd14') in 0.012127 seconds 
  Import took 0.071857 seconds .

========================================================================
Received Import Request.
  Time since last request: 336.558430 seconds.
  path: Assets/Scripts/NotocLineBtn.cs
  artifactKey: Guid(8738c53a91cf6ae41a7437ff6107aeb1) Importer(815301076,1909f56bfc062723c751e8b465ee728b)
Start importing Assets/Scripts/NotocLineBtn.cs using Guid(8738c53a91cf6ae41a7437ff6107aeb1) Importer(815301076,1909f56bfc062723c751e8b465ee728b)  -> (artifact id: 'ed5156bac57d6def49f0675d9dde3edb') in 0.008983 seconds 
  Import took 0.053048 seconds .

========================================================================
Received Import Request.
  Time since last request: 1236.685760 seconds.
  path: Assets/Scripts/NotocLineBtn.cs
  artifactKey: Guid(8738c53a91cf6ae41a7437ff6107aeb1) Importer(815301076,1909f56bfc062723c751e8b465ee728b)
Start importing Assets/Scripts/NotocLineBtn.cs using Guid(8738c53a91cf6ae41a7437ff6107aeb1) Importer(815301076,1909f56bfc062723c751e8b465ee728b)  -> (artifact id: '2838ef842fca8e8e0fba86f0c0bf8bd2') in 0.018133 seconds 
  Import took 0.130690 seconds .

