Using pre-set license
Built from '2020.3/release' branch; Version is '2020.3.15f2 (6cf78cb77498) revision 7141260'; Using compiler version '192528614'; Build Type 'Release'
OS: 'Windows 10 Home; OS build 18363.1556; Version 1909; 64bit' Language: 'en' Physical Memory: 7778 MB
BatchMode: 1, IsHumanControllingUs: 0, StartBugReporterOnCrash: 0, Is64bit: 1, IsPro: 0

 COMMAND LINE ARGUMENTS:
C:\Program Files\2020.3.15f2\Editor\Unity.exe
-adb2
-batchMode
-noUpm
-name
AssetImportWorker2
-projectPath
C:/Users/jrbax/OneDrive/Desktop/Air Loading APP (1)
-logFile
Logs/AssetImportWorker2.log
-srvPort
55313
Successfully changed project path to: C:/Users/jrbax/OneDrive/Desktop/Air Loading APP (1)
C:/Users/jrbax/OneDrive/Desktop/Air Loading APP (1)
Using Asset Import Pipeline V2.
Refreshing native plugins compatible for Editor in 1138.54 ms, found 7 plugins.
Preloading 0 native plugins for Editor in 0.00 ms.
Initialize engine version: 2020.3.15f2 (6cf78cb77498)
[Subsystems] Discovering subsystems at path C:/Program Files/2020.3.15f2/Editor/Data/Resources/UnitySubsystems
[Subsystems] Discovering subsystems at path C:/Users/jrbax/OneDrive/Desktop/Air Loading APP (1)/Assets
GfxDevice: creating device client; threaded=0
Direct3D:
    Version:  Direct3D 11.0 [level 11.1]
    Renderer: Intel(R) Iris(R) Plus Graphics (ID=0x8a5a)
    Vendor:   
    VRAM:     3889 MB
    Driver:   27.20.100.9621
Initialize mono
Mono path[0] = 'C:/Program Files/2020.3.15f2/Editor/Data/Managed'
Mono path[1] = 'C:/Program Files/2020.3.15f2/Editor/Data/MonoBleedingEdge/lib/mono/unityjit'
Mono config path = 'C:/Program Files/2020.3.15f2/Editor/Data/MonoBleedingEdge/etc'
Using monoOptions --debugger-agent=transport=dt_socket,embedding=1,server=y,suspend=n,address=127.0.0.1:56992
Begin MonoManager ReloadAssembly
Registering precompiled unity dll's ...
Register platform support module: C:/Program Files/2020.3.15f2/Editor/Data/PlaybackEngines/WindowsStandaloneSupport/UnityEditor.WindowsStandalone.Extensions.dll
Registered in 0.003693 seconds.
Native extension for WindowsStandalone target not found
Refreshing native plugins compatible for Editor in 286.25 ms, found 7 plugins.
Preloading 0 native plugins for Editor in 0.00 ms.
Mono: successfully reloaded assembly
- Completed reload, in  7.416 seconds
Domain Reload Profiling:
	ReloadAssembly (7417ms)
		BeginReloadAssembly (326ms)
			ExecutionOrderSort (0ms)
			DisableScriptedObjects (0ms)
			BackupInstance (0ms)
			ReleaseScriptingObjects (0ms)
			CreateAndSetChildDomain (3ms)
		EndReloadAssembly (1118ms)
			LoadAssemblies (316ms)
			RebuildTransferFunctionScriptingTraits (0ms)
			SetupTypeCache (289ms)
			ReleaseScriptCaches (0ms)
			RebuildScriptCaches (64ms)
			SetupLoadedEditorAssemblies (614ms)
				LogAssemblyErrors (0ms)
				InitializePlatformSupportModulesInManaged (10ms)
				SetLoadedEditorAssemblies (0ms)
				RefreshPlugins (286ms)
				BeforeProcessingInitializeOnLoad (29ms)
				ProcessInitializeOnLoadAttributes (216ms)
				ProcessInitializeOnLoadMethodAttributes (71ms)
				AfterProcessingInitializeOnLoad (0ms)
				EditorAssembliesLoaded (0ms)
			ExecutionOrderSort2 (0ms)
			AwakeInstancesAfterBackupRestoration (0ms)
Platform modules already initialized, skipping
Registering precompiled user dll's ...
Registered in 0.036781 seconds.
Begin MonoManager ReloadAssembly
Symbol file LoadedFromMemory is not a mono symbol file
Native extension for WindowsStandalone target not found
Refreshing native plugins compatible for Editor in 450.60 ms, found 7 plugins.
Preloading 0 native plugins for Editor in 0.00 ms.
Mono: successfully reloaded assembly
- Completed reload, in  7.329 seconds
Domain Reload Profiling:
	ReloadAssembly (7338ms)
		BeginReloadAssembly (335ms)
			ExecutionOrderSort (0ms)
			DisableScriptedObjects (16ms)
			BackupInstance (0ms)
			ReleaseScriptingObjects (0ms)
			CreateAndSetChildDomain (34ms)
		EndReloadAssembly (6827ms)
			LoadAssemblies (254ms)
			RebuildTransferFunctionScriptingTraits (0ms)
			SetupTypeCache (897ms)
			ReleaseScriptCaches (1ms)
			RebuildScriptCaches (328ms)
			SetupLoadedEditorAssemblies (4465ms)
				LogAssemblyErrors (0ms)
				InitializePlatformSupportModulesInManaged (9ms)
				SetLoadedEditorAssemblies (1ms)
				RefreshPlugins (451ms)
				BeforeProcessingInitializeOnLoad (550ms)
				ProcessInitializeOnLoadAttributes (1471ms)
				ProcessInitializeOnLoadMethodAttributes (1938ms)
				AfterProcessingInitializeOnLoad (44ms)
				EditorAssembliesLoaded (3ms)
			ExecutionOrderSort2 (0ms)
			AwakeInstancesAfterBackupRestoration (50ms)
Platform modules already initialized, skipping
========================================================================
Worker process is ready to serve import requests
Launched and connected shader compiler UnityShaderCompiler.exe after 0.21 seconds
Refreshing native plugins compatible for Editor in 3.50 ms, found 7 plugins.
Preloading 0 native plugins for Editor in 0.00 ms.
Unloading 5756 Unused Serialized files (Serialized files now loaded: 0)
System memory in use before: 357.8 MB.
System memory in use after: 357.0 MB.

Unloading 54 unused Assets to reduce memory usage. Loaded Objects now: 6287.
Total: 19.735100 ms (FindLiveObjects: 2.082500 ms CreateObjectMapping: 0.656300 ms MarkObjects: 13.564800 ms  DeleteObjects: 3.425800 ms)

AssetImportParameters requested are different than current active one (requested -> active):
  custom:framework-win-MediaFoundation: 216162199b28c13a410421893ffa2e32 -> 
  custom:video-decoder-ogg-theora: a1e56fd34408186e4bbccfd4996cb3dc -> 
  custom:container-muxer-webm: aa71ff27fc2769a1b78a27578f13a17b -> 
  custom:container-demuxer-webm: 4f35f7cbe854078d1ac9338744f61a02 -> 
  custom:container-demuxer-ogg: 62fdf1f143b41e24485cea50d1cbac27 -> 
  custom:video-encoder-webm-vp8: eb34c28f22e8b96e1ab97ce403110664 -> 
  custom:video-codec-MediaFoundation-h265: 746d11721c4dcdbdad8f713fa42b33f4 -> 
  custom:video-decoder-webm-vp8: 9c59270c3fd7afecdb556c50c9e8de78 -> 
  custom:audio-decoder-ogg-vorbis: bf7c407c2cedff20999df2af8eb42d56 -> 
  custom:audio-encoder-webm-vorbis: bf7c407c2cedff20999df2af8eb42d56 -> 
========================================================================
Received Import Request.
  path: Assets/PreFabs/TRIPLEADS.prefab
  artifactKey: Guid(6fbf51053f00d9c44af25a5b6f6d9646) Importer(815301076,1909f56bfc062723c751e8b465ee728b)
Start importing Assets/PreFabs/TRIPLEADS.prefab using Guid(6fbf51053f00d9c44af25a5b6f6d9646) Importer(815301076,1909f56bfc062723c751e8b465ee728b) Launched and connected shader compiler UnityShaderCompiler.exe after 0.26 seconds
Launched and connected shader compiler UnityShaderCompiler.exe after 0.14 seconds
Launched and connected shader compiler UnityShaderCompiler.exe after 0.17 seconds
Launched and connected shader compiler UnityShaderCompiler.exe after 0.17 seconds
Launched and connected shader compiler UnityShaderCompiler.exe after 0.19 seconds
Launched and connected shader compiler UnityShaderCompiler.exe after 0.20 seconds
Launched and connected shader compiler UnityShaderCompiler.exe after 0.24 seconds
 -> (artifact id: 'cbb598ddebb310a02a28a7318a4da26c') in 7.548174 seconds 
  Import took 7.658575 seconds .

========================================================================
Received Import Request.
  Time since last request: 0.003045 seconds.
  path: Assets/PreFabs/QUADLOGS.prefab
  artifactKey: Guid(546ccaee6320be94c8bc4fdc99041ff9) Importer(815301076,1909f56bfc062723c751e8b465ee728b)
Start importing Assets/PreFabs/QUADLOGS.prefab using Guid(546ccaee6320be94c8bc4fdc99041ff9) Importer(815301076,1909f56bfc062723c751e8b465ee728b)  -> (artifact id: '64da9796a822790c688db448e3c6b7c9') in 0.517717 seconds 
  Import took 0.657603 seconds .

========================================================================
Received Import Request.
  Time since last request: 0.000830 seconds.
  path: Assets/PreFabs/TRIPLELOGS.prefab
  artifactKey: Guid(02209efed9582f147a029faad2c45996) Importer(815301076,1909f56bfc062723c751e8b465ee728b)
Start importing Assets/PreFabs/TRIPLELOGS.prefab using Guid(02209efed9582f147a029faad2c45996) Importer(815301076,1909f56bfc062723c751e8b465ee728b)  -> (artifact id: 'f1767c24c020fb72139fe97c17285984') in 0.505211 seconds 
  Import took 0.582656 seconds .

========================================================================
Received Import Request.
  Time since last request: 0.012733 seconds.
  path: Assets/PreFabs/QUADLOGSbase.prefab
  artifactKey: Guid(d0707e9f4edd0414a8061d85382b2346) Importer(815301076,1909f56bfc062723c751e8b465ee728b)
Start importing Assets/PreFabs/QUADLOGSbase.prefab using Guid(d0707e9f4edd0414a8061d85382b2346) Importer(815301076,1909f56bfc062723c751e8b465ee728b)  -> (artifact id: 'bcce410653d7a9697e1fa8cef900ea89') in 0.871332 seconds 
  Import took 1.132881 seconds .

========================================================================
Received Import Request.
  Time since last request: 15.755251 seconds.
  path: Assets/PreFabs/QUADLOGSbase.prefab
  artifactKey: Guid(d0707e9f4edd0414a8061d85382b2346) Importer(815301076,1909f56bfc062723c751e8b465ee728b)
Start importing Assets/PreFabs/QUADLOGSbase.prefab using Guid(d0707e9f4edd0414a8061d85382b2346) Importer(815301076,1909f56bfc062723c751e8b465ee728b)  -> (artifact id: 'a70b1fe319ad38645e716ca1ea274bb5') in 0.230462 seconds 
  Import took 0.264398 seconds .

========================================================================
Received Import Request.
  Time since last request: 23.038076 seconds.
  path: Assets/PreFabs/QUADLOGSbase.prefab
  artifactKey: Guid(d0707e9f4edd0414a8061d85382b2346) Importer(815301076,1909f56bfc062723c751e8b465ee728b)
Start importing Assets/PreFabs/QUADLOGSbase.prefab using Guid(d0707e9f4edd0414a8061d85382b2346) Importer(815301076,1909f56bfc062723c751e8b465ee728b)  -> (artifact id: 'ba33b83e88ae0bb5fb5ca2f835e3b03f') in 0.328171 seconds 
  Import took 0.365182 seconds .

========================================================================
Received Import Request.
  Time since last request: 13.541384 seconds.
  path: Assets/PreFabs/QUADLOGSbase.prefab
  artifactKey: Guid(d0707e9f4edd0414a8061d85382b2346) Importer(815301076,1909f56bfc062723c751e8b465ee728b)
Start importing Assets/PreFabs/QUADLOGSbase.prefab using Guid(d0707e9f4edd0414a8061d85382b2346) Importer(815301076,1909f56bfc062723c751e8b465ee728b)  -> (artifact id: 'e3ecdbc9323774be42bb12299b244504') in 0.217890 seconds 
  Import took 0.248454 seconds .

========================================================================
Received Import Request.
  Time since last request: 6.545018 seconds.
  path: Assets/PreFabs/QUADLOGSbase.prefab
  artifactKey: Guid(d0707e9f4edd0414a8061d85382b2346) Importer(815301076,1909f56bfc062723c751e8b465ee728b)
Start importing Assets/PreFabs/QUADLOGSbase.prefab using Guid(d0707e9f4edd0414a8061d85382b2346) Importer(815301076,1909f56bfc062723c751e8b465ee728b)  -> (artifact id: '3618c9cc954db383d60af7f830ff7c9d') in 0.265536 seconds 
  Import took 0.307076 seconds .

========================================================================
Received Import Request.
  Time since last request: 6.187466 seconds.
  path: Assets/PreFabs/QUADLOGSbase.prefab
  artifactKey: Guid(d0707e9f4edd0414a8061d85382b2346) Importer(815301076,1909f56bfc062723c751e8b465ee728b)
Start importing Assets/PreFabs/QUADLOGSbase.prefab using Guid(d0707e9f4edd0414a8061d85382b2346) Importer(815301076,1909f56bfc062723c751e8b465ee728b)  -> (artifact id: '70b75399fb5482bb8879384de30e061c') in 0.285015 seconds 
  Import took 0.334258 seconds .

========================================================================
Received Import Request.
  Time since last request: 4.384537 seconds.
  path: Assets/PreFabs/QUADLOGSbase.prefab
  artifactKey: Guid(d0707e9f4edd0414a8061d85382b2346) Importer(815301076,1909f56bfc062723c751e8b465ee728b)
Start importing Assets/PreFabs/QUADLOGSbase.prefab using Guid(d0707e9f4edd0414a8061d85382b2346) Importer(815301076,1909f56bfc062723c751e8b465ee728b)  -> (artifact id: '6e35d8367291762f7642fd473af42525') in 0.198231 seconds 
  Import took 0.235101 seconds .

========================================================================
Received Prepare
Registering precompiled user dll's ...
Registered in 0.106648 seconds.
Begin MonoManager ReloadAssembly
Symbol file LoadedFromMemory is not a mono symbol file
Native extension for WindowsStandalone target not found
Refreshing native plugins compatible for Editor in 5.96 ms, found 7 plugins.
Preloading 0 native plugins for Editor in 0.00 ms.
Mono: successfully reloaded assembly
- Completed reload, in  8.016 seconds
Domain Reload Profiling:
	ReloadAssembly (8033ms)
		BeginReloadAssembly (2441ms)
			ExecutionOrderSort (0ms)
			DisableScriptedObjects (536ms)
			BackupInstance (0ms)
			ReleaseScriptingObjects (3ms)
			CreateAndSetChildDomain (1306ms)
		EndReloadAssembly (5353ms)
			LoadAssemblies (667ms)
			RebuildTransferFunctionScriptingTraits (5ms)
			SetupTypeCache (1385ms)
			ReleaseScriptCaches (7ms)
			RebuildScriptCaches (280ms)
			SetupLoadedEditorAssemblies (1926ms)
				LogAssemblyErrors (0ms)
				InitializePlatformSupportModulesInManaged (17ms)
				SetLoadedEditorAssemblies (2ms)
				RefreshPlugins (6ms)
				BeforeProcessingInitializeOnLoad (283ms)
				ProcessInitializeOnLoadAttributes (1567ms)
				ProcessInitializeOnLoadMethodAttributes (39ms)
				AfterProcessingInitializeOnLoad (11ms)
				EditorAssembliesLoaded (1ms)
			ExecutionOrderSort2 (0ms)
			AwakeInstancesAfterBackupRestoration (70ms)
Platform modules already initialized, skipping
Switching build target platform(19) subTarget(0) extendedPlatform(0) -> platform(21) subTarget(0) extendedPlatform(0)
Refreshing native plugins compatible for Editor in 8.34 ms, found 7 plugins.
Preloading 0 native plugins for Editor in 0.00 ms.
Unloading 5317 Unused Serialized files (Serialized files now loaded: 0)
System memory in use before: 339.6 MB.
System memory in use after: 339.0 MB.

Unloading 47 unused Assets to reduce memory usage. Loaded Objects now: 6421.
Total: 84.372900 ms (FindLiveObjects: 10.204500 ms CreateObjectMapping: 2.107200 ms MarkObjects: 52.018700 ms  DeleteObjects: 19.584300 ms)

AssetImportParameters requested are different than current active one (requested -> active):
  custom:framework-win-MediaFoundation: 216162199b28c13a410421893ffa2e32 -> 
  custom:video-decoder-ogg-theora: a1e56fd34408186e4bbccfd4996cb3dc -> 
  custom:container-muxer-webm: aa71ff27fc2769a1b78a27578f13a17b -> 
  custom:container-demuxer-webm: 4f35f7cbe854078d1ac9338744f61a02 -> 
  custom:container-demuxer-ogg: 62fdf1f143b41e24485cea50d1cbac27 -> 
  custom:video-encoder-webm-vp8: eb34c28f22e8b96e1ab97ce403110664 -> 
  custom:video-codec-MediaFoundation-h265: 746d11721c4dcdbdad8f713fa42b33f4 -> 
  custom:video-decoder-webm-vp8: 9c59270c3fd7afecdb556c50c9e8de78 -> 
  custom:audio-decoder-ogg-vorbis: bf7c407c2cedff20999df2af8eb42d56 -> 
  custom:audio-encoder-webm-vorbis: bf7c407c2cedff20999df2af8eb42d56 -> 
========================================================================
Received Prepare
Registering precompiled user dll's ...
Registered in 0.119665 seconds.
Begin MonoManager ReloadAssembly
Symbol file LoadedFromMemory is not a mono symbol file
Native extension for WindowsStandalone target not found
Refreshing native plugins compatible for Editor in 15.62 ms, found 7 plugins.
Preloading 0 native plugins for Editor in 0.00 ms.
Mono: successfully reloaded assembly
- Completed reload, in  5.701 seconds
Domain Reload Profiling:
	ReloadAssembly (5726ms)
		BeginReloadAssembly (854ms)
			ExecutionOrderSort (6ms)
			DisableScriptedObjects (103ms)
			BackupInstance (0ms)
			ReleaseScriptingObjects (6ms)
			CreateAndSetChildDomain (381ms)
		EndReloadAssembly (4632ms)
			LoadAssemblies (503ms)
			RebuildTransferFunctionScriptingTraits (2ms)
			SetupTypeCache (1217ms)
			ReleaseScriptCaches (17ms)
			RebuildScriptCaches (196ms)
			SetupLoadedEditorAssemblies (1872ms)
				LogAssemblyErrors (0ms)
				InitializePlatformSupportModulesInManaged (18ms)
				SetLoadedEditorAssemblies (3ms)
				RefreshPlugins (17ms)
				BeforeProcessingInitializeOnLoad (320ms)
				ProcessInitializeOnLoadAttributes (1457ms)
				ProcessInitializeOnLoadMethodAttributes (41ms)
				AfterProcessingInitializeOnLoad (13ms)
				EditorAssembliesLoaded (2ms)
			ExecutionOrderSort2 (0ms)
			AwakeInstancesAfterBackupRestoration (101ms)
Platform modules already initialized, skipping
Switching build target platform(19) subTarget(0) extendedPlatform(0) -> platform(21) subTarget(0) extendedPlatform(0)
Refreshing native plugins compatible for Editor in 5.13 ms, found 7 plugins.
Preloading 0 native plugins for Editor in 0.00 ms.
Unloading 5305 Unused Serialized files (Serialized files now loaded: 0)
System memory in use before: 339.3 MB.
System memory in use after: 338.6 MB.

Unloading 47 unused Assets to reduce memory usage. Loaded Objects now: 6424.
Total: 19.473400 ms (FindLiveObjects: 1.672100 ms CreateObjectMapping: 1.275400 ms MarkObjects: 13.176900 ms  DeleteObjects: 3.343400 ms)

AssetImportParameters requested are different than current active one (requested -> active):
  custom:framework-win-MediaFoundation: 216162199b28c13a410421893ffa2e32 -> 
  custom:video-decoder-ogg-theora: a1e56fd34408186e4bbccfd4996cb3dc -> 
  custom:container-muxer-webm: aa71ff27fc2769a1b78a27578f13a17b -> 
  custom:container-demuxer-webm: 4f35f7cbe854078d1ac9338744f61a02 -> 
  custom:container-demuxer-ogg: 62fdf1f143b41e24485cea50d1cbac27 -> 
  custom:video-encoder-webm-vp8: eb34c28f22e8b96e1ab97ce403110664 -> 
  custom:video-codec-MediaFoundation-h265: 746d11721c4dcdbdad8f713fa42b33f4 -> 
  custom:video-decoder-webm-vp8: 9c59270c3fd7afecdb556c50c9e8de78 -> 
  custom:audio-decoder-ogg-vorbis: bf7c407c2cedff20999df2af8eb42d56 -> 
  custom:audio-encoder-webm-vorbis: bf7c407c2cedff20999df2af8eb42d56 -> 
========================================================================
Received Prepare
Registering precompiled user dll's ...
Registered in 0.074751 seconds.
Begin MonoManager ReloadAssembly
Symbol file LoadedFromMemory is not a mono symbol file
Native extension for WindowsStandalone target not found
Refreshing native plugins compatible for Editor in 7.58 ms, found 7 plugins.
Preloading 0 native plugins for Editor in 0.00 ms.
Mono: successfully reloaded assembly
- Completed reload, in 17.030 seconds
Domain Reload Profiling:
	ReloadAssembly (17083ms)
		BeginReloadAssembly (1047ms)
			ExecutionOrderSort (1ms)
			DisableScriptedObjects (115ms)
			BackupInstance (0ms)
			ReleaseScriptingObjects (2ms)
			CreateAndSetChildDomain (542ms)
		EndReloadAssembly (15785ms)
			LoadAssemblies (2448ms)
			RebuildTransferFunctionScriptingTraits (2ms)
			SetupTypeCache (5625ms)
			ReleaseScriptCaches (9ms)
			RebuildScriptCaches (428ms)
			SetupLoadedEditorAssemblies (3819ms)
				LogAssemblyErrors (0ms)
				InitializePlatformSupportModulesInManaged (22ms)
				SetLoadedEditorAssemblies (3ms)
				RefreshPlugins (9ms)
				BeforeProcessingInitializeOnLoad (490ms)
				ProcessInitializeOnLoadAttributes (3239ms)
				ProcessInitializeOnLoadMethodAttributes (41ms)
				AfterProcessingInitializeOnLoad (13ms)
				EditorAssembliesLoaded (3ms)
			ExecutionOrderSort2 (0ms)
			AwakeInstancesAfterBackupRestoration (105ms)
Platform modules already initialized, skipping
Switching build target platform(19) subTarget(0) extendedPlatform(0) -> platform(21) subTarget(0) extendedPlatform(0)
Refreshing native plugins compatible for Editor in 4.87 ms, found 7 plugins.
Preloading 0 native plugins for Editor in 0.00 ms.
Unloading 5305 Unused Serialized files (Serialized files now loaded: 0)
System memory in use before: 339.4 MB.
System memory in use after: 338.6 MB.

Unloading 47 unused Assets to reduce memory usage. Loaded Objects now: 6427.
Total: 38.092000 ms (FindLiveObjects: 2.323700 ms CreateObjectMapping: 1.304200 ms MarkObjects: 31.281100 ms  DeleteObjects: 3.174700 ms)

AssetImportParameters requested are different than current active one (requested -> active):
  custom:framework-win-MediaFoundation: 216162199b28c13a410421893ffa2e32 -> 
  custom:video-decoder-ogg-theora: a1e56fd34408186e4bbccfd4996cb3dc -> 
  custom:container-muxer-webm: aa71ff27fc2769a1b78a27578f13a17b -> 
  custom:container-demuxer-webm: 4f35f7cbe854078d1ac9338744f61a02 -> 
  custom:container-demuxer-ogg: 62fdf1f143b41e24485cea50d1cbac27 -> 
  custom:video-encoder-webm-vp8: eb34c28f22e8b96e1ab97ce403110664 -> 
  custom:video-codec-MediaFoundation-h265: 746d11721c4dcdbdad8f713fa42b33f4 -> 
  custom:video-decoder-webm-vp8: 9c59270c3fd7afecdb556c50c9e8de78 -> 
  custom:audio-decoder-ogg-vorbis: bf7c407c2cedff20999df2af8eb42d56 -> 
  custom:audio-encoder-webm-vorbis: bf7c407c2cedff20999df2af8eb42d56 -> 
========================================================================
Received Prepare
Registering precompiled user dll's ...
Registered in 0.044916 seconds.
Begin MonoManager ReloadAssembly
Symbol file LoadedFromMemory is not a mono symbol file
Native extension for WindowsStandalone target not found
Refreshing native plugins compatible for Editor in 5.18 ms, found 7 plugins.
Preloading 0 native plugins for Editor in 0.00 ms.
Mono: successfully reloaded assembly
- Completed reload, in  9.103 seconds
Domain Reload Profiling:
	ReloadAssembly (9122ms)
		BeginReloadAssembly (1747ms)
			ExecutionOrderSort (0ms)
			DisableScriptedObjects (108ms)
			BackupInstance (0ms)
			ReleaseScriptingObjects (3ms)
			CreateAndSetChildDomain (819ms)
		EndReloadAssembly (6905ms)
			LoadAssemblies (1027ms)
			RebuildTransferFunctionScriptingTraits (2ms)
			SetupTypeCache (1922ms)
			ReleaseScriptCaches (12ms)
			RebuildScriptCaches (154ms)
			SetupLoadedEditorAssemblies (2814ms)
				LogAssemblyErrors (0ms)
				InitializePlatformSupportModulesInManaged (13ms)
				SetLoadedEditorAssemblies (2ms)
				RefreshPlugins (6ms)
				BeforeProcessingInitializeOnLoad (316ms)
				ProcessInitializeOnLoadAttributes (2411ms)
				ProcessInitializeOnLoadMethodAttributes (47ms)
				AfterProcessingInitializeOnLoad (18ms)
				EditorAssembliesLoaded (1ms)
			ExecutionOrderSort2 (0ms)
			AwakeInstancesAfterBackupRestoration (119ms)
Platform modules already initialized, skipping
Switching build target platform(19) subTarget(0) extendedPlatform(0) -> platform(21) subTarget(0) extendedPlatform(0)
Refreshing native plugins compatible for Editor in 3.09 ms, found 7 plugins.
Preloading 0 native plugins for Editor in 0.00 ms.
Unloading 5305 Unused Serialized files (Serialized files now loaded: 0)
System memory in use before: 339.4 MB.
System memory in use after: 338.7 MB.

Unloading 47 unused Assets to reduce memory usage. Loaded Objects now: 6430.
Total: 13.213900 ms (FindLiveObjects: 1.055100 ms CreateObjectMapping: 0.476100 ms MarkObjects: 8.463100 ms  DeleteObjects: 3.215900 ms)

AssetImportParameters requested are different than current active one (requested -> active):
  custom:framework-win-MediaFoundation: 216162199b28c13a410421893ffa2e32 -> 
  custom:video-decoder-ogg-theora: a1e56fd34408186e4bbccfd4996cb3dc -> 
  custom:container-muxer-webm: aa71ff27fc2769a1b78a27578f13a17b -> 
  custom:container-demuxer-webm: 4f35f7cbe854078d1ac9338744f61a02 -> 
  custom:container-demuxer-ogg: 62fdf1f143b41e24485cea50d1cbac27 -> 
  custom:video-encoder-webm-vp8: eb34c28f22e8b96e1ab97ce403110664 -> 
  custom:video-codec-MediaFoundation-h265: 746d11721c4dcdbdad8f713fa42b33f4 -> 
  custom:video-decoder-webm-vp8: 9c59270c3fd7afecdb556c50c9e8de78 -> 
  custom:audio-decoder-ogg-vorbis: bf7c407c2cedff20999df2af8eb42d56 -> 
  custom:audio-encoder-webm-vorbis: bf7c407c2cedff20999df2af8eb42d56 -> 
========================================================================
Received Prepare
Registering precompiled user dll's ...
Registered in 0.116964 seconds.
Begin MonoManager ReloadAssembly
Symbol file LoadedFromMemory is not a mono symbol file
Native extension for WindowsStandalone target not found
Refreshing native plugins compatible for Editor in 3.74 ms, found 7 plugins.
Preloading 0 native plugins for Editor in 0.00 ms.
Mono: successfully reloaded assembly
- Completed reload, in  5.220 seconds
Domain Reload Profiling:
	ReloadAssembly (5227ms)
		BeginReloadAssembly (455ms)
			ExecutionOrderSort (0ms)
			DisableScriptedObjects (38ms)
			BackupInstance (0ms)
			ReleaseScriptingObjects (1ms)
			CreateAndSetChildDomain (233ms)
		EndReloadAssembly (4610ms)
			LoadAssemblies (381ms)
			RebuildTransferFunctionScriptingTraits (0ms)
			SetupTypeCache (1053ms)
			ReleaseScriptCaches (7ms)
			RebuildScriptCaches (198ms)
			SetupLoadedEditorAssemblies (2002ms)
				LogAssemblyErrors (0ms)
				InitializePlatformSupportModulesInManaged (11ms)
				SetLoadedEditorAssemblies (1ms)
				RefreshPlugins (4ms)
				BeforeProcessingInitializeOnLoad (361ms)
				ProcessInitializeOnLoadAttributes (1584ms)
				ProcessInitializeOnLoadMethodAttributes (30ms)
				AfterProcessingInitializeOnLoad (11ms)
				EditorAssembliesLoaded (0ms)
			ExecutionOrderSort2 (0ms)
			AwakeInstancesAfterBackupRestoration (76ms)
Platform modules already initialized, skipping
Switching build target platform(19) subTarget(0) extendedPlatform(0) -> platform(21) subTarget(0) extendedPlatform(0)
Refreshing native plugins compatible for Editor in 2.20 ms, found 7 plugins.
Preloading 0 native plugins for Editor in 0.00 ms.
Unloading 5305 Unused Serialized files (Serialized files now loaded: 0)
System memory in use before: 339.4 MB.
System memory in use after: 338.7 MB.

Unloading 47 unused Assets to reduce memory usage. Loaded Objects now: 6433.
Total: 10.255200 ms (FindLiveObjects: 0.698000 ms CreateObjectMapping: 0.462200 ms MarkObjects: 7.049700 ms  DeleteObjects: 2.041600 ms)

AssetImportParameters requested are different than current active one (requested -> active):
  custom:framework-win-MediaFoundation: 216162199b28c13a410421893ffa2e32 -> 
  custom:video-decoder-ogg-theora: a1e56fd34408186e4bbccfd4996cb3dc -> 
  custom:container-muxer-webm: aa71ff27fc2769a1b78a27578f13a17b -> 
  custom:container-demuxer-webm: 4f35f7cbe854078d1ac9338744f61a02 -> 
  custom:container-demuxer-ogg: 62fdf1f143b41e24485cea50d1cbac27 -> 
  custom:video-encoder-webm-vp8: eb34c28f22e8b96e1ab97ce403110664 -> 
  custom:video-codec-MediaFoundation-h265: 746d11721c4dcdbdad8f713fa42b33f4 -> 
  custom:video-decoder-webm-vp8: 9c59270c3fd7afecdb556c50c9e8de78 -> 
  custom:audio-decoder-ogg-vorbis: bf7c407c2cedff20999df2af8eb42d56 -> 
  custom:audio-encoder-webm-vorbis: bf7c407c2cedff20999df2af8eb42d56 -> 
========================================================================
Received Import Request.
  Time since last request: 1466.643870 seconds.
  path: Assets/PreFabs/QUADLOGS.prefab
  artifactKey: Guid(546ccaee6320be94c8bc4fdc99041ff9) Importer(815301076,1909f56bfc062723c751e8b465ee728b)
Start importing Assets/PreFabs/QUADLOGS.prefab using Guid(546ccaee6320be94c8bc4fdc99041ff9) Importer(815301076,1909f56bfc062723c751e8b465ee728b)  -> (artifact id: 'b9c7414573750e1e1d4d6ba48a353025') in 2.890706 seconds 
  Import took 2.932955 seconds .

========================================================================
Received Import Request.
  Time since last request: 0.001090 seconds.
  path: Assets/PreFabs/TRIPLEADS.prefab
  artifactKey: Guid(6fbf51053f00d9c44af25a5b6f6d9646) Importer(815301076,1909f56bfc062723c751e8b465ee728b)
Start importing Assets/PreFabs/TRIPLEADS.prefab using Guid(6fbf51053f00d9c44af25a5b6f6d9646) Importer(815301076,1909f56bfc062723c751e8b465ee728b)  -> (artifact id: '04303fac9b2b1765c4f22d2cc1ce9581') in 0.306113 seconds 
  Import took 0.349124 seconds .

========================================================================
Received Import Request.
  Time since last request: 0.000803 seconds.
  path: Assets/PreFabs/TRIPLELOGS.prefab
  artifactKey: Guid(02209efed9582f147a029faad2c45996) Importer(815301076,1909f56bfc062723c751e8b465ee728b)
Start importing Assets/PreFabs/TRIPLELOGS.prefab using Guid(02209efed9582f147a029faad2c45996) Importer(815301076,1909f56bfc062723c751e8b465ee728b)  -> (artifact id: 'c34bd39eeb0fe31706bab785b46df4f6') in 0.302599 seconds 
  Import took 0.356300 seconds .

========================================================================
Received Import Request.
  Time since last request: 0.000993 seconds.
  path: Assets/PreFabs/QUADLOGSbase.prefab
  artifactKey: Guid(d0707e9f4edd0414a8061d85382b2346) Importer(815301076,1909f56bfc062723c751e8b465ee728b)
Start importing Assets/PreFabs/QUADLOGSbase.prefab using Guid(d0707e9f4edd0414a8061d85382b2346) Importer(815301076,1909f56bfc062723c751e8b465ee728b)  -> (artifact id: '3178c46d112f538764a0889d97752d37') in 0.281811 seconds 
  Import took 0.334568 seconds .

========================================================================
Received Import Request.
  Time since last request: 42.759718 seconds.
  path: Assets/PreFabs/QUADADS.prefab
  artifactKey: Guid(5f459782256d2e24abcae6860e37d984) Importer(815301076,1909f56bfc062723c751e8b465ee728b)
Start importing Assets/PreFabs/QUADADS.prefab using Guid(5f459782256d2e24abcae6860e37d984) Importer(815301076,1909f56bfc062723c751e8b465ee728b)  -> (artifact id: '71a47d6cd8e54ffc11bcbc94f9cd7f27') in 0.111027 seconds 
  Import took 0.140487 seconds .

========================================================================
Received Import Request.
  Time since last request: 10.542508 seconds.
  path: Assets/PreFabs/QUADADS.prefab
  artifactKey: Guid(5f459782256d2e24abcae6860e37d984) Importer(815301076,1909f56bfc062723c751e8b465ee728b)
Start importing Assets/PreFabs/QUADADS.prefab using Guid(5f459782256d2e24abcae6860e37d984) Importer(815301076,1909f56bfc062723c751e8b465ee728b)  -> (artifact id: '5988a91bd5962d6606ab32d4b05b5607') in 0.106346 seconds 
  Import took 0.130422 seconds .

========================================================================
Received Import Request.
  Time since last request: 6.030341 seconds.
  path: Assets/SM_CardBoxA_01.fbx
  artifactKey: Guid(284af51638d972442b4e23373c385862) Importer(815301076,1909f56bfc062723c751e8b465ee728b)
Start importing Assets/SM_CardBoxA_01.fbx using Guid(284af51638d972442b4e23373c385862) Importer(815301076,1909f56bfc062723c751e8b465ee728b)  -> (artifact id: 'a0f07969ba27a683143481380188655c') in 0.735276 seconds 
  Import took 0.763174 seconds .

========================================================================
Received Import Request.
  Time since last request: 0.000506 seconds.
  path: Assets/quad1.fbx
  artifactKey: Guid(b90f6430bf90f1b4f869128c1d35b802) Importer(815301076,1909f56bfc062723c751e8b465ee728b)
Start importing Assets/quad1.fbx using Guid(b90f6430bf90f1b4f869128c1d35b802) Importer(815301076,1909f56bfc062723c751e8b465ee728b)  -> (artifact id: '7ca9e2d7432f191f1fcea86317f66893') in 0.333839 seconds 
  Import took 0.363914 seconds .

========================================================================
Received Import Request.
  Time since last request: 0.000498 seconds.
  path: Assets/ADSfloor.obj
  artifactKey: Guid(9dc50d45ef6e0424abb8020c85da2475) Importer(815301076,1909f56bfc062723c751e8b465ee728b)
Start importing Assets/ADSfloor.obj using Guid(9dc50d45ef6e0424abb8020c85da2475) Importer(815301076,1909f56bfc062723c751e8b465ee728b)  -> (artifact id: 'bc5b6c8c083ccf5b977bda0c91610424') in 0.449937 seconds 
  Import took 0.476985 seconds .

========================================================================
Received Import Request.
  Time since last request: 0.000626 seconds.
  path: Assets/loadedpallet.fbx
  artifactKey: Guid(8076465cb30bfbe43baf960329e8f886) Importer(815301076,1909f56bfc062723c751e8b465ee728b)
Start importing Assets/loadedpallet.fbx using Guid(8076465cb30bfbe43baf960329e8f886) Importer(815301076,1909f56bfc062723c751e8b465ee728b)  -> (artifact id: 'd561a5fd8400c9288ee64f8a00d192e6') in 0.308344 seconds 
  Import took 0.334824 seconds .

========================================================================
Received Import Request.
  Time since last request: 0.000528 seconds.
  path: Assets/quad 1.fbx
  artifactKey: Guid(bfa9b73b5ad38eb488e2e4613e093f75) Importer(815301076,1909f56bfc062723c751e8b465ee728b)
Start importing Assets/quad 1.fbx using Guid(bfa9b73b5ad38eb488e2e4613e093f75) Importer(815301076,1909f56bfc062723c751e8b465ee728b)  -> (artifact id: '698d9d9764b70d7d405147c08b1c76c8') in 0.279258 seconds 
  Import took 0.303226 seconds .

========================================================================
Received Import Request.
  Time since last request: 0.000463 seconds.
  path: Assets/triple1.fbx
  artifactKey: Guid(20286827f2a32214c82ea91dde0a3f42) Importer(815301076,1909f56bfc062723c751e8b465ee728b)
Start importing Assets/triple1.fbx using Guid(20286827f2a32214c82ea91dde0a3f42) Importer(815301076,1909f56bfc062723c751e8b465ee728b)  -> (artifact id: '16141851dbb17a79ef1125c0b06dff65') in 0.384458 seconds 
  Import took 0.418861 seconds .

========================================================================
Received Import Request.
  Time since last request: 0.000612 seconds.
  path: Assets/dbl2.fbx
  artifactKey: Guid(46f0226f9e3f6b349b69c76012702d2b) Importer(815301076,1909f56bfc062723c751e8b465ee728b)
Start importing Assets/dbl2.fbx using Guid(46f0226f9e3f6b349b69c76012702d2b) Importer(815301076,1909f56bfc062723c751e8b465ee728b)  -> (artifact id: '06cfce811afbe16081bbd225cd97273e') in 0.312652 seconds 
  Import took 0.338807 seconds .

========================================================================
Received Import Request.
  Time since last request: 0.000759 seconds.
  path: Assets/quad.fbx
  artifactKey: Guid(29124a108c6863346aa31752328fd46a) Importer(815301076,1909f56bfc062723c751e8b465ee728b)
Start importing Assets/quad.fbx using Guid(29124a108c6863346aa31752328fd46a) Importer(815301076,1909f56bfc062723c751e8b465ee728b)  -> (artifact id: 'b5d46d7fe06fdd0f96098f786be2206d') in 0.360585 seconds 
  Import took 0.389248 seconds .

========================================================================
Received Import Request.
  Time since last request: 1.455215 seconds.
  path: Assets/PreFabs/QUADADS.prefab
  artifactKey: Guid(5f459782256d2e24abcae6860e37d984) Importer(815301076,1909f56bfc062723c751e8b465ee728b)
Start importing Assets/PreFabs/QUADADS.prefab using Guid(5f459782256d2e24abcae6860e37d984) Importer(815301076,1909f56bfc062723c751e8b465ee728b)  -> (artifact id: 'b78648ac95f82b15aabda0b3ca09b529') in 0.111374 seconds 
  Import took 0.137604 seconds .

========================================================================
Received Import Request.
  Time since last request: 3.893490 seconds.
  path: Assets/Knife/Customizable Hologramm Shader/Models/gun.fbx
  artifactKey: Guid(5b6978d85a1b93444b7b14a426ccaaaa) Importer(815301076,1909f56bfc062723c751e8b465ee728b)
Start importing Assets/Knife/Customizable Hologramm Shader/Models/gun.fbx using Guid(5b6978d85a1b93444b7b14a426ccaaaa) Importer(815301076,1909f56bfc062723c751e8b465ee728b)  -> (artifact id: 'e22fced9ed1d86524ad836aaa6177469') in 0.269394 seconds 
  Import took 0.293801 seconds .

========================================================================
Received Import Request.
  Time since last request: 0.000690 seconds.
  path: Assets/Triple 1.fbx
  artifactKey: Guid(1aa53c134cd0ada459473ad84533d8a5) Importer(815301076,1909f56bfc062723c751e8b465ee728b)
Start importing Assets/Triple 1.fbx using Guid(1aa53c134cd0ada459473ad84533d8a5) Importer(815301076,1909f56bfc062723c751e8b465ee728b)  -> (artifact id: '4963baf9877331a6928ff3704d0e2e61') in 0.124194 seconds 
  Import took 0.150362 seconds .

========================================================================
Received Import Request.
  Time since last request: 0.000773 seconds.
  path: Assets/ADSdouble.fbx
  artifactKey: Guid(c05bbb5addefb2e4ca84e06f5bd942d4) Importer(815301076,1909f56bfc062723c751e8b465ee728b)
Start importing Assets/ADSdouble.fbx using Guid(c05bbb5addefb2e4ca84e06f5bd942d4) Importer(815301076,1909f56bfc062723c751e8b465ee728b)  -> (artifact id: 'c913b3cf3a8ebebca23aefa517cd6e4d') in 0.206604 seconds 
  Import took 0.240624 seconds .

========================================================================
Received Import Request.
  Time since last request: 0.000629 seconds.
  path: Assets/ADStriple.fbx
  artifactKey: Guid(7e43d0d09f4c5814ea9027c6fe29a8c1) Importer(815301076,1909f56bfc062723c751e8b465ee728b)
Start importing Assets/ADStriple.fbx using Guid(7e43d0d09f4c5814ea9027c6fe29a8c1) Importer(815301076,1909f56bfc062723c751e8b465ee728b)  -> (artifact id: '1b376e36546e38b23079ae66e5095ead') in 0.201386 seconds 
  Import took 0.231970 seconds .

========================================================================
Received Import Request.
  Time since last request: 0.000645 seconds.
  path: Assets/dblads.fbx
  artifactKey: Guid(7d1444dbcef3b164ea4ae60d261d5a74) Importer(815301076,1909f56bfc062723c751e8b465ee728b)
Start importing Assets/dblads.fbx using Guid(7d1444dbcef3b164ea4ae60d261d5a74) Importer(815301076,1909f56bfc062723c751e8b465ee728b)  -> (artifact id: 'c677d2c7f1c6a9aff3cea878bee3db9d') in 0.185519 seconds 
  Import took 0.215445 seconds .

========================================================================
Received Import Request.
  Time since last request: 0.000629 seconds.
  path: Assets/Triple.fbx
  artifactKey: Guid(a9afc7bf7ff7e7c47848d8df6818ff65) Importer(815301076,1909f56bfc062723c751e8b465ee728b)
Start importing Assets/Triple.fbx using Guid(a9afc7bf7ff7e7c47848d8df6818ff65) Importer(815301076,1909f56bfc062723c751e8b465ee728b)  -> (artifact id: '2f4dd1109f0d2e2ae277331425ee501f') in 0.180042 seconds 
  Import took 0.208597 seconds .

========================================================================
Received Import Request.
  Time since last request: 0.000504 seconds.
  path: Assets/logsquad2.fbx
  artifactKey: Guid(f28d5c2d8f53b5a43852ee00b4fe0c2e) Importer(815301076,1909f56bfc062723c751e8b465ee728b)
Start importing Assets/logsquad2.fbx using Guid(f28d5c2d8f53b5a43852ee00b4fe0c2e) Importer(815301076,1909f56bfc062723c751e8b465ee728b)  -> (artifact id: '0b20e8eca0c5282ab7445b270f87ba2d') in 0.164536 seconds 
  Import took 0.197540 seconds .

========================================================================
Received Import Request.
  Time since last request: 0.000998 seconds.
  path: Assets/ADSquad.fbx
  artifactKey: Guid(c57e2e000466c6e409c231b7422ad10f) Importer(815301076,1909f56bfc062723c751e8b465ee728b)
Start importing Assets/ADSquad.fbx using Guid(c57e2e000466c6e409c231b7422ad10f) Importer(815301076,1909f56bfc062723c751e8b465ee728b)  -> (artifact id: 'c513dd5ef6148c3e88fd40c31f41ef7a') in 0.285487 seconds 
  Import took 0.318985 seconds .

========================================================================
Received Import Request.
  Time since last request: 0.000602 seconds.
  path: Assets/ACP (1).fbx
  artifactKey: Guid(7882ce1396b6ca2468722f63ef1b4ecd) Importer(815301076,1909f56bfc062723c751e8b465ee728b)
Start importing Assets/ACP (1).fbx using Guid(7882ce1396b6ca2468722f63ef1b4ecd) Importer(815301076,1909f56bfc062723c751e8b465ee728b)  -> (artifact id: 'c19635c1f844e82f9c38c6e855dea4ea') in 0.175889 seconds 
  Import took 0.209759 seconds .

========================================================================
Received Import Request.
  Time since last request: 0.000611 seconds.
  path: Assets/adsqUAD1.fbx
  artifactKey: Guid(321f813783952a94d898b9b65b1f078d) Importer(815301076,1909f56bfc062723c751e8b465ee728b)
Start importing Assets/adsqUAD1.fbx using Guid(321f813783952a94d898b9b65b1f078d) Importer(815301076,1909f56bfc062723c751e8b465ee728b)  -> (artifact id: 'bab7e80527ed8018efa4caab2da058e1') in 0.218524 seconds 
  Import took 0.243889 seconds .

========================================================================
Received Import Request.
  Time since last request: 0.000634 seconds.
  path: Assets/ATGL4.fbx
  artifactKey: Guid(5ac0f7ae52daa9a42b2f976e250242b5) Importer(815301076,1909f56bfc062723c751e8b465ee728b)
Start importing Assets/ATGL4.fbx using Guid(5ac0f7ae52daa9a42b2f976e250242b5) Importer(815301076,1909f56bfc062723c751e8b465ee728b)  -> (artifact id: 'a0fe5c92dc927b9ea6ceda1dd80c67df') in 0.204128 seconds 
  Import took 0.240427 seconds .

========================================================================
Received Import Request.
  Time since last request: 0.000695 seconds.
  path: Assets/dblpallet.fbx
  artifactKey: Guid(2aadcd85a5d714a4d9a2dd059143c05f) Importer(815301076,1909f56bfc062723c751e8b465ee728b)
Start importing Assets/dblpallet.fbx using Guid(2aadcd85a5d714a4d9a2dd059143c05f) Importer(815301076,1909f56bfc062723c751e8b465ee728b)  -> (artifact id: '7663752397b376e0565d12f97b80d3e7') in 0.158876 seconds 
  Import took 0.189368 seconds .

========================================================================
Received Import Request.
  Time since last request: 1.926431 seconds.
  path: Assets/PreFabs/QUADADS.prefab
  artifactKey: Guid(5f459782256d2e24abcae6860e37d984) Importer(815301076,1909f56bfc062723c751e8b465ee728b)
Start importing Assets/PreFabs/QUADADS.prefab using Guid(5f459782256d2e24abcae6860e37d984) Importer(815301076,1909f56bfc062723c751e8b465ee728b)  -> (artifact id: '299aeac5e259bfc8788de432f07c5940') in 0.116277 seconds 
  Import took 0.140490 seconds .

========================================================================
Received Import Request.
  Time since last request: 3.379993 seconds.
  path: Assets/pax.obj
  artifactKey: Guid(2320eb6bd48276a408d7f4fd22eaa7e5) Importer(815301076,1909f56bfc062723c751e8b465ee728b)
Start importing Assets/pax.obj using Guid(2320eb6bd48276a408d7f4fd22eaa7e5) Importer(815301076,1909f56bfc062723c751e8b465ee728b)  -> (artifact id: '1c8063d7962000f25cc9c18c207bbcdf') in 0.254515 seconds 
  Import took 0.284448 seconds .

========================================================================
Received Import Request.
  Time since last request: 0.000683 seconds.
  path: Assets/TPU3.obj
  artifactKey: Guid(7af070ffe2e8e234bb2174ae96ac786b) Importer(815301076,1909f56bfc062723c751e8b465ee728b)
Start importing Assets/TPU3.obj using Guid(7af070ffe2e8e234bb2174ae96ac786b) Importer(815301076,1909f56bfc062723c751e8b465ee728b)  -> (artifact id: '2b6eb2e4d63d795607540709e2f6fabb') in 0.184379 seconds 
  Import took 0.217758 seconds .

========================================================================
Received Import Request.
  Time since last request: 0.312197 seconds.
  path: Assets/GaussianBlur_HDRP/Common/Standard Assets/Fonts/OpenSans/OpenSansLight.ttf
  artifactKey: Guid(04a842e316b6f44bf8da702de26a8ed6) Importer(815301076,1909f56bfc062723c751e8b465ee728b)
Start importing Assets/GaussianBlur_HDRP/Common/Standard Assets/Fonts/OpenSans/OpenSansLight.ttf using Guid(04a842e316b6f44bf8da702de26a8ed6) Importer(815301076,1909f56bfc062723c751e8b465ee728b)  -> (artifact id: 'bf301129fe66aff51f2d8fbc1d70baee') in 0.227675 seconds 
  Import took 0.252607 seconds .

========================================================================
Received Import Request.
  Time since last request: 0.000589 seconds.
  path: Assets/GaussianBlur_HDRP/Common/Standard Assets/Fonts/OpenSans/OpenSansRegular.ttf
  artifactKey: Guid(b51a3e520f9164da198dc59c8acfccd6) Importer(815301076,1909f56bfc062723c751e8b465ee728b)
Start importing Assets/GaussianBlur_HDRP/Common/Standard Assets/Fonts/OpenSans/OpenSansRegular.ttf using Guid(b51a3e520f9164da198dc59c8acfccd6) Importer(815301076,1909f56bfc062723c751e8b465ee728b)  -> (artifact id: '17b8340b9de151ed8e1aa4d265e07f7e') in 0.092842 seconds 
  Import took 0.119313 seconds .

========================================================================
Received Import Request.
  Time since last request: 0.000629 seconds.
  path: Assets/GaussianBlur_HDRP/Common/Standard Assets/Fonts/OpenSans/OpenSansSemibold.ttf
  artifactKey: Guid(01cd679a1b9ee48bf9c546f6ce2cb97e) Importer(815301076,1909f56bfc062723c751e8b465ee728b)
Start importing Assets/GaussianBlur_HDRP/Common/Standard Assets/Fonts/OpenSans/OpenSansSemibold.ttf using Guid(01cd679a1b9ee48bf9c546f6ce2cb97e) Importer(815301076,1909f56bfc062723c751e8b465ee728b)  -> (artifact id: 'baf32280c7bd680d88f3119781c0d283') in 0.104364 seconds 
  Import took 0.139759 seconds .

========================================================================
Received Import Request.
  Time since last request: 0.000538 seconds.
  path: Assets/Zone UI/Fonts/RobotoCondensed-Light.ttf
  artifactKey: Guid(107a3c914aedcda459fe7ce6ab8b5d1e) Importer(815301076,1909f56bfc062723c751e8b465ee728b)
Start importing Assets/Zone UI/Fonts/RobotoCondensed-Light.ttf using Guid(107a3c914aedcda459fe7ce6ab8b5d1e) Importer(815301076,1909f56bfc062723c751e8b465ee728b)  -> (artifact id: '4a4c0e299ae6b8cad598349c2804af60') in 0.110043 seconds 
  Import took 0.139555 seconds .

========================================================================
Received Import Request.
  Time since last request: 0.851649 seconds.
  path: Assets/PreFabs/QUADADS.prefab
  artifactKey: Guid(5f459782256d2e24abcae6860e37d984) Importer(815301076,1909f56bfc062723c751e8b465ee728b)
Start importing Assets/PreFabs/QUADADS.prefab using Guid(5f459782256d2e24abcae6860e37d984) Importer(815301076,1909f56bfc062723c751e8b465ee728b)  -> (artifact id: 'd6154cac302b0b8e845bf36e26c2314b') in 0.110867 seconds 
  Import took 0.135853 seconds .

========================================================================
Received Import Request.
  Time since last request: 5.200015 seconds.
  path: Assets/PreFabs/QUADADS.prefab
  artifactKey: Guid(5f459782256d2e24abcae6860e37d984) Importer(815301076,1909f56bfc062723c751e8b465ee728b)
Start importing Assets/PreFabs/QUADADS.prefab using Guid(5f459782256d2e24abcae6860e37d984) Importer(815301076,1909f56bfc062723c751e8b465ee728b)  -> (artifact id: 'd776cd2b5bf8dc968ad829dbcc78f1e6') in 0.086796 seconds 
  Import took 0.110418 seconds .

========================================================================
Received Import Request.
  Time since last request: 35.400329 seconds.
  path: Assets/PreFabs/QUADADS.prefab
  artifactKey: Guid(5f459782256d2e24abcae6860e37d984) Importer(815301076,1909f56bfc062723c751e8b465ee728b)
Start importing Assets/PreFabs/QUADADS.prefab using Guid(5f459782256d2e24abcae6860e37d984) Importer(815301076,1909f56bfc062723c751e8b465ee728b)  -> (artifact id: '6f4141d1d1f4c111190237c9a6f7cca3') in 0.264375 seconds 
  Import took 0.303245 seconds .

========================================================================
Received Import Request.
  Time since last request: 9.699616 seconds.
  path: Assets/PreFabs/QUADADS.prefab
  artifactKey: Guid(5f459782256d2e24abcae6860e37d984) Importer(815301076,1909f56bfc062723c751e8b465ee728b)
Start importing Assets/PreFabs/QUADADS.prefab using Guid(5f459782256d2e24abcae6860e37d984) Importer(815301076,1909f56bfc062723c751e8b465ee728b)  -> (artifact id: '51b0b0b4d12f0e76d4605ab1ba628a90') in 0.208264 seconds 
  Import took 0.244995 seconds .

========================================================================
Received Import Request.
  Time since last request: 0.469359 seconds.
  path: Assets/PreFabs/QUADADS.prefab
  artifactKey: Guid(5f459782256d2e24abcae6860e37d984) Importer(815301076,1909f56bfc062723c751e8b465ee728b)
Start importing Assets/PreFabs/QUADADS.prefab using Guid(5f459782256d2e24abcae6860e37d984) Importer(815301076,1909f56bfc062723c751e8b465ee728b)  -> (artifact id: '5ef38f2793e9f6faa1fe23e3e96a1119') in 0.242660 seconds 
  Import took 0.286240 seconds .

========================================================================
Received Import Request.
  Time since last request: 2.208473 seconds.
  path: Assets/PreFabs/QUADADS.prefab
  artifactKey: Guid(5f459782256d2e24abcae6860e37d984) Importer(815301076,1909f56bfc062723c751e8b465ee728b)
Start importing Assets/PreFabs/QUADADS.prefab using Guid(5f459782256d2e24abcae6860e37d984) Importer(815301076,1909f56bfc062723c751e8b465ee728b)  -> (artifact id: '70b6616d11309026d1d1c217093bb0f3') in 0.425508 seconds 
  Import took 0.469536 seconds .

========================================================================
Received Import Request.
  Time since last request: 14.078075 seconds.
  path: Assets/PreFabs/QUADADS.prefab
  artifactKey: Guid(5f459782256d2e24abcae6860e37d984) Importer(815301076,1909f56bfc062723c751e8b465ee728b)
Start importing Assets/PreFabs/QUADADS.prefab using Guid(5f459782256d2e24abcae6860e37d984) Importer(815301076,1909f56bfc062723c751e8b465ee728b)  -> (artifact id: 'f27b4b572e1ae74020ef02b34aafceaf') in 0.216480 seconds 
  Import took 0.246850 seconds .

========================================================================
Received Import Request.
  Time since last request: 4.014732 seconds.
  path: Assets/PreFabs/QUADADS.prefab
  artifactKey: Guid(5f459782256d2e24abcae6860e37d984) Importer(815301076,1909f56bfc062723c751e8b465ee728b)
Start importing Assets/PreFabs/QUADADS.prefab using Guid(5f459782256d2e24abcae6860e37d984) Importer(815301076,1909f56bfc062723c751e8b465ee728b)  -> (artifact id: '7b7bb341e817239f3868a24b17711f65') in 0.731784 seconds 
  Import took 0.806195 seconds .

========================================================================
Received Import Request.
  Time since last request: 16.058398 seconds.
  path: Assets/PreFabs/QUADADS.prefab
  artifactKey: Guid(5f459782256d2e24abcae6860e37d984) Importer(815301076,1909f56bfc062723c751e8b465ee728b)
Start importing Assets/PreFabs/QUADADS.prefab using Guid(5f459782256d2e24abcae6860e37d984) Importer(815301076,1909f56bfc062723c751e8b465ee728b)  -> (artifact id: 'f4e0095ef4e40b8551e355539e69efb0') in 0.280248 seconds 
  Import took 0.316483 seconds .

========================================================================
Received Import Request.
  Time since last request: 16.980754 seconds.
  path: Assets/PreFabs/QUADADS.prefab
  artifactKey: Guid(5f459782256d2e24abcae6860e37d984) Importer(815301076,1909f56bfc062723c751e8b465ee728b)
Start importing Assets/PreFabs/QUADADS.prefab using Guid(5f459782256d2e24abcae6860e37d984) Importer(815301076,1909f56bfc062723c751e8b465ee728b)  -> (artifact id: '2e962d2e700dc6cebd9f1192b0c974d8') in 0.202157 seconds 
  Import took 0.233017 seconds .

========================================================================
Received Import Request.
  Time since last request: 9.938292 seconds.
  path: Assets/PreFabs/QUADADS.prefab
  artifactKey: Guid(5f459782256d2e24abcae6860e37d984) Importer(815301076,1909f56bfc062723c751e8b465ee728b)
Start importing Assets/PreFabs/QUADADS.prefab using Guid(5f459782256d2e24abcae6860e37d984) Importer(815301076,1909f56bfc062723c751e8b465ee728b)  -> (artifact id: '00403c9b0e1f3f8fe7004292e82b92a3') in 0.177007 seconds 
  Import took 0.207799 seconds .

========================================================================
Received Import Request.
  Time since last request: 7.707391 seconds.
  path: Assets/PreFabs/QUADADS.prefab
  artifactKey: Guid(5f459782256d2e24abcae6860e37d984) Importer(815301076,1909f56bfc062723c751e8b465ee728b)
Start importing Assets/PreFabs/QUADADS.prefab using Guid(5f459782256d2e24abcae6860e37d984) Importer(815301076,1909f56bfc062723c751e8b465ee728b)  -> (artifact id: '725c237d83ad103fed41ae8bcaf7c168') in 0.171927 seconds 
  Import took 0.207829 seconds .

========================================================================
Received Import Request.
  Time since last request: 5.994806 seconds.
  path: Assets/PreFabs/QUADADS.prefab
  artifactKey: Guid(5f459782256d2e24abcae6860e37d984) Importer(815301076,1909f56bfc062723c751e8b465ee728b)
Start importing Assets/PreFabs/QUADADS.prefab using Guid(5f459782256d2e24abcae6860e37d984) Importer(815301076,1909f56bfc062723c751e8b465ee728b)  -> (artifact id: '9334a096312c1d11311093480c445a73') in 0.242938 seconds 
  Import took 0.281787 seconds .

