Using pre-set license
Built from '2020.3/release' branch; Version is '2020.3.15f2 (6cf78cb77498) revision 7141260'; Using compiler version '192528614'; Build Type 'Release'
OS: 'Windows 10 Home; OS build 18363.1556; Version 1909; 64bit' Language: 'en' Physical Memory: 7778 MB
BatchMode: 1, IsHumanControllingUs: 0, StartBugReporterOnCrash: 0, Is64bit: 1, IsPro: 0

 COMMAND LINE ARGUMENTS:
C:\Program Files\2020.3.15f2\Editor\Unity.exe
-adb2
-batchMode
-noUpm
-name
AssetImportWorker1
-projectPath
C:/Users/jrbax/OneDrive/Desktop/Air Loading APP (1)
-logFile
Logs/AssetImportWorker1.log
-srvPort
2278
Successfully changed project path to: C:/Users/jrbax/OneDrive/Desktop/Air Loading APP (1)
C:/Users/jrbax/OneDrive/Desktop/Air Loading APP (1)
Using Asset Import Pipeline V2.
Refreshing native plugins compatible for Editor in 397.74 ms, found 7 plugins.
Preloading 0 native plugins for Editor in 0.00 ms.
Initialize engine version: 2020.3.15f2 (6cf78cb77498)
[Subsystems] Discovering subsystems at path C:/Program Files/2020.3.15f2/Editor/Data/Resources/UnitySubsystems
[Subsystems] Discovering subsystems at path C:/Users/jrbax/OneDrive/Desktop/Air Loading APP (1)/Assets
GfxDevice: creating device client; threaded=0
Direct3D:
    Version:  Direct3D 11.0 [level 11.1]
    Renderer: Intel(R) Iris(R) Plus Graphics (ID=0x8a5a)
    Vendor:   
    VRAM:     3889 MB
    Driver:   27.20.100.9621
Initialize mono
Mono path[0] = 'C:/Program Files/2020.3.15f2/Editor/Data/Managed'
Mono path[1] = 'C:/Program Files/2020.3.15f2/Editor/Data/MonoBleedingEdge/lib/mono/unityjit'
Mono config path = 'C:/Program Files/2020.3.15f2/Editor/Data/MonoBleedingEdge/etc'
Using monoOptions --debugger-agent=transport=dt_socket,embedding=1,server=y,suspend=n,address=127.0.0.1:56400
Begin MonoManager ReloadAssembly
Registering precompiled unity dll's ...
Register platform support module: C:/Program Files/2020.3.15f2/Editor/Data/PlaybackEngines/WindowsStandaloneSupport/UnityEditor.WindowsStandalone.Extensions.dll
Registered in 0.010809 seconds.
Native extension for WindowsStandalone target not found
Refreshing native plugins compatible for Editor in 363.41 ms, found 7 plugins.
Preloading 0 native plugins for Editor in 0.00 ms.
Mono: successfully reloaded assembly
- Completed reload, in  4.312 seconds
Domain Reload Profiling:
	ReloadAssembly (4313ms)
		BeginReloadAssembly (141ms)
			ExecutionOrderSort (0ms)
			DisableScriptedObjects (0ms)
			BackupInstance (0ms)
			ReleaseScriptingObjects (0ms)
			CreateAndSetChildDomain (3ms)
		EndReloadAssembly (1529ms)
			LoadAssemblies (132ms)
			RebuildTransferFunctionScriptingTraits (0ms)
			SetupTypeCache (484ms)
			ReleaseScriptCaches (0ms)
			RebuildScriptCaches (72ms)
			SetupLoadedEditorAssemblies (758ms)
				LogAssemblyErrors (0ms)
				InitializePlatformSupportModulesInManaged (9ms)
				SetLoadedEditorAssemblies (1ms)
				RefreshPlugins (364ms)
				BeforeProcessingInitializeOnLoad (39ms)
				ProcessInitializeOnLoadAttributes (257ms)
				ProcessInitializeOnLoadMethodAttributes (87ms)
				AfterProcessingInitializeOnLoad (0ms)
				EditorAssembliesLoaded (1ms)
			ExecutionOrderSort2 (0ms)
			AwakeInstancesAfterBackupRestoration (0ms)
Platform modules already initialized, skipping
Registering precompiled user dll's ...
Registered in 0.045102 seconds.
Begin MonoManager ReloadAssembly
Symbol file LoadedFromMemory is not a mono symbol file
Native extension for WindowsStandalone target not found
Refreshing native plugins compatible for Editor in 3120.27 ms, found 7 plugins.
Preloading 0 native plugins for Editor in 0.00 ms.
Mono: successfully reloaded assembly
- Completed reload, in 11.178 seconds
Domain Reload Profiling:
	ReloadAssembly (11185ms)
		BeginReloadAssembly (339ms)
			ExecutionOrderSort (0ms)
			DisableScriptedObjects (10ms)
			BackupInstance (0ms)
			ReleaseScriptingObjects (0ms)
			CreateAndSetChildDomain (37ms)
		EndReloadAssembly (10689ms)
			LoadAssemblies (295ms)
			RebuildTransferFunctionScriptingTraits (0ms)
			SetupTypeCache (1359ms)
			ReleaseScriptCaches (6ms)
			RebuildScriptCaches (433ms)
			SetupLoadedEditorAssemblies (7470ms)
				LogAssemblyErrors (0ms)
				InitializePlatformSupportModulesInManaged (13ms)
				SetLoadedEditorAssemblies (1ms)
				RefreshPlugins (3121ms)
				BeforeProcessingInitializeOnLoad (367ms)
				ProcessInitializeOnLoadAttributes (2006ms)
				ProcessInitializeOnLoadMethodAttributes (1913ms)
				AfterProcessingInitializeOnLoad (48ms)
				EditorAssembliesLoaded (2ms)
			ExecutionOrderSort2 (0ms)
			AwakeInstancesAfterBackupRestoration (65ms)
Platform modules already initialized, skipping
========================================================================
Worker process is ready to serve import requests
Launched and connected shader compiler UnityShaderCompiler.exe after 0.29 seconds
Refreshing native plugins compatible for Editor in 4.58 ms, found 7 plugins.
Preloading 0 native plugins for Editor in 0.00 ms.
Unloading 5759 Unused Serialized files (Serialized files now loaded: 0)
System memory in use before: 358.1 MB.
System memory in use after: 357.2 MB.

Unloading 54 unused Assets to reduce memory usage. Loaded Objects now: 6290.
Total: 16.708500 ms (FindLiveObjects: 1.778200 ms CreateObjectMapping: 0.517800 ms MarkObjects: 11.706200 ms  DeleteObjects: 2.700500 ms)

AssetImportParameters requested are different than current active one (requested -> active):
  custom:framework-win-MediaFoundation: 216162199b28c13a410421893ffa2e32 -> 
  custom:video-decoder-ogg-theora: a1e56fd34408186e4bbccfd4996cb3dc -> 
  custom:container-muxer-webm: aa71ff27fc2769a1b78a27578f13a17b -> 
  custom:container-demuxer-webm: 4f35f7cbe854078d1ac9338744f61a02 -> 
  custom:container-demuxer-ogg: 62fdf1f143b41e24485cea50d1cbac27 -> 
  custom:video-encoder-webm-vp8: eb34c28f22e8b96e1ab97ce403110664 -> 
  custom:video-codec-MediaFoundation-h265: 746d11721c4dcdbdad8f713fa42b33f4 -> 
  custom:video-decoder-webm-vp8: 9c59270c3fd7afecdb556c50c9e8de78 -> 
  custom:audio-decoder-ogg-vorbis: bf7c407c2cedff20999df2af8eb42d56 -> 
  custom:audio-encoder-webm-vorbis: bf7c407c2cedff20999df2af8eb42d56 -> 
========================================================================
Received Import Request.
  path: Assets/PreFabs/TRIPLEADS.prefab
  artifactKey: Guid(6fbf51053f00d9c44af25a5b6f6d9646) Importer(815301076,1909f56bfc062723c751e8b465ee728b)
Start importing Assets/PreFabs/TRIPLEADS.prefab using Guid(6fbf51053f00d9c44af25a5b6f6d9646) Importer(815301076,1909f56bfc062723c751e8b465ee728b) Launched and connected shader compiler UnityShaderCompiler.exe after 0.35 seconds
Launched and connected shader compiler UnityShaderCompiler.exe after 0.17 seconds
Launched and connected shader compiler UnityShaderCompiler.exe after 0.16 seconds
Launched and connected shader compiler UnityShaderCompiler.exe after 0.23 seconds
Launched and connected shader compiler UnityShaderCompiler.exe after 0.20 seconds
Launched and connected shader compiler UnityShaderCompiler.exe after 0.32 seconds
Launched and connected shader compiler UnityShaderCompiler.exe after 0.32 seconds
 -> (artifact id: 'c1d93b16dcefd75b44cc6fbfd59777af') in 11.238455 seconds 
  Import took 11.669551 seconds .

========================================================================
Received Import Request.
  Time since last request: 0.006838 seconds.
  path: Assets/PreFabs/QUADLOGS.prefab
  artifactKey: Guid(546ccaee6320be94c8bc4fdc99041ff9) Importer(815301076,1909f56bfc062723c751e8b465ee728b)
Start importing Assets/PreFabs/QUADLOGS.prefab using Guid(546ccaee6320be94c8bc4fdc99041ff9) Importer(815301076,1909f56bfc062723c751e8b465ee728b)  -> (artifact id: 'df6cdbb4537f4aa6d5e71bd5d0701851') in 0.772257 seconds 
  Import took 0.830347 seconds .

========================================================================
Received Import Request.
  Time since last request: 0.003235 seconds.
  path: Assets/PreFabs/QUADADS.prefab
  artifactKey: Guid(5f459782256d2e24abcae6860e37d984) Importer(815301076,1909f56bfc062723c751e8b465ee728b)
Start importing Assets/PreFabs/QUADADS.prefab using Guid(5f459782256d2e24abcae6860e37d984) Importer(815301076,1909f56bfc062723c751e8b465ee728b)  -> (artifact id: '8065ae8930695f386aad51392182b791') in 0.169633 seconds 
  Import took 0.197540 seconds .

========================================================================
Received Import Request.
  Time since last request: 0.002478 seconds.
  path: Assets/PreFabs/TRIPLELOGS.prefab
  artifactKey: Guid(02209efed9582f147a029faad2c45996) Importer(815301076,1909f56bfc062723c751e8b465ee728b)
Start importing Assets/PreFabs/TRIPLELOGS.prefab using Guid(02209efed9582f147a029faad2c45996) Importer(815301076,1909f56bfc062723c751e8b465ee728b)  -> (artifact id: '4934c18ff519f4b4be4bc8cb3ab91bb9') in 0.132817 seconds 
  Import took 0.163559 seconds .

========================================================================
Received Import Request.
  Time since last request: 0.002890 seconds.
  path: Assets/PreFabs/QUADLOGSbase.prefab
  artifactKey: Guid(d0707e9f4edd0414a8061d85382b2346) Importer(815301076,1909f56bfc062723c751e8b465ee728b)
Start importing Assets/PreFabs/QUADLOGSbase.prefab using Guid(d0707e9f4edd0414a8061d85382b2346) Importer(815301076,1909f56bfc062723c751e8b465ee728b)  -> (artifact id: 'f9ba831b7a4e7e19516b08557baa748e') in 0.132984 seconds 
  Import took 0.158605 seconds .

========================================================================
Received Prepare
Registering precompiled user dll's ...
Registered in 0.073782 seconds.
Begin MonoManager ReloadAssembly
Symbol file LoadedFromMemory is not a mono symbol file
Native extension for WindowsStandalone target not found
Refreshing native plugins compatible for Editor in 4.71 ms, found 7 plugins.
Preloading 0 native plugins for Editor in 0.00 ms.
Mono: successfully reloaded assembly
- Completed reload, in  5.925 seconds
Domain Reload Profiling:
	ReloadAssembly (5929ms)
		BeginReloadAssembly (1264ms)
			ExecutionOrderSort (0ms)
			DisableScriptedObjects (220ms)
			BackupInstance (0ms)
			ReleaseScriptingObjects (1ms)
			CreateAndSetChildDomain (730ms)
		EndReloadAssembly (4527ms)
			LoadAssemblies (367ms)
			RebuildTransferFunctionScriptingTraits (1ms)
			SetupTypeCache (1225ms)
			ReleaseScriptCaches (4ms)
			RebuildScriptCaches (175ms)
			SetupLoadedEditorAssemblies (1805ms)
				LogAssemblyErrors (0ms)
				InitializePlatformSupportModulesInManaged (10ms)
				SetLoadedEditorAssemblies (1ms)
				RefreshPlugins (5ms)
				BeforeProcessingInitializeOnLoad (274ms)
				ProcessInitializeOnLoadAttributes (1470ms)
				ProcessInitializeOnLoadMethodAttributes (32ms)
				AfterProcessingInitializeOnLoad (12ms)
				EditorAssembliesLoaded (1ms)
			ExecutionOrderSort2 (0ms)
			AwakeInstancesAfterBackupRestoration (64ms)
Platform modules already initialized, skipping
Switching build target platform(19) subTarget(0) extendedPlatform(0) -> platform(21) subTarget(0) extendedPlatform(0)
Refreshing native plugins compatible for Editor in 2.13 ms, found 7 plugins.
Preloading 0 native plugins for Editor in 0.00 ms.
Unloading 5320 Unused Serialized files (Serialized files now loaded: 0)
System memory in use before: 339.6 MB.
System memory in use after: 339.0 MB.

Unloading 47 unused Assets to reduce memory usage. Loaded Objects now: 6424.
Total: 20.221600 ms (FindLiveObjects: 0.779100 ms CreateObjectMapping: 0.445400 ms MarkObjects: 16.630800 ms  DeleteObjects: 2.362800 ms)

AssetImportParameters requested are different than current active one (requested -> active):
  custom:framework-win-MediaFoundation: 216162199b28c13a410421893ffa2e32 -> 
  custom:video-decoder-ogg-theora: a1e56fd34408186e4bbccfd4996cb3dc -> 
  custom:container-muxer-webm: aa71ff27fc2769a1b78a27578f13a17b -> 
  custom:container-demuxer-webm: 4f35f7cbe854078d1ac9338744f61a02 -> 
  custom:container-demuxer-ogg: 62fdf1f143b41e24485cea50d1cbac27 -> 
  custom:video-encoder-webm-vp8: eb34c28f22e8b96e1ab97ce403110664 -> 
  custom:video-codec-MediaFoundation-h265: 746d11721c4dcdbdad8f713fa42b33f4 -> 
  custom:video-decoder-webm-vp8: 9c59270c3fd7afecdb556c50c9e8de78 -> 
  custom:audio-decoder-ogg-vorbis: bf7c407c2cedff20999df2af8eb42d56 -> 
  custom:audio-encoder-webm-vorbis: bf7c407c2cedff20999df2af8eb42d56 -> 
========================================================================
Received Prepare
Registering precompiled user dll's ...
Registered in 0.128421 seconds.
Begin MonoManager ReloadAssembly
Symbol file LoadedFromMemory is not a mono symbol file
Native extension for WindowsStandalone target not found
Refreshing native plugins compatible for Editor in 4.60 ms, found 7 plugins.
Preloading 0 native plugins for Editor in 0.00 ms.
Mono: successfully reloaded assembly
- Completed reload, in  5.182 seconds
Domain Reload Profiling:
	ReloadAssembly (5198ms)
		BeginReloadAssembly (519ms)
			ExecutionOrderSort (0ms)
			DisableScriptedObjects (34ms)
			BackupInstance (0ms)
			ReleaseScriptingObjects (3ms)
			CreateAndSetChildDomain (247ms)
		EndReloadAssembly (4509ms)
			LoadAssemblies (364ms)
			RebuildTransferFunctionScriptingTraits (2ms)
			SetupTypeCache (895ms)
			ReleaseScriptCaches (5ms)
			RebuildScriptCaches (144ms)
			SetupLoadedEditorAssemblies (2212ms)
				LogAssemblyErrors (0ms)
				InitializePlatformSupportModulesInManaged (13ms)
				SetLoadedEditorAssemblies (1ms)
				RefreshPlugins (5ms)
				BeforeProcessingInitializeOnLoad (279ms)
				ProcessInitializeOnLoadAttributes (1846ms)
				ProcessInitializeOnLoadMethodAttributes (52ms)
				AfterProcessingInitializeOnLoad (14ms)
				EditorAssembliesLoaded (1ms)
			ExecutionOrderSort2 (0ms)
			AwakeInstancesAfterBackupRestoration (107ms)
Platform modules already initialized, skipping
Switching build target platform(19) subTarget(0) extendedPlatform(0) -> platform(21) subTarget(0) extendedPlatform(0)
Refreshing native plugins compatible for Editor in 3.89 ms, found 7 plugins.
Preloading 0 native plugins for Editor in 0.00 ms.
Unloading 5308 Unused Serialized files (Serialized files now loaded: 0)
System memory in use before: 339.2 MB.
System memory in use after: 338.6 MB.

Unloading 47 unused Assets to reduce memory usage. Loaded Objects now: 6427.
Total: 13.736000 ms (FindLiveObjects: 1.044200 ms CreateObjectMapping: 0.480400 ms MarkObjects: 9.333200 ms  DeleteObjects: 2.873300 ms)

AssetImportParameters requested are different than current active one (requested -> active):
  custom:framework-win-MediaFoundation: 216162199b28c13a410421893ffa2e32 -> 
  custom:video-decoder-ogg-theora: a1e56fd34408186e4bbccfd4996cb3dc -> 
  custom:container-muxer-webm: aa71ff27fc2769a1b78a27578f13a17b -> 
  custom:container-demuxer-webm: 4f35f7cbe854078d1ac9338744f61a02 -> 
  custom:container-demuxer-ogg: 62fdf1f143b41e24485cea50d1cbac27 -> 
  custom:video-encoder-webm-vp8: eb34c28f22e8b96e1ab97ce403110664 -> 
  custom:video-codec-MediaFoundation-h265: 746d11721c4dcdbdad8f713fa42b33f4 -> 
  custom:video-decoder-webm-vp8: 9c59270c3fd7afecdb556c50c9e8de78 -> 
  custom:audio-decoder-ogg-vorbis: bf7c407c2cedff20999df2af8eb42d56 -> 
  custom:audio-encoder-webm-vorbis: bf7c407c2cedff20999df2af8eb42d56 -> 
========================================================================
Received Prepare
Registering precompiled user dll's ...
Registered in 0.056461 seconds.
Begin MonoManager ReloadAssembly
Symbol file LoadedFromMemory is not a mono symbol file
Native extension for WindowsStandalone target not found
Refreshing native plugins compatible for Editor in 6.23 ms, found 7 plugins.
Preloading 0 native plugins for Editor in 0.00 ms.
Mono: successfully reloaded assembly
- Completed reload, in  8.829 seconds
Domain Reload Profiling:
	ReloadAssembly (8908ms)
		BeginReloadAssembly (1853ms)
			ExecutionOrderSort (0ms)
			DisableScriptedObjects (402ms)
			BackupInstance (0ms)
			ReleaseScriptingObjects (8ms)
			CreateAndSetChildDomain (774ms)
		EndReloadAssembly (6760ms)
			LoadAssemblies (704ms)
			RebuildTransferFunctionScriptingTraits (26ms)
			SetupTypeCache (1472ms)
			ReleaseScriptCaches (15ms)
			RebuildScriptCaches (203ms)
			SetupLoadedEditorAssemblies (2831ms)
				LogAssemblyErrors (0ms)
				InitializePlatformSupportModulesInManaged (22ms)
				SetLoadedEditorAssemblies (3ms)
				RefreshPlugins (6ms)
				BeforeProcessingInitializeOnLoad (471ms)
				ProcessInitializeOnLoadAttributes (2273ms)
				ProcessInitializeOnLoadMethodAttributes (40ms)
				AfterProcessingInitializeOnLoad (15ms)
				EditorAssembliesLoaded (2ms)
			ExecutionOrderSort2 (0ms)
			AwakeInstancesAfterBackupRestoration (93ms)
Platform modules already initialized, skipping
Switching build target platform(19) subTarget(0) extendedPlatform(0) -> platform(21) subTarget(0) extendedPlatform(0)
Refreshing native plugins compatible for Editor in 3.05 ms, found 7 plugins.
Preloading 0 native plugins for Editor in 0.00 ms.
Unloading 5308 Unused Serialized files (Serialized files now loaded: 0)
System memory in use before: 339.2 MB.
System memory in use after: 338.6 MB.

Unloading 47 unused Assets to reduce memory usage. Loaded Objects now: 6430.
Total: 12.258800 ms (FindLiveObjects: 0.911000 ms CreateObjectMapping: 0.393200 ms MarkObjects: 8.442100 ms  DeleteObjects: 2.508300 ms)

AssetImportParameters requested are different than current active one (requested -> active):
  custom:framework-win-MediaFoundation: 216162199b28c13a410421893ffa2e32 -> 
  custom:video-decoder-ogg-theora: a1e56fd34408186e4bbccfd4996cb3dc -> 
  custom:container-muxer-webm: aa71ff27fc2769a1b78a27578f13a17b -> 
  custom:container-demuxer-webm: 4f35f7cbe854078d1ac9338744f61a02 -> 
  custom:container-demuxer-ogg: 62fdf1f143b41e24485cea50d1cbac27 -> 
  custom:video-encoder-webm-vp8: eb34c28f22e8b96e1ab97ce403110664 -> 
  custom:video-codec-MediaFoundation-h265: 746d11721c4dcdbdad8f713fa42b33f4 -> 
  custom:video-decoder-webm-vp8: 9c59270c3fd7afecdb556c50c9e8de78 -> 
  custom:audio-decoder-ogg-vorbis: bf7c407c2cedff20999df2af8eb42d56 -> 
  custom:audio-encoder-webm-vorbis: bf7c407c2cedff20999df2af8eb42d56 -> 
========================================================================
Received Prepare
Registering precompiled user dll's ...
Registered in 0.075821 seconds.
Begin MonoManager ReloadAssembly
Symbol file LoadedFromMemory is not a mono symbol file
Native extension for WindowsStandalone target not found
Refreshing native plugins compatible for Editor in 8.29 ms, found 7 plugins.
Preloading 0 native plugins for Editor in 0.00 ms.
Mono: successfully reloaded assembly
- Completed reload, in 11.013 seconds
Domain Reload Profiling:
	ReloadAssembly (11029ms)
		BeginReloadAssembly (1085ms)
			ExecutionOrderSort (0ms)
			DisableScriptedObjects (79ms)
			BackupInstance (0ms)
			ReleaseScriptingObjects (1ms)
			CreateAndSetChildDomain (540ms)
		EndReloadAssembly (9440ms)
			LoadAssemblies (738ms)
			RebuildTransferFunctionScriptingTraits (0ms)
			SetupTypeCache (3013ms)
			ReleaseScriptCaches (10ms)
			RebuildScriptCaches (590ms)
			SetupLoadedEditorAssemblies (3073ms)
				LogAssemblyErrors (0ms)
				InitializePlatformSupportModulesInManaged (22ms)
				SetLoadedEditorAssemblies (2ms)
				RefreshPlugins (9ms)
				BeforeProcessingInitializeOnLoad (544ms)
				ProcessInitializeOnLoadAttributes (2397ms)
				ProcessInitializeOnLoadMethodAttributes (69ms)
				AfterProcessingInitializeOnLoad (29ms)
				EditorAssembliesLoaded (1ms)
			ExecutionOrderSort2 (0ms)
			AwakeInstancesAfterBackupRestoration (156ms)
Platform modules already initialized, skipping
Switching build target platform(19) subTarget(0) extendedPlatform(0) -> platform(21) subTarget(0) extendedPlatform(0)
Refreshing native plugins compatible for Editor in 7.26 ms, found 7 plugins.
Preloading 0 native plugins for Editor in 0.00 ms.
Unloading 5308 Unused Serialized files (Serialized files now loaded: 0)
System memory in use before: 339.6 MB.
System memory in use after: 338.8 MB.

Unloading 47 unused Assets to reduce memory usage. Loaded Objects now: 6433.
Total: 28.981700 ms (FindLiveObjects: 2.001800 ms CreateObjectMapping: 1.050500 ms MarkObjects: 20.282800 ms  DeleteObjects: 5.639100 ms)

AssetImportParameters requested are different than current active one (requested -> active):
  custom:framework-win-MediaFoundation: 216162199b28c13a410421893ffa2e32 -> 
  custom:video-decoder-ogg-theora: a1e56fd34408186e4bbccfd4996cb3dc -> 
  custom:container-muxer-webm: aa71ff27fc2769a1b78a27578f13a17b -> 
  custom:container-demuxer-webm: 4f35f7cbe854078d1ac9338744f61a02 -> 
  custom:container-demuxer-ogg: 62fdf1f143b41e24485cea50d1cbac27 -> 
  custom:video-encoder-webm-vp8: eb34c28f22e8b96e1ab97ce403110664 -> 
  custom:video-codec-MediaFoundation-h265: 746d11721c4dcdbdad8f713fa42b33f4 -> 
  custom:video-decoder-webm-vp8: 9c59270c3fd7afecdb556c50c9e8de78 -> 
  custom:audio-decoder-ogg-vorbis: bf7c407c2cedff20999df2af8eb42d56 -> 
  custom:audio-encoder-webm-vorbis: bf7c407c2cedff20999df2af8eb42d56 -> 
========================================================================
Received Import Request.
  Time since last request: 901.905500 seconds.
  path: Assets/PreFabs/Sphere 1.prefab
  artifactKey: Guid(73bb077d2b34a774da574a18688d364f) Importer(815301076,1909f56bfc062723c751e8b465ee728b)
Start importing Assets/PreFabs/Sphere 1.prefab using Guid(73bb077d2b34a774da574a18688d364f) Importer(815301076,1909f56bfc062723c751e8b465ee728b)  -> (artifact id: '25ebbd3f12e394c62050ca8ca7066b3b') in 5.768223 seconds 
  Import took 6.109965 seconds .

========================================================================
Received Prepare
Registering precompiled user dll's ...
Registered in 0.074927 seconds.
Begin MonoManager ReloadAssembly
Symbol file LoadedFromMemory is not a mono symbol file
Native extension for WindowsStandalone target not found
Refreshing native plugins compatible for Editor in 4.97 ms, found 7 plugins.
Preloading 0 native plugins for Editor in 0.00 ms.
Mono: successfully reloaded assembly
- Completed reload, in 10.259 seconds
Domain Reload Profiling:
	ReloadAssembly (10311ms)
		BeginReloadAssembly (2307ms)
			ExecutionOrderSort (0ms)
			DisableScriptedObjects (523ms)
			BackupInstance (0ms)
			ReleaseScriptingObjects (2ms)
			CreateAndSetChildDomain (1087ms)
		EndReloadAssembly (7674ms)
			LoadAssemblies (1185ms)
			RebuildTransferFunctionScriptingTraits (3ms)
			SetupTypeCache (1282ms)
			ReleaseScriptCaches (16ms)
			RebuildScriptCaches (162ms)
			SetupLoadedEditorAssemblies (4150ms)
				LogAssemblyErrors (0ms)
				InitializePlatformSupportModulesInManaged (17ms)
				SetLoadedEditorAssemblies (2ms)
				RefreshPlugins (6ms)
				BeforeProcessingInitializeOnLoad (312ms)
				ProcessInitializeOnLoadAttributes (3764ms)
				ProcessInitializeOnLoadMethodAttributes (37ms)
				AfterProcessingInitializeOnLoad (10ms)
				EditorAssembliesLoaded (2ms)
			ExecutionOrderSort2 (0ms)
			AwakeInstancesAfterBackupRestoration (81ms)
Platform modules already initialized, skipping
Switching build target platform(19) subTarget(0) extendedPlatform(0) -> platform(21) subTarget(0) extendedPlatform(0)
Refreshing native plugins compatible for Editor in 3.58 ms, found 7 plugins.
Preloading 0 native plugins for Editor in 0.00 ms.
Unloading 5308 Unused Serialized files (Serialized files now loaded: 0)
System memory in use before: 339.8 MB.
System memory in use after: 339.2 MB.

Unloading 47 unused Assets to reduce memory usage. Loaded Objects now: 6538.
Total: 37.310000 ms (FindLiveObjects: 2.140800 ms CreateObjectMapping: 0.976500 ms MarkObjects: 28.048500 ms  DeleteObjects: 6.138600 ms)

AssetImportParameters requested are different than current active one (requested -> active):
  custom:framework-win-MediaFoundation: 216162199b28c13a410421893ffa2e32 -> 
  custom:video-decoder-ogg-theora: a1e56fd34408186e4bbccfd4996cb3dc -> 
  custom:container-muxer-webm: aa71ff27fc2769a1b78a27578f13a17b -> 
  custom:container-demuxer-webm: 4f35f7cbe854078d1ac9338744f61a02 -> 
  custom:container-demuxer-ogg: 62fdf1f143b41e24485cea50d1cbac27 -> 
  custom:video-encoder-webm-vp8: eb34c28f22e8b96e1ab97ce403110664 -> 
  custom:video-codec-MediaFoundation-h265: 746d11721c4dcdbdad8f713fa42b33f4 -> 
  custom:video-decoder-webm-vp8: 9c59270c3fd7afecdb556c50c9e8de78 -> 
  custom:audio-decoder-ogg-vorbis: bf7c407c2cedff20999df2af8eb42d56 -> 
  custom:audio-encoder-webm-vorbis: bf7c407c2cedff20999df2af8eb42d56 -> 
========================================================================
Received Import Request.
  Time since last request: 437.099925 seconds.
  path: Assets/PreFabs/ADStriple.prefab
  artifactKey: Guid(5607b5c0cb344e84ca992eea507cbdb5) Importer(815301076,1909f56bfc062723c751e8b465ee728b)
Start importing Assets/PreFabs/ADStriple.prefab using Guid(5607b5c0cb344e84ca992eea507cbdb5) Importer(815301076,1909f56bfc062723c751e8b465ee728b)  -> (artifact id: '984d7ff13276e3e969ed464cc3168178') in 7.494184 seconds 
  Import took 7.730788 seconds .

========================================================================
Received Import Request.
  Time since last request: 0.002636 seconds.
  path: Assets/PreFabs/ACP 1.prefab
  artifactKey: Guid(58315ce70d4add0479ccc9ec9b85e14d) Importer(815301076,1909f56bfc062723c751e8b465ee728b)
Start importing Assets/PreFabs/ACP 1.prefab using Guid(58315ce70d4add0479ccc9ec9b85e14d) Importer(815301076,1909f56bfc062723c751e8b465ee728b)  -> (artifact id: 'ba820a90659b25b1d0a316203ac2aeae') in 0.623545 seconds 
  Import took 0.684407 seconds .

========================================================================
Received Import Request.
  Time since last request: 0.001726 seconds.
  path: Assets/PreFabs/HologramACP.prefab
  artifactKey: Guid(c3d379fe6ae4a0846a7b9fc5fe96070b) Importer(815301076,1909f56bfc062723c751e8b465ee728b)
Start importing Assets/PreFabs/HologramACP.prefab using Guid(c3d379fe6ae4a0846a7b9fc5fe96070b) Importer(815301076,1909f56bfc062723c751e8b465ee728b)  -> (artifact id: '2075e74e58c40a5b2ba2a3c6a38d14d5') in 0.744128 seconds 
  Import took 0.781032 seconds .

========================================================================
Received Import Request.
  Time since last request: 0.001051 seconds.
  path: Assets/PreFabs/ADSdouble.prefab
  artifactKey: Guid(a50f2fb1c75d5884f8767c6df7ce1de7) Importer(815301076,1909f56bfc062723c751e8b465ee728b)
Start importing Assets/PreFabs/ADSdouble.prefab using Guid(a50f2fb1c75d5884f8767c6df7ce1de7) Importer(815301076,1909f56bfc062723c751e8b465ee728b)  -> (artifact id: 'ab646e4ec6ba0ac248f334a3ffd0dad9') in 0.223336 seconds 
  Import took 0.255673 seconds .

========================================================================
Received Import Request.
  Time since last request: 0.001426 seconds.
  path: Assets/PreFabs/DGpallet.prefab
  artifactKey: Guid(e57f509034c74554cbf75dae609c70ae) Importer(815301076,1909f56bfc062723c751e8b465ee728b)
Start importing Assets/PreFabs/DGpallet.prefab using Guid(e57f509034c74554cbf75dae609c70ae) Importer(815301076,1909f56bfc062723c751e8b465ee728b)  -> (artifact id: '6c8f92282094911af378c4a34c8abb49') in 0.480951 seconds 
  Import took 0.532251 seconds .

========================================================================
Received Import Request.
  Time since last request: 0.001763 seconds.
  path: Assets/PreFabs/ACPold.prefab
  artifactKey: Guid(8a411384e95842346aee4a197345d726) Importer(815301076,1909f56bfc062723c751e8b465ee728b)
Start importing Assets/PreFabs/ACPold.prefab using Guid(8a411384e95842346aee4a197345d726) Importer(815301076,1909f56bfc062723c751e8b465ee728b)  -> (artifact id: 'd976a7cf72333244a9131d3b4c6bef16') in 0.659562 seconds 
  Import took 0.710744 seconds .

========================================================================
Received Import Request.
  Time since last request: 0.002315 seconds.
  path: Assets/PreFabs/DeleteQd.prefab
  artifactKey: Guid(2175cd9b2ebf4044bb0bd136884c0ea0) Importer(815301076,1909f56bfc062723c751e8b465ee728b)
Start importing Assets/PreFabs/DeleteQd.prefab using Guid(2175cd9b2ebf4044bb0bd136884c0ea0) Importer(815301076,1909f56bfc062723c751e8b465ee728b)  -> (artifact id: '3e35451cbd9485c6d2244806a307cfd6') in 0.109150 seconds 
  Import took 0.169817 seconds .

========================================================================
Received Import Request.
  Time since last request: 0.001936 seconds.
  path: Assets/PreFabs/DangerousCrate.prefab
  artifactKey: Guid(6804342c8d6d1314ab3593eab54f3963) Importer(815301076,1909f56bfc062723c751e8b465ee728b)
Start importing Assets/PreFabs/DangerousCrate.prefab using Guid(6804342c8d6d1314ab3593eab54f3963) Importer(815301076,1909f56bfc062723c751e8b465ee728b)  -> (artifact id: '58418bfa13a246726ba869bc16d87b11') in 0.404218 seconds 
  Import took 0.452216 seconds .

========================================================================
Received Import Request.
  Time since last request: 0.001390 seconds.
  path: Assets/PreFabs/dblpalletLOGS 1 1.prefab
  artifactKey: Guid(690aac60ef09712459736230af0a7cc8) Importer(815301076,1909f56bfc062723c751e8b465ee728b)
Start importing Assets/PreFabs/dblpalletLOGS 1 1.prefab using Guid(690aac60ef09712459736230af0a7cc8) Importer(815301076,1909f56bfc062723c751e8b465ee728b)  -> (artifact id: '6df907d2d29a7c833d57306ef4288914') in 0.466996 seconds 
  Import took 0.532254 seconds .

========================================================================
Received Import Request.
  Time since last request: 0.001940 seconds.
  path: Assets/PreFabs/DGCANVAS.prefab
  artifactKey: Guid(40486c096b6ed774da87b0eda0cabbd7) Importer(815301076,1909f56bfc062723c751e8b465ee728b)
Start importing Assets/PreFabs/DGCANVAS.prefab using Guid(40486c096b6ed774da87b0eda0cabbd7) Importer(815301076,1909f56bfc062723c751e8b465ee728b)  -> (artifact id: 'b5939b36a9cea99be56491b336e89886') in 0.406044 seconds 
  Import took 0.442789 seconds .

========================================================================
Received Import Request.
  Time since last request: 0.003647 seconds.
  path: Assets/PreFabs/HologramACP 1.prefab
  artifactKey: Guid(48440fd6cebf86942aef386e45507ef1) Importer(815301076,1909f56bfc062723c751e8b465ee728b)
Start importing Assets/PreFabs/HologramACP 1.prefab using Guid(48440fd6cebf86942aef386e45507ef1) Importer(815301076,1909f56bfc062723c751e8b465ee728b)  -> (artifact id: 'ab7bfbe1e4603b4287f39076d8435a7b') in 0.686016 seconds 
  Import took 0.746628 seconds .

========================================================================
Received Import Request.
  Time since last request: 0.000660 seconds.
  path: Assets/PreFabs/LOGSdbl .prefab
  artifactKey: Guid(9850cab6fe33c2b44bcc09ff52ded7ba) Importer(815301076,1909f56bfc062723c751e8b465ee728b)
Start importing Assets/PreFabs/LOGSdbl .prefab using Guid(9850cab6fe33c2b44bcc09ff52ded7ba) Importer(815301076,1909f56bfc062723c751e8b465ee728b)  -> (artifact id: 'f76f1b79cf91bee8d746513fa3349f13') in 0.759261 seconds 
  Import took 1.008778 seconds .

========================================================================
Received Import Request.
  Time since last request: 0.026467 seconds.
  path: Assets/PreFabs/LOGStriple.prefab
  artifactKey: Guid(aa6e3d6465ae4b041b7e92dcd0dd5d2b) Importer(815301076,1909f56bfc062723c751e8b465ee728b)
Start importing Assets/PreFabs/LOGStriple.prefab using Guid(aa6e3d6465ae4b041b7e92dcd0dd5d2b) Importer(815301076,1909f56bfc062723c751e8b465ee728b)  -> (artifact id: 'a307c8777ea1c1d82a1ebb9861dcacf4') in 1.046752 seconds 
  Import took 1.226501 seconds .

========================================================================
Received Import Request.
  Time since last request: 0.000704 seconds.
  path: Assets/PreFabs/DGCANVAS 1.prefab
  artifactKey: Guid(d2cad4dffe20313438657b13d78197bd) Importer(815301076,1909f56bfc062723c751e8b465ee728b)
Start importing Assets/PreFabs/DGCANVAS 1.prefab using Guid(d2cad4dffe20313438657b13d78197bd) Importer(815301076,1909f56bfc062723c751e8b465ee728b)  -> (artifact id: 'cffe53dcccaae68f21a14225429c15c5') in 0.703658 seconds 
  Import took 0.756689 seconds .

========================================================================
Received Import Request.
  Time since last request: 0.003298 seconds.
  path: Assets/PreFabs/ACPcopy.prefab
  artifactKey: Guid(062b218609c42df40a2c1e23ff53263c) Importer(815301076,1909f56bfc062723c751e8b465ee728b)
Start importing Assets/PreFabs/ACPcopy.prefab using Guid(062b218609c42df40a2c1e23ff53263c) Importer(815301076,1909f56bfc062723c751e8b465ee728b)  -> (artifact id: 'da842bba5b72a95eb848432f96458fd7') in 0.671781 seconds 
  Import took 0.718454 seconds .

========================================================================
Received Import Request.
  Time since last request: 0.002052 seconds.
  path: Assets/PreFabs/ACP.prefab
  artifactKey: Guid(49fa7c2a4e5afef4781d19755e3fe87d) Importer(815301076,1909f56bfc062723c751e8b465ee728b)
Start importing Assets/PreFabs/ACP.prefab using Guid(49fa7c2a4e5afef4781d19755e3fe87d) Importer(815301076,1909f56bfc062723c751e8b465ee728b)  -> (artifact id: '312d86330106856f754f12e3d9239c91') in 0.733592 seconds 
  Import took 0.796208 seconds .

========================================================================
Received Import Request.
  Time since last request: 0.000921 seconds.
  path: Assets/Scripts/ContactDbl.cs
  artifactKey: Guid(74e99be1850815446836a1f38efcf97d) Importer(815301076,1909f56bfc062723c751e8b465ee728b)
Start importing Assets/Scripts/ContactDbl.cs using Guid(74e99be1850815446836a1f38efcf97d) Importer(815301076,1909f56bfc062723c751e8b465ee728b)  -> (artifact id: '0ac2d06700949498fcaa7b761616eda9') in 0.074150 seconds 
  Import took 0.129216 seconds .

========================================================================
Received Import Request.
  Time since last request: 0.004053 seconds.
  path: Assets/PreFabs/ACP.prefab
  artifactKey: Guid(49fa7c2a4e5afef4781d19755e3fe87d) Importer(815301076,1909f56bfc062723c751e8b465ee728b)
Start importing Assets/PreFabs/ACP.prefab using Guid(49fa7c2a4e5afef4781d19755e3fe87d) Importer(815301076,1909f56bfc062723c751e8b465ee728b)  -> (artifact id: '312d86330106856f754f12e3d9239c91') in 0.679022 seconds 
  Import took 0.845412 seconds .

========================================================================
Received Import Request.
  Time since last request: 0.000947 seconds.
  path: Assets/PreFabs/DBLLOGS.prefab
  artifactKey: Guid(8cd16c5648b59c245af10566ef5dea05) Importer(815301076,1909f56bfc062723c751e8b465ee728b)
Start importing Assets/PreFabs/DBLLOGS.prefab using Guid(8cd16c5648b59c245af10566ef5dea05) Importer(815301076,1909f56bfc062723c751e8b465ee728b)  -> (artifact id: '834a124a3d711e4e030692ca2fa4c501') in 0.314133 seconds 
  Import took 0.372190 seconds .

========================================================================
Received Import Request.
  Time since last request: 0.000910 seconds.
  path: Assets/PreFabs/LOGSQD.prefab
  artifactKey: Guid(309976a7d227ace46b7f3eb50337c459) Importer(815301076,1909f56bfc062723c751e8b465ee728b)
Start importing Assets/PreFabs/LOGSQD.prefab using Guid(309976a7d227ace46b7f3eb50337c459) Importer(815301076,1909f56bfc062723c751e8b465ee728b)  -> (artifact id: '9d55442537a0214fbc401dca95d7851c') in 0.416167 seconds 
  Import took 0.463249 seconds .

========================================================================
Received Import Request.
  Time since last request: 0.001457 seconds.
  path: Assets/PreFabs/ADSquad.prefab
  artifactKey: Guid(6c29bc3fb62bbd1438031231cf5b9e0b) Importer(815301076,1909f56bfc062723c751e8b465ee728b)
Start importing Assets/PreFabs/ADSquad.prefab using Guid(6c29bc3fb62bbd1438031231cf5b9e0b) Importer(815301076,1909f56bfc062723c751e8b465ee728b)  -> (artifact id: '9923b7f5358992b366add0a4ac0ba93e') in 0.525448 seconds 
  Import took 0.613798 seconds .

========================================================================
Received Prepare
Registering precompiled user dll's ...
Registered in 0.109842 seconds.
Begin MonoManager ReloadAssembly
Symbol file LoadedFromMemory is not a mono symbol file
Native extension for WindowsStandalone target not found
Refreshing native plugins compatible for Editor in 3.61 ms, found 7 plugins.
Preloading 0 native plugins for Editor in 0.00 ms.
Mono: successfully reloaded assembly
- Completed reload, in  8.006 seconds
Domain Reload Profiling:
	ReloadAssembly (8040ms)
		BeginReloadAssembly (2163ms)
			ExecutionOrderSort (0ms)
			DisableScriptedObjects (524ms)
			BackupInstance (0ms)
			ReleaseScriptingObjects (4ms)
			CreateAndSetChildDomain (1152ms)
		EndReloadAssembly (5512ms)
			LoadAssemblies (601ms)
			RebuildTransferFunctionScriptingTraits (1ms)
			SetupTypeCache (1251ms)
			ReleaseScriptCaches (9ms)
			RebuildScriptCaches (204ms)
			SetupLoadedEditorAssemblies (2114ms)
				LogAssemblyErrors (0ms)
				InitializePlatformSupportModulesInManaged (13ms)
				SetLoadedEditorAssemblies (1ms)
				RefreshPlugins (4ms)
				BeforeProcessingInitializeOnLoad (294ms)
				ProcessInitializeOnLoadAttributes (1719ms)
				ProcessInitializeOnLoadMethodAttributes (60ms)
				AfterProcessingInitializeOnLoad (23ms)
				EditorAssembliesLoaded (1ms)
			ExecutionOrderSort2 (0ms)
			AwakeInstancesAfterBackupRestoration (153ms)
Platform modules already initialized, skipping
Switching build target platform(19) subTarget(0) extendedPlatform(0) -> platform(21) subTarget(0) extendedPlatform(0)
Refreshing native plugins compatible for Editor in 5.92 ms, found 7 plugins.
Preloading 0 native plugins for Editor in 0.00 ms.
Unloading 5308 Unused Serialized files (Serialized files now loaded: 0)
System memory in use before: 340.5 MB.
System memory in use after: 339.9 MB.

Unloading 52 unused Assets to reduce memory usage. Loaded Objects now: 6646.
Total: 46.784400 ms (FindLiveObjects: 2.657500 ms CreateObjectMapping: 0.918600 ms MarkObjects: 38.580500 ms  DeleteObjects: 4.620500 ms)

AssetImportParameters requested are different than current active one (requested -> active):
  custom:framework-win-MediaFoundation: 216162199b28c13a410421893ffa2e32 -> 
  custom:video-decoder-ogg-theora: a1e56fd34408186e4bbccfd4996cb3dc -> 
  custom:container-muxer-webm: aa71ff27fc2769a1b78a27578f13a17b -> 
  custom:container-demuxer-webm: 4f35f7cbe854078d1ac9338744f61a02 -> 
  custom:container-demuxer-ogg: 62fdf1f143b41e24485cea50d1cbac27 -> 
  custom:video-encoder-webm-vp8: eb34c28f22e8b96e1ab97ce403110664 -> 
  custom:video-codec-MediaFoundation-h265: 746d11721c4dcdbdad8f713fa42b33f4 -> 
  custom:video-decoder-webm-vp8: 9c59270c3fd7afecdb556c50c9e8de78 -> 
  custom:audio-decoder-ogg-vorbis: bf7c407c2cedff20999df2af8eb42d56 -> 
  custom:audio-encoder-webm-vorbis: bf7c407c2cedff20999df2af8eb42d56 -> 
========================================================================
Received Import Request.
  Time since last request: 214.651854 seconds.
  path: Assets/PreFabs/ADSdouble.prefab
  artifactKey: Guid(a50f2fb1c75d5884f8767c6df7ce1de7) Importer(815301076,1909f56bfc062723c751e8b465ee728b)
Start importing Assets/PreFabs/ADSdouble.prefab using Guid(a50f2fb1c75d5884f8767c6df7ce1de7) Importer(815301076,1909f56bfc062723c751e8b465ee728b)  -> (artifact id: '26a47b78cea5fea68e96fa1e2003b0e7') in 7.485927 seconds 
  Import took 7.670239 seconds .

========================================================================
Received Import Request.
  Time since last request: 25.487309 seconds.
  path: Assets/PreFabs/ADSdouble.prefab
  artifactKey: Guid(a50f2fb1c75d5884f8767c6df7ce1de7) Importer(815301076,1909f56bfc062723c751e8b465ee728b)
Start importing Assets/PreFabs/ADSdouble.prefab using Guid(a50f2fb1c75d5884f8767c6df7ce1de7) Importer(815301076,1909f56bfc062723c751e8b465ee728b)  -> (artifact id: '899a9c415af1604096b6fa2a24ee02b9') in 1.769257 seconds 
  Import took 2.216020 seconds .

========================================================================
Received Import Request.
  Time since last request: 35.118547 seconds.
  path: Assets/PreFabs/ACP 1.prefab
  artifactKey: Guid(58315ce70d4add0479ccc9ec9b85e14d) Importer(815301076,1909f56bfc062723c751e8b465ee728b)
Start importing Assets/PreFabs/ACP 1.prefab using Guid(58315ce70d4add0479ccc9ec9b85e14d) Importer(815301076,1909f56bfc062723c751e8b465ee728b)  -> (artifact id: '898cf6a73c85beb17fda73fee31821f9') in 2.590925 seconds 
  Import took 3.310313 seconds .

========================================================================
Received Import Request.
  Time since last request: 0.001527 seconds.
  path: Assets/PreFabs/ADStriple.prefab
  artifactKey: Guid(5607b5c0cb344e84ca992eea507cbdb5) Importer(815301076,1909f56bfc062723c751e8b465ee728b)
Start importing Assets/PreFabs/ADStriple.prefab using Guid(5607b5c0cb344e84ca992eea507cbdb5) Importer(815301076,1909f56bfc062723c751e8b465ee728b)  -> (artifact id: '8ca35b51cfb177ca31c2ce62c54f06a6') in 0.454573 seconds 
  Import took 0.495719 seconds .

========================================================================
Received Import Request.
  Time since last request: 0.000805 seconds.
  path: Assets/PreFabs/ACPold.prefab
  artifactKey: Guid(8a411384e95842346aee4a197345d726) Importer(815301076,1909f56bfc062723c751e8b465ee728b)
Start importing Assets/PreFabs/ACPold.prefab using Guid(8a411384e95842346aee4a197345d726) Importer(815301076,1909f56bfc062723c751e8b465ee728b)  -> (artifact id: 'ffcfb89251505836abb63a0d4d4a03d5') in 0.716690 seconds 
  Import took 0.757559 seconds .

========================================================================
Received Import Request.
  Time since last request: 0.000668 seconds.
  path: Assets/PreFabs/DangerousCrate.prefab
  artifactKey: Guid(6804342c8d6d1314ab3593eab54f3963) Importer(815301076,1909f56bfc062723c751e8b465ee728b)
Start importing Assets/PreFabs/DangerousCrate.prefab using Guid(6804342c8d6d1314ab3593eab54f3963) Importer(815301076,1909f56bfc062723c751e8b465ee728b)  -> (artifact id: '9a3b7167d7f02dd4d01206f536c1b2b8') in 0.308291 seconds 
  Import took 0.351133 seconds .

========================================================================
Received Import Request.
  Time since last request: 0.001015 seconds.
  path: Assets/PreFabs/ACPcopy.prefab
  artifactKey: Guid(062b218609c42df40a2c1e23ff53263c) Importer(815301076,1909f56bfc062723c751e8b465ee728b)
Start importing Assets/PreFabs/ACPcopy.prefab using Guid(062b218609c42df40a2c1e23ff53263c) Importer(815301076,1909f56bfc062723c751e8b465ee728b)  -> (artifact id: '13b3eb178d03c98a3dc7b3fe3478c6d7') in 0.597254 seconds 
  Import took 0.667871 seconds .

========================================================================
Received Import Request.
  Time since last request: 0.000747 seconds.
  path: Assets/PreFabs/ACP.prefab
  artifactKey: Guid(49fa7c2a4e5afef4781d19755e3fe87d) Importer(815301076,1909f56bfc062723c751e8b465ee728b)
Start importing Assets/PreFabs/ACP.prefab using Guid(49fa7c2a4e5afef4781d19755e3fe87d) Importer(815301076,1909f56bfc062723c751e8b465ee728b)  -> (artifact id: 'bff3a0e3757e24bfbfa57638d2f2c5af') in 0.495909 seconds 
  Import took 0.541969 seconds .

========================================================================
Received Import Request.
  Time since last request: 0.001102 seconds.
  path: Assets/PreFabs/ADSquad.prefab
  artifactKey: Guid(6c29bc3fb62bbd1438031231cf5b9e0b) Importer(815301076,1909f56bfc062723c751e8b465ee728b)
Start importing Assets/PreFabs/ADSquad.prefab using Guid(6c29bc3fb62bbd1438031231cf5b9e0b) Importer(815301076,1909f56bfc062723c751e8b465ee728b)  -> (artifact id: 'dd61dc4e58ef3399cddbc2f2eb8ce3dc') in 0.403826 seconds 
  Import took 0.451731 seconds .

========================================================================
Received Prepare
Registering precompiled user dll's ...
Registered in 0.045463 seconds.
Begin MonoManager ReloadAssembly
Symbol file LoadedFromMemory is not a mono symbol file
Native extension for WindowsStandalone target not found
Refreshing native plugins compatible for Editor in 3.99 ms, found 7 plugins.
Preloading 0 native plugins for Editor in 0.00 ms.
Mono: successfully reloaded assembly
- Completed reload, in  8.112 seconds
Domain Reload Profiling:
	ReloadAssembly (8160ms)
		BeginReloadAssembly (2723ms)
			ExecutionOrderSort (1ms)
			DisableScriptedObjects (755ms)
			BackupInstance (0ms)
			ReleaseScriptingObjects (5ms)
			CreateAndSetChildDomain (1482ms)
		EndReloadAssembly (5183ms)
			LoadAssemblies (444ms)
			RebuildTransferFunctionScriptingTraits (1ms)
			SetupTypeCache (1604ms)
			ReleaseScriptCaches (17ms)
			RebuildScriptCaches (230ms)
			SetupLoadedEditorAssemblies (1746ms)
				LogAssemblyErrors (0ms)
				InitializePlatformSupportModulesInManaged (13ms)
				SetLoadedEditorAssemblies (1ms)
				RefreshPlugins (4ms)
				BeforeProcessingInitializeOnLoad (350ms)
				ProcessInitializeOnLoadAttributes (1324ms)
				ProcessInitializeOnLoadMethodAttributes (42ms)
				AfterProcessingInitializeOnLoad (11ms)
				EditorAssembliesLoaded (1ms)
			ExecutionOrderSort2 (0ms)
			AwakeInstancesAfterBackupRestoration (105ms)
Platform modules already initialized, skipping
Switching build target platform(19) subTarget(0) extendedPlatform(0) -> platform(21) subTarget(0) extendedPlatform(0)
Refreshing native plugins compatible for Editor in 3.59 ms, found 7 plugins.
Preloading 0 native plugins for Editor in 0.00 ms.
Unloading 5308 Unused Serialized files (Serialized files now loaded: 0)
System memory in use before: 341.0 MB.
System memory in use after: 340.4 MB.

Unloading 51 unused Assets to reduce memory usage. Loaded Objects now: 6750.
Total: 19.218700 ms (FindLiveObjects: 1.736300 ms CreateObjectMapping: 0.704500 ms MarkObjects: 12.509400 ms  DeleteObjects: 4.239800 ms)

AssetImportParameters requested are different than current active one (requested -> active):
  custom:framework-win-MediaFoundation: 216162199b28c13a410421893ffa2e32 -> 
  custom:video-decoder-ogg-theora: a1e56fd34408186e4bbccfd4996cb3dc -> 
  custom:container-muxer-webm: aa71ff27fc2769a1b78a27578f13a17b -> 
  custom:container-demuxer-webm: 4f35f7cbe854078d1ac9338744f61a02 -> 
  custom:container-demuxer-ogg: 62fdf1f143b41e24485cea50d1cbac27 -> 
  custom:video-encoder-webm-vp8: eb34c28f22e8b96e1ab97ce403110664 -> 
  custom:video-codec-MediaFoundation-h265: 746d11721c4dcdbdad8f713fa42b33f4 -> 
  custom:video-decoder-webm-vp8: 9c59270c3fd7afecdb556c50c9e8de78 -> 
  custom:audio-decoder-ogg-vorbis: bf7c407c2cedff20999df2af8eb42d56 -> 
  custom:audio-encoder-webm-vorbis: bf7c407c2cedff20999df2af8eb42d56 -> 
========================================================================
Received Prepare
Registering precompiled user dll's ...
Registered in 0.084128 seconds.
Begin MonoManager ReloadAssembly
Symbol file LoadedFromMemory is not a mono symbol file
Native extension for WindowsStandalone target not found
Refreshing native plugins compatible for Editor in 3.15 ms, found 7 plugins.
Preloading 0 native plugins for Editor in 0.00 ms.
Mono: successfully reloaded assembly
- Completed reload, in  6.248 seconds
Domain Reload Profiling:
	ReloadAssembly (6273ms)
		BeginReloadAssembly (1123ms)
			ExecutionOrderSort (0ms)
			DisableScriptedObjects (152ms)
			BackupInstance (0ms)
			ReleaseScriptingObjects (1ms)
			CreateAndSetChildDomain (613ms)
		EndReloadAssembly (4910ms)
			LoadAssemblies (481ms)
			RebuildTransferFunctionScriptingTraits (1ms)
			SetupTypeCache (981ms)
			ReleaseScriptCaches (5ms)
			RebuildScriptCaches (177ms)
			SetupLoadedEditorAssemblies (1752ms)
				LogAssemblyErrors (0ms)
				InitializePlatformSupportModulesInManaged (13ms)
				SetLoadedEditorAssemblies (1ms)
				RefreshPlugins (3ms)
				BeforeProcessingInitializeOnLoad (308ms)
				ProcessInitializeOnLoadAttributes (1337ms)
				ProcessInitializeOnLoadMethodAttributes (70ms)
				AfterProcessingInitializeOnLoad (20ms)
				EditorAssembliesLoaded (1ms)
			ExecutionOrderSort2 (0ms)
			AwakeInstancesAfterBackupRestoration (207ms)
Platform modules already initialized, skipping
Switching build target platform(19) subTarget(0) extendedPlatform(0) -> platform(21) subTarget(0) extendedPlatform(0)
Refreshing native plugins compatible for Editor in 3.17 ms, found 7 plugins.
Preloading 0 native plugins for Editor in 0.00 ms.
Unloading 5308 Unused Serialized files (Serialized files now loaded: 0)
System memory in use before: 341.1 MB.
System memory in use after: 340.4 MB.

Unloading 47 unused Assets to reduce memory usage. Loaded Objects now: 6753.
Total: 15.896100 ms (FindLiveObjects: 1.898100 ms CreateObjectMapping: 0.774200 ms MarkObjects: 10.715200 ms  DeleteObjects: 2.505100 ms)

AssetImportParameters requested are different than current active one (requested -> active):
  custom:framework-win-MediaFoundation: 216162199b28c13a410421893ffa2e32 -> 
  custom:video-decoder-ogg-theora: a1e56fd34408186e4bbccfd4996cb3dc -> 
  custom:container-muxer-webm: aa71ff27fc2769a1b78a27578f13a17b -> 
  custom:container-demuxer-webm: 4f35f7cbe854078d1ac9338744f61a02 -> 
  custom:container-demuxer-ogg: 62fdf1f143b41e24485cea50d1cbac27 -> 
  custom:video-encoder-webm-vp8: eb34c28f22e8b96e1ab97ce403110664 -> 
  custom:video-codec-MediaFoundation-h265: 746d11721c4dcdbdad8f713fa42b33f4 -> 
  custom:video-decoder-webm-vp8: 9c59270c3fd7afecdb556c50c9e8de78 -> 
  custom:audio-decoder-ogg-vorbis: bf7c407c2cedff20999df2af8eb42d56 -> 
  custom:audio-encoder-webm-vorbis: bf7c407c2cedff20999df2af8eb42d56 -> 
========================================================================
Received Import Request.
  Time since last request: 484.338719 seconds.
  path: Assets/PreFabs/TRIPLEADS.prefab
  artifactKey: Guid(6fbf51053f00d9c44af25a5b6f6d9646) Importer(815301076,1909f56bfc062723c751e8b465ee728b)
Start importing Assets/PreFabs/TRIPLEADS.prefab using Guid(6fbf51053f00d9c44af25a5b6f6d9646) Importer(815301076,1909f56bfc062723c751e8b465ee728b)  -> (artifact id: '90d245cb78804c7a4d78bfacce42f8d6') in 4.809914 seconds 
  Import took 4.860374 seconds .

========================================================================
Received Import Request.
  Time since last request: 0.002704 seconds.
  path: Assets/PreFabs/TRIPLELOGS.prefab
  artifactKey: Guid(02209efed9582f147a029faad2c45996) Importer(815301076,1909f56bfc062723c751e8b465ee728b)
Start importing Assets/PreFabs/TRIPLELOGS.prefab using Guid(02209efed9582f147a029faad2c45996) Importer(815301076,1909f56bfc062723c751e8b465ee728b)  -> (artifact id: '6fbdd1c1b2feca145ad3d4de6b8103c7') in 0.935096 seconds 
  Import took 0.966719 seconds .

========================================================================
Received Import Request.
  Time since last request: 0.000487 seconds.
  path: Assets/PreFabs/Sphere.prefab
  artifactKey: Guid(fbd45b6b05ccafe4695ce2f915aceed7) Importer(815301076,1909f56bfc062723c751e8b465ee728b)
Start importing Assets/PreFabs/Sphere.prefab using Guid(fbd45b6b05ccafe4695ce2f915aceed7) Importer(815301076,1909f56bfc062723c751e8b465ee728b)  -> (artifact id: '19cdd0311dff1b27884b415559e5d5d3') in 0.177479 seconds 
  Import took 0.222524 seconds .

========================================================================
Received Import Request.
  Time since last request: 0.698044 seconds.
  path: Assets/PreFabs/QUADADS.prefab
  artifactKey: Guid(5f459782256d2e24abcae6860e37d984) Importer(815301076,1909f56bfc062723c751e8b465ee728b)
Start importing Assets/PreFabs/QUADADS.prefab using Guid(5f459782256d2e24abcae6860e37d984) Importer(815301076,1909f56bfc062723c751e8b465ee728b)  -> (artifact id: '1d14c90f71019fa52d1a50ca9005b560') in 0.746961 seconds 
  Import took 0.772658 seconds .

========================================================================
Received Import Request.
  Time since last request: 0.000474 seconds.
  path: Assets/PreFabs/QUADLOGS.prefab
  artifactKey: Guid(546ccaee6320be94c8bc4fdc99041ff9) Importer(815301076,1909f56bfc062723c751e8b465ee728b)
Start importing Assets/PreFabs/QUADLOGS.prefab using Guid(546ccaee6320be94c8bc4fdc99041ff9) Importer(815301076,1909f56bfc062723c751e8b465ee728b)  -> (artifact id: '4529f36ee510e9890b21ad93d4823b70') in 0.443364 seconds 
  Import took 0.470924 seconds .

========================================================================
Received Import Request.
  Time since last request: 0.000486 seconds.
  path: Assets/PreFabs/QUADLOGSbase.prefab
  artifactKey: Guid(d0707e9f4edd0414a8061d85382b2346) Importer(815301076,1909f56bfc062723c751e8b465ee728b)
Start importing Assets/PreFabs/QUADLOGSbase.prefab using Guid(d0707e9f4edd0414a8061d85382b2346) Importer(815301076,1909f56bfc062723c751e8b465ee728b)  -> (artifact id: '395d9a0210496ebe2d1fd31cec1e8daf') in 0.230480 seconds 
  Import took 0.259034 seconds .

========================================================================
Received Prepare
Registering precompiled user dll's ...
Registered in 0.060340 seconds.
Begin MonoManager ReloadAssembly
Symbol file LoadedFromMemory is not a mono symbol file
Native extension for WindowsStandalone target not found
Refreshing native plugins compatible for Editor in 4.37 ms, found 7 plugins.
Preloading 0 native plugins for Editor in 0.00 ms.
Mono: successfully reloaded assembly
- Completed reload, in  6.226 seconds
Domain Reload Profiling:
	ReloadAssembly (6244ms)
		BeginReloadAssembly (1177ms)
			ExecutionOrderSort (0ms)
			DisableScriptedObjects (215ms)
			BackupInstance (0ms)
			ReleaseScriptingObjects (0ms)
			CreateAndSetChildDomain (642ms)
		EndReloadAssembly (4838ms)
			LoadAssemblies (501ms)
			RebuildTransferFunctionScriptingTraits (0ms)
			SetupTypeCache (1079ms)
			ReleaseScriptCaches (8ms)
			RebuildScriptCaches (184ms)
			SetupLoadedEditorAssemblies (1802ms)
				LogAssemblyErrors (0ms)
				InitializePlatformSupportModulesInManaged (18ms)
				SetLoadedEditorAssemblies (2ms)
				RefreshPlugins (5ms)
				BeforeProcessingInitializeOnLoad (327ms)
				ProcessInitializeOnLoadAttributes (1403ms)
				ProcessInitializeOnLoadMethodAttributes (35ms)
				AfterProcessingInitializeOnLoad (12ms)
				EditorAssembliesLoaded (0ms)
			ExecutionOrderSort2 (0ms)
			AwakeInstancesAfterBackupRestoration (108ms)
Platform modules already initialized, skipping
Switching build target platform(19) subTarget(0) extendedPlatform(0) -> platform(21) subTarget(0) extendedPlatform(0)
Refreshing native plugins compatible for Editor in 2.46 ms, found 7 plugins.
Preloading 0 native plugins for Editor in 0.00 ms.
Unloading 5308 Unused Serialized files (Serialized files now loaded: 0)
System memory in use before: 341.6 MB.
System memory in use after: 340.8 MB.

Unloading 47 unused Assets to reduce memory usage. Loaded Objects now: 6857.
Total: 14.546000 ms (FindLiveObjects: 0.927200 ms CreateObjectMapping: 0.575300 ms MarkObjects: 10.667700 ms  DeleteObjects: 2.372500 ms)

AssetImportParameters requested are different than current active one (requested -> active):
  custom:framework-win-MediaFoundation: 216162199b28c13a410421893ffa2e32 -> 
  custom:video-decoder-ogg-theora: a1e56fd34408186e4bbccfd4996cb3dc -> 
  custom:container-muxer-webm: aa71ff27fc2769a1b78a27578f13a17b -> 
  custom:container-demuxer-webm: 4f35f7cbe854078d1ac9338744f61a02 -> 
  custom:container-demuxer-ogg: 62fdf1f143b41e24485cea50d1cbac27 -> 
  custom:video-encoder-webm-vp8: eb34c28f22e8b96e1ab97ce403110664 -> 
  custom:video-codec-MediaFoundation-h265: 746d11721c4dcdbdad8f713fa42b33f4 -> 
  custom:video-decoder-webm-vp8: 9c59270c3fd7afecdb556c50c9e8de78 -> 
  custom:audio-decoder-ogg-vorbis: bf7c407c2cedff20999df2af8eb42d56 -> 
  custom:audio-encoder-webm-vorbis: bf7c407c2cedff20999df2af8eb42d56 -> 
========================================================================
Received Prepare
Registering precompiled user dll's ...
Registered in 0.073169 seconds.
Begin MonoManager ReloadAssembly
Symbol file LoadedFromMemory is not a mono symbol file
Native extension for WindowsStandalone target not found
Refreshing native plugins compatible for Editor in 11.68 ms, found 7 plugins.
Preloading 0 native plugins for Editor in 0.00 ms.
Mono: successfully reloaded assembly
- Completed reload, in  9.188 seconds
Domain Reload Profiling:
	ReloadAssembly (9267ms)
		BeginReloadAssembly (1766ms)
			ExecutionOrderSort (1ms)
			DisableScriptedObjects (201ms)
			BackupInstance (0ms)
			ReleaseScriptingObjects (5ms)
			CreateAndSetChildDomain (1037ms)
		EndReloadAssembly (7186ms)
			LoadAssemblies (548ms)
			RebuildTransferFunctionScriptingTraits (2ms)
			SetupTypeCache (1625ms)
			ReleaseScriptCaches (26ms)
			RebuildScriptCaches (253ms)
			SetupLoadedEditorAssemblies (3539ms)
				LogAssemblyErrors (0ms)
				InitializePlatformSupportModulesInManaged (26ms)
				SetLoadedEditorAssemblies (2ms)
				RefreshPlugins (13ms)
				BeforeProcessingInitializeOnLoad (537ms)
				ProcessInitializeOnLoadAttributes (2898ms)
				ProcessInitializeOnLoadMethodAttributes (48ms)
				AfterProcessingInitializeOnLoad (12ms)
				EditorAssembliesLoaded (3ms)
			ExecutionOrderSort2 (0ms)
			AwakeInstancesAfterBackupRestoration (119ms)
Platform modules already initialized, skipping
Switching build target platform(19) subTarget(0) extendedPlatform(0) -> platform(21) subTarget(0) extendedPlatform(0)
Refreshing native plugins compatible for Editor in 2.59 ms, found 7 plugins.
Preloading 0 native plugins for Editor in 0.00 ms.
Unloading 5308 Unused Serialized files (Serialized files now loaded: 0)
System memory in use before: 341.6 MB.
System memory in use after: 340.8 MB.

Unloading 47 unused Assets to reduce memory usage. Loaded Objects now: 6860.
Total: 25.664600 ms (FindLiveObjects: 1.889900 ms CreateObjectMapping: 3.315300 ms MarkObjects: 15.591000 ms  DeleteObjects: 4.860600 ms)

AssetImportParameters requested are different than current active one (requested -> active):
  custom:framework-win-MediaFoundation: 216162199b28c13a410421893ffa2e32 -> 
  custom:video-decoder-ogg-theora: a1e56fd34408186e4bbccfd4996cb3dc -> 
  custom:container-muxer-webm: aa71ff27fc2769a1b78a27578f13a17b -> 
  custom:container-demuxer-webm: 4f35f7cbe854078d1ac9338744f61a02 -> 
  custom:container-demuxer-ogg: 62fdf1f143b41e24485cea50d1cbac27 -> 
  custom:video-encoder-webm-vp8: eb34c28f22e8b96e1ab97ce403110664 -> 
  custom:video-codec-MediaFoundation-h265: 746d11721c4dcdbdad8f713fa42b33f4 -> 
  custom:video-decoder-webm-vp8: 9c59270c3fd7afecdb556c50c9e8de78 -> 
  custom:audio-decoder-ogg-vorbis: bf7c407c2cedff20999df2af8eb42d56 -> 
  custom:audio-encoder-webm-vorbis: bf7c407c2cedff20999df2af8eb42d56 -> 
========================================================================
Received Prepare
Registering precompiled user dll's ...
Registered in 0.043027 seconds.
Begin MonoManager ReloadAssembly
Symbol file LoadedFromMemory is not a mono symbol file
Native extension for WindowsStandalone target not found
Refreshing native plugins compatible for Editor in 4.60 ms, found 7 plugins.
Preloading 0 native plugins for Editor in 0.00 ms.
Mono: successfully reloaded assembly
- Completed reload, in  6.965 seconds
Domain Reload Profiling:
	ReloadAssembly (7022ms)
		BeginReloadAssembly (1264ms)
			ExecutionOrderSort (1ms)
			DisableScriptedObjects (136ms)
			BackupInstance (0ms)
			ReleaseScriptingObjects (5ms)
			CreateAndSetChildDomain (753ms)
		EndReloadAssembly (5550ms)
			LoadAssemblies (419ms)
			RebuildTransferFunctionScriptingTraits (0ms)
			SetupTypeCache (1443ms)
			ReleaseScriptCaches (13ms)
			RebuildScriptCaches (212ms)
			SetupLoadedEditorAssemblies (2157ms)
				LogAssemblyErrors (0ms)
				InitializePlatformSupportModulesInManaged (15ms)
				SetLoadedEditorAssemblies (2ms)
				RefreshPlugins (5ms)
				BeforeProcessingInitializeOnLoad (279ms)
				ProcessInitializeOnLoadAttributes (1742ms)
				ProcessInitializeOnLoadMethodAttributes (53ms)
				AfterProcessingInitializeOnLoad (20ms)
				EditorAssembliesLoaded (40ms)
			ExecutionOrderSort2 (0ms)
			AwakeInstancesAfterBackupRestoration (168ms)
Platform modules already initialized, skipping
Switching build target platform(19) subTarget(0) extendedPlatform(0) -> platform(21) subTarget(0) extendedPlatform(0)
Refreshing native plugins compatible for Editor in 3.59 ms, found 7 plugins.
Preloading 0 native plugins for Editor in 0.00 ms.
Unloading 5308 Unused Serialized files (Serialized files now loaded: 0)
System memory in use before: 341.6 MB.
System memory in use after: 340.9 MB.

Unloading 47 unused Assets to reduce memory usage. Loaded Objects now: 6863.
Total: 26.564000 ms (FindLiveObjects: 2.167600 ms CreateObjectMapping: 0.718000 ms MarkObjects: 20.046300 ms  DeleteObjects: 3.625900 ms)

AssetImportParameters requested are different than current active one (requested -> active):
  custom:framework-win-MediaFoundation: 216162199b28c13a410421893ffa2e32 -> 
  custom:video-decoder-ogg-theora: a1e56fd34408186e4bbccfd4996cb3dc -> 
  custom:container-muxer-webm: aa71ff27fc2769a1b78a27578f13a17b -> 
  custom:container-demuxer-webm: 4f35f7cbe854078d1ac9338744f61a02 -> 
  custom:container-demuxer-ogg: 62fdf1f143b41e24485cea50d1cbac27 -> 
  custom:video-encoder-webm-vp8: eb34c28f22e8b96e1ab97ce403110664 -> 
  custom:video-codec-MediaFoundation-h265: 746d11721c4dcdbdad8f713fa42b33f4 -> 
  custom:video-decoder-webm-vp8: 9c59270c3fd7afecdb556c50c9e8de78 -> 
  custom:audio-decoder-ogg-vorbis: bf7c407c2cedff20999df2af8eb42d56 -> 
  custom:audio-encoder-webm-vorbis: bf7c407c2cedff20999df2af8eb42d56 -> 
========================================================================
Received Prepare
Registering precompiled user dll's ...
Registered in 0.059108 seconds.
Begin MonoManager ReloadAssembly
Symbol file LoadedFromMemory is not a mono symbol file
Native extension for WindowsStandalone target not found
Refreshing native plugins compatible for Editor in 5.75 ms, found 7 plugins.
Preloading 0 native plugins for Editor in 0.00 ms.
Mono: successfully reloaded assembly
- Completed reload, in  5.104 seconds
Domain Reload Profiling:
	ReloadAssembly (5126ms)
		BeginReloadAssembly (778ms)
			ExecutionOrderSort (0ms)
			DisableScriptedObjects (152ms)
			BackupInstance (0ms)
			ReleaseScriptingObjects (4ms)
			CreateAndSetChildDomain (364ms)
		EndReloadAssembly (4161ms)
			LoadAssemblies (418ms)
			RebuildTransferFunctionScriptingTraits (1ms)
			SetupTypeCache (1009ms)
			ReleaseScriptCaches (9ms)
			RebuildScriptCaches (152ms)
			SetupLoadedEditorAssemblies (1640ms)
				LogAssemblyErrors (0ms)
				InitializePlatformSupportModulesInManaged (16ms)
				SetLoadedEditorAssemblies (2ms)
				RefreshPlugins (6ms)
				BeforeProcessingInitializeOnLoad (260ms)
				ProcessInitializeOnLoadAttributes (1312ms)
				ProcessInitializeOnLoadMethodAttributes (33ms)
				AfterProcessingInitializeOnLoad (10ms)
				EditorAssembliesLoaded (1ms)
			ExecutionOrderSort2 (0ms)
			AwakeInstancesAfterBackupRestoration (93ms)
Platform modules already initialized, skipping
Switching build target platform(19) subTarget(0) extendedPlatform(0) -> platform(21) subTarget(0) extendedPlatform(0)
Refreshing native plugins compatible for Editor in 10.04 ms, found 7 plugins.
Preloading 0 native plugins for Editor in 0.00 ms.
Unloading 5308 Unused Serialized files (Serialized files now loaded: 0)
System memory in use before: 341.5 MB.
System memory in use after: 340.9 MB.

Unloading 47 unused Assets to reduce memory usage. Loaded Objects now: 6866.
Total: 45.783600 ms (FindLiveObjects: 3.275600 ms CreateObjectMapping: 1.759700 ms MarkObjects: 31.081400 ms  DeleteObjects: 9.657100 ms)

AssetImportParameters requested are different than current active one (requested -> active):
  custom:framework-win-MediaFoundation: 216162199b28c13a410421893ffa2e32 -> 
  custom:video-decoder-ogg-theora: a1e56fd34408186e4bbccfd4996cb3dc -> 
  custom:container-muxer-webm: aa71ff27fc2769a1b78a27578f13a17b -> 
  custom:container-demuxer-webm: 4f35f7cbe854078d1ac9338744f61a02 -> 
  custom:container-demuxer-ogg: 62fdf1f143b41e24485cea50d1cbac27 -> 
  custom:video-encoder-webm-vp8: eb34c28f22e8b96e1ab97ce403110664 -> 
  custom:video-codec-MediaFoundation-h265: 746d11721c4dcdbdad8f713fa42b33f4 -> 
  custom:video-decoder-webm-vp8: 9c59270c3fd7afecdb556c50c9e8de78 -> 
  custom:audio-decoder-ogg-vorbis: bf7c407c2cedff20999df2af8eb42d56 -> 
  custom:audio-encoder-webm-vorbis: bf7c407c2cedff20999df2af8eb42d56 -> 
========================================================================
Received Prepare
Registering precompiled user dll's ...
Registered in 0.054917 seconds.
Begin MonoManager ReloadAssembly
Symbol file LoadedFromMemory is not a mono symbol file
Native extension for WindowsStandalone target not found
Refreshing native plugins compatible for Editor in 3.32 ms, found 7 plugins.
Preloading 0 native plugins for Editor in 0.00 ms.
Mono: successfully reloaded assembly
- Completed reload, in  5.132 seconds
Domain Reload Profiling:
	ReloadAssembly (5143ms)
		BeginReloadAssembly (623ms)
			ExecutionOrderSort (0ms)
			DisableScriptedObjects (50ms)
			BackupInstance (0ms)
			ReleaseScriptingObjects (1ms)
			CreateAndSetChildDomain (352ms)
		EndReloadAssembly (4358ms)
			LoadAssemblies (323ms)
			RebuildTransferFunctionScriptingTraits (0ms)
			SetupTypeCache (1103ms)
			ReleaseScriptCaches (11ms)
			RebuildScriptCaches (237ms)
			SetupLoadedEditorAssemblies (1642ms)
				LogAssemblyErrors (0ms)
				InitializePlatformSupportModulesInManaged (9ms)
				SetLoadedEditorAssemblies (1ms)
				RefreshPlugins (3ms)
				BeforeProcessingInitializeOnLoad (307ms)
				ProcessInitializeOnLoadAttributes (1276ms)
				ProcessInitializeOnLoadMethodAttributes (34ms)
				AfterProcessingInitializeOnLoad (12ms)
				EditorAssembliesLoaded (1ms)
			ExecutionOrderSort2 (0ms)
			AwakeInstancesAfterBackupRestoration (103ms)
Platform modules already initialized, skipping
Switching build target platform(19) subTarget(0) extendedPlatform(0) -> platform(21) subTarget(0) extendedPlatform(0)
Refreshing native plugins compatible for Editor in 2.90 ms, found 7 plugins.
Preloading 0 native plugins for Editor in 0.00 ms.
Unloading 5308 Unused Serialized files (Serialized files now loaded: 0)
System memory in use before: 341.6 MB.
System memory in use after: 340.9 MB.

Unloading 47 unused Assets to reduce memory usage. Loaded Objects now: 6869.
Total: 12.732200 ms (FindLiveObjects: 1.001600 ms CreateObjectMapping: 0.375100 ms MarkObjects: 8.586100 ms  DeleteObjects: 2.766000 ms)

AssetImportParameters requested are different than current active one (requested -> active):
  custom:framework-win-MediaFoundation: 216162199b28c13a410421893ffa2e32 -> 
  custom:video-decoder-ogg-theora: a1e56fd34408186e4bbccfd4996cb3dc -> 
  custom:container-muxer-webm: aa71ff27fc2769a1b78a27578f13a17b -> 
  custom:container-demuxer-webm: 4f35f7cbe854078d1ac9338744f61a02 -> 
  custom:container-demuxer-ogg: 62fdf1f143b41e24485cea50d1cbac27 -> 
  custom:video-encoder-webm-vp8: eb34c28f22e8b96e1ab97ce403110664 -> 
  custom:video-codec-MediaFoundation-h265: 746d11721c4dcdbdad8f713fa42b33f4 -> 
  custom:video-decoder-webm-vp8: 9c59270c3fd7afecdb556c50c9e8de78 -> 
  custom:audio-decoder-ogg-vorbis: bf7c407c2cedff20999df2af8eb42d56 -> 
  custom:audio-encoder-webm-vorbis: bf7c407c2cedff20999df2af8eb42d56 -> 
========================================================================
Received Prepare
Registering precompiled user dll's ...
Registered in 0.048870 seconds.
Begin MonoManager ReloadAssembly
Symbol file LoadedFromMemory is not a mono symbol file
Native extension for WindowsStandalone target not found
Refreshing native plugins compatible for Editor in 12.67 ms, found 7 plugins.
Preloading 0 native plugins for Editor in 0.00 ms.
Mono: successfully reloaded assembly
- Completed reload, in  8.409 seconds
Domain Reload Profiling:
	ReloadAssembly (8418ms)
		BeginReloadAssembly (1562ms)
			ExecutionOrderSort (0ms)
			DisableScriptedObjects (67ms)
			BackupInstance (0ms)
			ReleaseScriptingObjects (25ms)
			CreateAndSetChildDomain (952ms)
		EndReloadAssembly (6560ms)
			LoadAssemblies (762ms)
			RebuildTransferFunctionScriptingTraits (3ms)
			SetupTypeCache (1998ms)
			ReleaseScriptCaches (28ms)
			RebuildScriptCaches (185ms)
			SetupLoadedEditorAssemblies (1987ms)
				LogAssemblyErrors (0ms)
				InitializePlatformSupportModulesInManaged (19ms)
				SetLoadedEditorAssemblies (3ms)
				RefreshPlugins (13ms)
				BeforeProcessingInitializeOnLoad (292ms)
				ProcessInitializeOnLoadAttributes (1578ms)
				ProcessInitializeOnLoadMethodAttributes (55ms)
				AfterProcessingInitializeOnLoad (25ms)
				EditorAssembliesLoaded (2ms)
			ExecutionOrderSort2 (0ms)
			AwakeInstancesAfterBackupRestoration (211ms)
Platform modules already initialized, skipping
Switching build target platform(19) subTarget(0) extendedPlatform(0) -> platform(21) subTarget(0) extendedPlatform(0)
Refreshing native plugins compatible for Editor in 2.00 ms, found 7 plugins.
Preloading 0 native plugins for Editor in 0.00 ms.
Unloading 5308 Unused Serialized files (Serialized files now loaded: 0)
System memory in use before: 341.5 MB.
System memory in use after: 340.9 MB.

Unloading 47 unused Assets to reduce memory usage. Loaded Objects now: 6872.
Total: 23.159700 ms (FindLiveObjects: 0.875000 ms CreateObjectMapping: 0.437600 ms MarkObjects: 18.967000 ms  DeleteObjects: 2.877700 ms)

AssetImportParameters requested are different than current active one (requested -> active):
  custom:framework-win-MediaFoundation: 216162199b28c13a410421893ffa2e32 -> 
  custom:video-decoder-ogg-theora: a1e56fd34408186e4bbccfd4996cb3dc -> 
  custom:container-muxer-webm: aa71ff27fc2769a1b78a27578f13a17b -> 
  custom:container-demuxer-webm: 4f35f7cbe854078d1ac9338744f61a02 -> 
  custom:container-demuxer-ogg: 62fdf1f143b41e24485cea50d1cbac27 -> 
  custom:video-encoder-webm-vp8: eb34c28f22e8b96e1ab97ce403110664 -> 
  custom:video-codec-MediaFoundation-h265: 746d11721c4dcdbdad8f713fa42b33f4 -> 
  custom:video-decoder-webm-vp8: 9c59270c3fd7afecdb556c50c9e8de78 -> 
  custom:audio-decoder-ogg-vorbis: bf7c407c2cedff20999df2af8eb42d56 -> 
  custom:audio-encoder-webm-vorbis: bf7c407c2cedff20999df2af8eb42d56 -> 
========================================================================
Received Prepare
Registering precompiled user dll's ...
Registered in 0.069340 seconds.
Begin MonoManager ReloadAssembly
Symbol file LoadedFromMemory is not a mono symbol file
Native extension for WindowsStandalone target not found
Refreshing native plugins compatible for Editor in 1.53 ms, found 7 plugins.
Preloading 0 native plugins for Editor in 0.00 ms.
Mono: successfully reloaded assembly
- Completed reload, in  4.186 seconds
Domain Reload Profiling:
	ReloadAssembly (4226ms)
		BeginReloadAssembly (1051ms)
			ExecutionOrderSort (0ms)
			DisableScriptedObjects (130ms)
			BackupInstance (0ms)
			ReleaseScriptingObjects (3ms)
			CreateAndSetChildDomain (511ms)
		EndReloadAssembly (2915ms)
			LoadAssemblies (389ms)
			RebuildTransferFunctionScriptingTraits (1ms)
			SetupTypeCache (575ms)
			ReleaseScriptCaches (3ms)
			RebuildScriptCaches (89ms)
			SetupLoadedEditorAssemblies (1295ms)
				LogAssemblyErrors (0ms)
				InitializePlatformSupportModulesInManaged (11ms)
				SetLoadedEditorAssemblies (2ms)
				RefreshPlugins (2ms)
				BeforeProcessingInitializeOnLoad (158ms)
				ProcessInitializeOnLoadAttributes (1090ms)
				ProcessInitializeOnLoadMethodAttributes (23ms)
				AfterProcessingInitializeOnLoad (7ms)
				EditorAssembliesLoaded (2ms)
			ExecutionOrderSort2 (0ms)
			AwakeInstancesAfterBackupRestoration (75ms)
Platform modules already initialized, skipping
Switching build target platform(19) subTarget(0) extendedPlatform(0) -> platform(21) subTarget(0) extendedPlatform(0)
Refreshing native plugins compatible for Editor in 27.05 ms, found 7 plugins.
Preloading 0 native plugins for Editor in 0.00 ms.
Unloading 5308 Unused Serialized files (Serialized files now loaded: 0)
System memory in use before: 341.6 MB.
System memory in use after: 340.9 MB.

Unloading 47 unused Assets to reduce memory usage. Loaded Objects now: 6875.
Total: 52.088000 ms (FindLiveObjects: 7.245600 ms CreateObjectMapping: 0.683500 ms MarkObjects: 35.270800 ms  DeleteObjects: 8.667700 ms)

AssetImportParameters requested are different than current active one (requested -> active):
  custom:framework-win-MediaFoundation: 216162199b28c13a410421893ffa2e32 -> 
  custom:video-decoder-ogg-theora: a1e56fd34408186e4bbccfd4996cb3dc -> 
  custom:container-muxer-webm: aa71ff27fc2769a1b78a27578f13a17b -> 
  custom:container-demuxer-webm: 4f35f7cbe854078d1ac9338744f61a02 -> 
  custom:container-demuxer-ogg: 62fdf1f143b41e24485cea50d1cbac27 -> 
  custom:video-encoder-webm-vp8: eb34c28f22e8b96e1ab97ce403110664 -> 
  custom:video-codec-MediaFoundation-h265: 746d11721c4dcdbdad8f713fa42b33f4 -> 
  custom:video-decoder-webm-vp8: 9c59270c3fd7afecdb556c50c9e8de78 -> 
  custom:audio-decoder-ogg-vorbis: bf7c407c2cedff20999df2af8eb42d56 -> 
  custom:audio-encoder-webm-vorbis: bf7c407c2cedff20999df2af8eb42d56 -> 
========================================================================
Received Prepare
Registering precompiled user dll's ...
Registered in 0.022296 seconds.
Begin MonoManager ReloadAssembly
Symbol file LoadedFromMemory is not a mono symbol file
Native extension for WindowsStandalone target not found
Refreshing native plugins compatible for Editor in 15.72 ms, found 7 plugins.
Preloading 0 native plugins for Editor in 0.00 ms.
Mono: successfully reloaded assembly
- Completed reload, in  5.217 seconds
Domain Reload Profiling:
	ReloadAssembly (5224ms)
		BeginReloadAssembly (571ms)
			ExecutionOrderSort (1ms)
			DisableScriptedObjects (63ms)
			BackupInstance (0ms)
			ReleaseScriptingObjects (4ms)
			CreateAndSetChildDomain (241ms)
		EndReloadAssembly (4472ms)
			LoadAssemblies (392ms)
			RebuildTransferFunctionScriptingTraits (2ms)
			SetupTypeCache (937ms)
			ReleaseScriptCaches (70ms)
			RebuildScriptCaches (162ms)
			SetupLoadedEditorAssemblies (1862ms)
				LogAssemblyErrors (0ms)
				InitializePlatformSupportModulesInManaged (21ms)
				SetLoadedEditorAssemblies (2ms)
				RefreshPlugins (18ms)
				BeforeProcessingInitializeOnLoad (179ms)
				ProcessInitializeOnLoadAttributes (1609ms)
				ProcessInitializeOnLoadMethodAttributes (27ms)
				AfterProcessingInitializeOnLoad (6ms)
				EditorAssembliesLoaded (1ms)
			ExecutionOrderSort2 (0ms)
			AwakeInstancesAfterBackupRestoration (62ms)
Platform modules already initialized, skipping
Switching build target platform(19) subTarget(0) extendedPlatform(0) -> platform(21) subTarget(0) extendedPlatform(0)
Refreshing native plugins compatible for Editor in 1.32 ms, found 7 plugins.
Preloading 0 native plugins for Editor in 0.00 ms.
Unloading 5308 Unused Serialized files (Serialized files now loaded: 0)
System memory in use before: 341.5 MB.
System memory in use after: 340.9 MB.

Unloading 47 unused Assets to reduce memory usage. Loaded Objects now: 6878.
Total: 18.494700 ms (FindLiveObjects: 1.169800 ms CreateObjectMapping: 0.576000 ms MarkObjects: 14.759600 ms  DeleteObjects: 1.987700 ms)

AssetImportParameters requested are different than current active one (requested -> active):
  custom:framework-win-MediaFoundation: 216162199b28c13a410421893ffa2e32 -> 
  custom:video-decoder-ogg-theora: a1e56fd34408186e4bbccfd4996cb3dc -> 
  custom:container-muxer-webm: aa71ff27fc2769a1b78a27578f13a17b -> 
  custom:container-demuxer-webm: 4f35f7cbe854078d1ac9338744f61a02 -> 
  custom:container-demuxer-ogg: 62fdf1f143b41e24485cea50d1cbac27 -> 
  custom:video-encoder-webm-vp8: eb34c28f22e8b96e1ab97ce403110664 -> 
  custom:video-codec-MediaFoundation-h265: 746d11721c4dcdbdad8f713fa42b33f4 -> 
  custom:video-decoder-webm-vp8: 9c59270c3fd7afecdb556c50c9e8de78 -> 
  custom:audio-decoder-ogg-vorbis: bf7c407c2cedff20999df2af8eb42d56 -> 
  custom:audio-encoder-webm-vorbis: bf7c407c2cedff20999df2af8eb42d56 -> 
