Using pre-set license
Built from '2020.3/release' branch; Version is '2020.3.15f2 (6cf78cb77498) revision 7141260'; Using compiler version '192528614'; Build Type 'Release'
OS: 'Windows 10 Home; OS build 18363.1556; Version 1909; 64bit' Language: 'en' Physical Memory: 7778 MB
BatchMode: 1, IsHumanControllingUs: 0, StartBugReporterOnCrash: 0, Is64bit: 1, IsPro: 0

 COMMAND LINE ARGUMENTS:
C:\Program Files\2020.3.15f2\Editor\Unity.exe
-adb2
-batchMode
-noUpm
-name
AssetImportWorker3
-projectPath
C:/Users/jrbax/OneDrive/Desktop/Air Loading APP (1)
-logFile
Logs/AssetImportWorker3.log
-srvPort
27340
Successfully changed project path to: C:/Users/jrbax/OneDrive/Desktop/Air Loading APP (1)
C:/Users/jrbax/OneDrive/Desktop/Air Loading APP (1)
Using Asset Import Pipeline V2.
Refreshing native plugins compatible for Editor in 541.19 ms, found 7 plugins.
Preloading 0 native plugins for Editor in 0.00 ms.
Initialize engine version: 2020.3.15f2 (6cf78cb77498)
[Subsystems] Discovering subsystems at path C:/Program Files/2020.3.15f2/Editor/Data/Resources/UnitySubsystems
[Subsystems] Discovering subsystems at path C:/Users/jrbax/OneDrive/Desktop/Air Loading APP (1)/Assets
GfxDevice: creating device client; threaded=0
Direct3D:
    Version:  Direct3D 11.0 [level 11.1]
    Renderer: Intel(R) Iris(R) Plus Graphics (ID=0x8a5a)
    Vendor:   
    VRAM:     3889 MB
    Driver:   27.20.100.9621
Initialize mono
Mono path[0] = 'C:/Program Files/2020.3.15f2/Editor/Data/Managed'
Mono path[1] = 'C:/Program Files/2020.3.15f2/Editor/Data/MonoBleedingEdge/lib/mono/unityjit'
Mono config path = 'C:/Program Files/2020.3.15f2/Editor/Data/MonoBleedingEdge/etc'
Using monoOptions --debugger-agent=transport=dt_socket,embedding=1,server=y,suspend=n,address=127.0.0.1:56632
Begin MonoManager ReloadAssembly
Registering precompiled unity dll's ...
Register platform support module: C:/Program Files/2020.3.15f2/Editor/Data/PlaybackEngines/WindowsStandaloneSupport/UnityEditor.WindowsStandalone.Extensions.dll
Registered in 0.003146 seconds.
Native extension for WindowsStandalone target not found
Refreshing native plugins compatible for Editor in 252.98 ms, found 7 plugins.
Preloading 0 native plugins for Editor in 0.00 ms.
Mono: successfully reloaded assembly
- Completed reload, in  2.981 seconds
Domain Reload Profiling:
	ReloadAssembly (2982ms)
		BeginReloadAssembly (116ms)
			ExecutionOrderSort (0ms)
			DisableScriptedObjects (0ms)
			BackupInstance (0ms)
			ReleaseScriptingObjects (0ms)
			CreateAndSetChildDomain (2ms)
		EndReloadAssembly (958ms)
			LoadAssemblies (111ms)
			RebuildTransferFunctionScriptingTraits (0ms)
			SetupTypeCache (267ms)
			ReleaseScriptCaches (0ms)
			RebuildScriptCaches (57ms)
			SetupLoadedEditorAssemblies (483ms)
				LogAssemblyErrors (0ms)
				InitializePlatformSupportModulesInManaged (8ms)
				SetLoadedEditorAssemblies (0ms)
				RefreshPlugins (253ms)
				BeforeProcessingInitializeOnLoad (25ms)
				ProcessInitializeOnLoadAttributes (145ms)
				ProcessInitializeOnLoadMethodAttributes (50ms)
				AfterProcessingInitializeOnLoad (0ms)
				EditorAssembliesLoaded (0ms)
			ExecutionOrderSort2 (0ms)
			AwakeInstancesAfterBackupRestoration (0ms)
Platform modules already initialized, skipping
Registering precompiled user dll's ...
Registered in 0.030452 seconds.
Begin MonoManager ReloadAssembly
Symbol file LoadedFromMemory is not a mono symbol file
Native extension for WindowsStandalone target not found
Refreshing native plugins compatible for Editor in 307.62 ms, found 7 plugins.
Preloading 0 native plugins for Editor in 0.00 ms.
Mono: successfully reloaded assembly
- Completed reload, in  6.352 seconds
Domain Reload Profiling:
	ReloadAssembly (6359ms)
		BeginReloadAssembly (414ms)
			ExecutionOrderSort (0ms)
			DisableScriptedObjects (16ms)
			BackupInstance (0ms)
			ReleaseScriptingObjects (0ms)
			CreateAndSetChildDomain (48ms)
		EndReloadAssembly (5772ms)
			LoadAssemblies (287ms)
			RebuildTransferFunctionScriptingTraits (0ms)
			SetupTypeCache (1036ms)
			ReleaseScriptCaches (2ms)
			RebuildScriptCaches (253ms)
			SetupLoadedEditorAssemblies (3613ms)
				LogAssemblyErrors (0ms)
				InitializePlatformSupportModulesInManaged (8ms)
				SetLoadedEditorAssemblies (0ms)
				RefreshPlugins (308ms)
				BeforeProcessingInitializeOnLoad (289ms)
				ProcessInitializeOnLoadAttributes (1654ms)
				ProcessInitializeOnLoadMethodAttributes (1333ms)
				AfterProcessingInitializeOnLoad (17ms)
				EditorAssembliesLoaded (3ms)
			ExecutionOrderSort2 (0ms)
			AwakeInstancesAfterBackupRestoration (16ms)
Platform modules already initialized, skipping
========================================================================
Worker process is ready to serve import requests
Launched and connected shader compiler UnityShaderCompiler.exe after 0.16 seconds
Refreshing native plugins compatible for Editor in 4.73 ms, found 7 plugins.
Preloading 0 native plugins for Editor in 0.00 ms.
Unloading 5697 Unused Serialized files (Serialized files now loaded: 0)
System memory in use before: 352.2 MB.
System memory in use after: 351.5 MB.

Unloading 54 unused Assets to reduce memory usage. Loaded Objects now: 6228.
Total: 29.604200 ms (FindLiveObjects: 1.725400 ms CreateObjectMapping: 0.562300 ms MarkObjects: 24.232700 ms  DeleteObjects: 3.072900 ms)

AssetImportParameters requested are different than current active one (requested -> active):
  custom:framework-win-MediaFoundation: 216162199b28c13a410421893ffa2e32 -> 
  custom:video-decoder-ogg-theora: a1e56fd34408186e4bbccfd4996cb3dc -> 
  custom:container-muxer-webm: aa71ff27fc2769a1b78a27578f13a17b -> 
  custom:container-demuxer-webm: 4f35f7cbe854078d1ac9338744f61a02 -> 
  custom:container-demuxer-ogg: 62fdf1f143b41e24485cea50d1cbac27 -> 
  custom:video-encoder-webm-vp8: eb34c28f22e8b96e1ab97ce403110664 -> 
  custom:video-codec-MediaFoundation-h265: 746d11721c4dcdbdad8f713fa42b33f4 -> 
  custom:video-decoder-webm-vp8: 9c59270c3fd7afecdb556c50c9e8de78 -> 
  custom:audio-decoder-ogg-vorbis: bf7c407c2cedff20999df2af8eb42d56 -> 
  custom:audio-encoder-webm-vorbis: bf7c407c2cedff20999df2af8eb42d56 -> 
========================================================================
Received Import Request.
  path: Assets/PreFabs/SelectedPanel.prefab
  artifactKey: Guid(a29a058bc1b8ae743a9cbbb3d19d377f) Importer(815301076,1909f56bfc062723c751e8b465ee728b)
Start importing Assets/PreFabs/SelectedPanel.prefab using Guid(a29a058bc1b8ae743a9cbbb3d19d377f) Importer(815301076,1909f56bfc062723c751e8b465ee728b)  -> (artifact id: '3f423f543514da5081e1e46ee6b26b65') in 0.472693 seconds 
  Import took 0.517588 seconds .

========================================================================
Received Import Request.
  Time since last request: 68186.428291 seconds.
  path: Assets/PreFabs/SelectedPanel.prefab
  artifactKey: Guid(a29a058bc1b8ae743a9cbbb3d19d377f) Importer(815301076,1909f56bfc062723c751e8b465ee728b)
Start importing Assets/PreFabs/SelectedPanel.prefab using Guid(a29a058bc1b8ae743a9cbbb3d19d377f) Importer(815301076,1909f56bfc062723c751e8b465ee728b)  -> (artifact id: '84b44d4693d46be9413b763d59e90a08') in 0.855273 seconds 
  Import took 2.253068 seconds .

========================================================================
Received Import Request.
  Time since last request: 10.792541 seconds.
  path: Assets/PreFabs/SelectedPanel.prefab
  artifactKey: Guid(a29a058bc1b8ae743a9cbbb3d19d377f) Importer(815301076,1909f56bfc062723c751e8b465ee728b)
Start importing Assets/PreFabs/SelectedPanel.prefab using Guid(a29a058bc1b8ae743a9cbbb3d19d377f) Importer(815301076,1909f56bfc062723c751e8b465ee728b)  -> (artifact id: 'ed62acefe7c1b4881aeba48d6c63d25a') in 0.125901 seconds 
  Import took 0.162849 seconds .

========================================================================
Received Import Request.
  Time since last request: 17.006035 seconds.
  path: Assets/PreFabs/SelectedPanel.prefab
  artifactKey: Guid(a29a058bc1b8ae743a9cbbb3d19d377f) Importer(815301076,1909f56bfc062723c751e8b465ee728b)
Start importing Assets/PreFabs/SelectedPanel.prefab using Guid(a29a058bc1b8ae743a9cbbb3d19d377f) Importer(815301076,1909f56bfc062723c751e8b465ee728b)  -> (artifact id: '437f9837236690cb53da15c59103db01') in 0.116887 seconds 
  Import took 0.148431 seconds .

========================================================================
Received Import Request.
  Time since last request: 6.331958 seconds.
  path: Assets/PreFabs/SelectedPanel.prefab
  artifactKey: Guid(a29a058bc1b8ae743a9cbbb3d19d377f) Importer(815301076,1909f56bfc062723c751e8b465ee728b)
Start importing Assets/PreFabs/SelectedPanel.prefab using Guid(a29a058bc1b8ae743a9cbbb3d19d377f) Importer(815301076,1909f56bfc062723c751e8b465ee728b)  -> (artifact id: '5d75c281978c0988145d7dfac5d16e9b') in 0.126530 seconds 
  Import took 0.148793 seconds .

========================================================================
Received Import Request.
  Time since last request: 2.615812 seconds.
  path: Assets/PreFabs/SelectedPanel.prefab
  artifactKey: Guid(a29a058bc1b8ae743a9cbbb3d19d377f) Importer(815301076,1909f56bfc062723c751e8b465ee728b)
Start importing Assets/PreFabs/SelectedPanel.prefab using Guid(a29a058bc1b8ae743a9cbbb3d19d377f) Importer(815301076,1909f56bfc062723c751e8b465ee728b)  -> (artifact id: '3a840d844d1f8e1c4c71d52d7f8ba1c8') in 0.127791 seconds 
  Import took 0.165895 seconds .

========================================================================
Received Import Request.
  Time since last request: 10.407489 seconds.
  path: Assets/PreFabs/SelectedPanel.prefab
  artifactKey: Guid(a29a058bc1b8ae743a9cbbb3d19d377f) Importer(815301076,1909f56bfc062723c751e8b465ee728b)
Start importing Assets/PreFabs/SelectedPanel.prefab using Guid(a29a058bc1b8ae743a9cbbb3d19d377f) Importer(815301076,1909f56bfc062723c751e8b465ee728b)  -> (artifact id: '0ab17dea2d83cce4fedd483a2af36762') in 0.133278 seconds 
  Import took 0.176057 seconds .

========================================================================
Received Import Request.
  Time since last request: 4.730887 seconds.
  path: Assets/PreFabs/SelectedPanel.prefab
  artifactKey: Guid(a29a058bc1b8ae743a9cbbb3d19d377f) Importer(815301076,1909f56bfc062723c751e8b465ee728b)
Start importing Assets/PreFabs/SelectedPanel.prefab using Guid(a29a058bc1b8ae743a9cbbb3d19d377f) Importer(815301076,1909f56bfc062723c751e8b465ee728b)  -> (artifact id: '85b1abc5035e1572041ff32dd74a5571') in 0.114107 seconds 
  Import took 0.145001 seconds .

========================================================================
Received Import Request.
  Time since last request: 31.974221 seconds.
  path: Assets/PreFabs/SelectedPanel.prefab
  artifactKey: Guid(a29a058bc1b8ae743a9cbbb3d19d377f) Importer(815301076,1909f56bfc062723c751e8b465ee728b)
Start importing Assets/PreFabs/SelectedPanel.prefab using Guid(a29a058bc1b8ae743a9cbbb3d19d377f) Importer(815301076,1909f56bfc062723c751e8b465ee728b)  -> (artifact id: '1266ff6f957599330b7b75fe4cf284da') in 0.098445 seconds 
  Import took 0.127829 seconds .

========================================================================
Received Import Request.
  Time since last request: 672.316383 seconds.
  path: Assets/PreFabs/SelectedPanel.prefab
  artifactKey: Guid(a29a058bc1b8ae743a9cbbb3d19d377f) Importer(815301076,1909f56bfc062723c751e8b465ee728b)
Start importing Assets/PreFabs/SelectedPanel.prefab using Guid(a29a058bc1b8ae743a9cbbb3d19d377f) Importer(815301076,1909f56bfc062723c751e8b465ee728b)  -> (artifact id: '9afae2de4244cad8bcc6aa4d553226c3') in 1.094160 seconds 
  Import took 1.766717 seconds .

========================================================================
Received Import Request.
  Time since last request: 0.238642 seconds.
  path: Assets/PreFabs/SelectedPanel.prefab
  artifactKey: Guid(a29a058bc1b8ae743a9cbbb3d19d377f) Importer(815301076,1909f56bfc062723c751e8b465ee728b)
Start importing Assets/PreFabs/SelectedPanel.prefab using Guid(a29a058bc1b8ae743a9cbbb3d19d377f) Importer(815301076,1909f56bfc062723c751e8b465ee728b)  -> (artifact id: 'fd0e873ffdf14ba904d5c489d99c116e') in 0.559703 seconds 
  Import took 0.641165 seconds .

