Using pre-set license
Built from '2020.3/release' branch; Version is '2020.3.15f2 (6cf78cb77498) revision 7141260'; Using compiler version '192528614'; Build Type 'Release'
OS: 'Windows 10 Home; OS build 18363.1556; Version 1909; 64bit' Language: 'en' Physical Memory: 7778 MB
BatchMode: 1, IsHumanControllingUs: 0, StartBugReporterOnCrash: 0, Is64bit: 1, IsPro: 0

 COMMAND LINE ARGUMENTS:
C:\Program Files\2020.3.15f2\Editor\Unity.exe
-adb2
-batchMode
-noUpm
-name
AssetImportWorker3
-projectPath
C:/Users/jrbax/OneDrive/Desktop/Air Loading APP (1)
-logFile
Logs/AssetImportWorker3.log
-srvPort
27340
Successfully changed project path to: C:/Users/jrbax/OneDrive/Desktop/Air Loading APP (1)
C:/Users/jrbax/OneDrive/Desktop/Air Loading APP (1)
Using Asset Import Pipeline V2.
Refreshing native plugins compatible for Editor in 541.19 ms, found 7 plugins.
Preloading 0 native plugins for Editor in 0.00 ms.
Initialize engine version: 2020.3.15f2 (6cf78cb77498)
[Subsystems] Discovering subsystems at path C:/Program Files/2020.3.15f2/Editor/Data/Resources/UnitySubsystems
[Subsystems] Discovering subsystems at path C:/Users/jrbax/OneDrive/Desktop/Air Loading APP (1)/Assets
GfxDevice: creating device client; threaded=0
Direct3D:
    Version:  Direct3D 11.0 [level 11.1]
    Renderer: Intel(R) Iris(R) Plus Graphics (ID=0x8a5a)
    Vendor:   
    VRAM:     3889 MB
    Driver:   27.20.100.9621
Initialize mono
Mono path[0] = 'C:/Program Files/2020.3.15f2/Editor/Data/Managed'
Mono path[1] = 'C:/Program Files/2020.3.15f2/Editor/Data/MonoBleedingEdge/lib/mono/unityjit'
Mono config path = 'C:/Program Files/2020.3.15f2/Editor/Data/MonoBleedingEdge/etc'
Using monoOptions --debugger-agent=transport=dt_socket,embedding=1,server=y,suspend=n,address=127.0.0.1:56632
Begin MonoManager ReloadAssembly
Registering precompiled unity dll's ...
Register platform support module: C:/Program Files/2020.3.15f2/Editor/Data/PlaybackEngines/WindowsStandaloneSupport/UnityEditor.WindowsStandalone.Extensions.dll
Registered in 0.003146 seconds.
Native extension for WindowsStandalone target not found
Refreshing native plugins compatible for Editor in 252.98 ms, found 7 plugins.
Preloading 0 native plugins for Editor in 0.00 ms.
Mono: successfully reloaded assembly
- Completed reload, in  2.981 seconds
Domain Reload Profiling:
	ReloadAssembly (2982ms)
		BeginReloadAssembly (116ms)
			ExecutionOrderSort (0ms)
			DisableScriptedObjects (0ms)
			BackupInstance (0ms)
			ReleaseScriptingObjects (0ms)
			CreateAndSetChildDomain (2ms)
		EndReloadAssembly (958ms)
			LoadAssemblies (111ms)
			RebuildTransferFunctionScriptingTraits (0ms)
			SetupTypeCache (267ms)
			ReleaseScriptCaches (0ms)
			RebuildScriptCaches (57ms)
			SetupLoadedEditorAssemblies (483ms)
				LogAssemblyErrors (0ms)
				InitializePlatformSupportModulesInManaged (8ms)
				SetLoadedEditorAssemblies (0ms)
				RefreshPlugins (253ms)
				BeforeProcessingInitializeOnLoad (25ms)
				ProcessInitializeOnLoadAttributes (145ms)
				ProcessInitializeOnLoadMethodAttributes (50ms)
				AfterProcessingInitializeOnLoad (0ms)
				EditorAssembliesLoaded (0ms)
			ExecutionOrderSort2 (0ms)
			AwakeInstancesAfterBackupRestoration (0ms)
Platform modules already initialized, skipping
Registering precompiled user dll's ...
Registered in 0.030452 seconds.
Begin MonoManager ReloadAssembly
Symbol file LoadedFromMemory is not a mono symbol file
Native extension for WindowsStandalone target not found
Refreshing native plugins compatible for Editor in 307.62 ms, found 7 plugins.
Preloading 0 native plugins for Editor in 0.00 ms.
Mono: successfully reloaded assembly
- Completed reload, in  6.352 seconds
Domain Reload Profiling:
	ReloadAssembly (6359ms)
		BeginReloadAssembly (414ms)
			ExecutionOrderSort (0ms)
			DisableScriptedObjects (16ms)
			BackupInstance (0ms)
			ReleaseScriptingObjects (0ms)
			CreateAndSetChildDomain (48ms)
		EndReloadAssembly (5772ms)
			LoadAssemblies (287ms)
			RebuildTransferFunctionScriptingTraits (0ms)
			SetupTypeCache (1036ms)
			ReleaseScriptCaches (2ms)
			RebuildScriptCaches (253ms)
			SetupLoadedEditorAssemblies (3613ms)
				LogAssemblyErrors (0ms)
				InitializePlatformSupportModulesInManaged (8ms)
				SetLoadedEditorAssemblies (0ms)
				RefreshPlugins (308ms)
				BeforeProcessingInitializeOnLoad (289ms)
				ProcessInitializeOnLoadAttributes (1654ms)
				ProcessInitializeOnLoadMethodAttributes (1333ms)
				AfterProcessingInitializeOnLoad (17ms)
				EditorAssembliesLoaded (3ms)
			ExecutionOrderSort2 (0ms)
			AwakeInstancesAfterBackupRestoration (16ms)
Platform modules already initialized, skipping
========================================================================
Worker process is ready to serve import requests
Launched and connected shader compiler UnityShaderCompiler.exe after 0.16 seconds
Refreshing native plugins compatible for Editor in 4.73 ms, found 7 plugins.
Preloading 0 native plugins for Editor in 0.00 ms.
Unloading 5697 Unused Serialized files (Serialized files now loaded: 0)
System memory in use before: 352.2 MB.
System memory in use after: 351.5 MB.

Unloading 54 unused Assets to reduce memory usage. Loaded Objects now: 6228.
Total: 29.604200 ms (FindLiveObjects: 1.725400 ms CreateObjectMapping: 0.562300 ms MarkObjects: 24.232700 ms  DeleteObjects: 3.072900 ms)

AssetImportParameters requested are different than current active one (requested -> active):
  custom:framework-win-MediaFoundation: 216162199b28c13a410421893ffa2e32 -> 
  custom:video-decoder-ogg-theora: a1e56fd34408186e4bbccfd4996cb3dc -> 
  custom:container-muxer-webm: aa71ff27fc2769a1b78a27578f13a17b -> 
  custom:container-demuxer-webm: 4f35f7cbe854078d1ac9338744f61a02 -> 
  custom:container-demuxer-ogg: 62fdf1f143b41e24485cea50d1cbac27 -> 
  custom:video-encoder-webm-vp8: eb34c28f22e8b96e1ab97ce403110664 -> 
  custom:video-codec-MediaFoundation-h265: 746d11721c4dcdbdad8f713fa42b33f4 -> 
  custom:video-decoder-webm-vp8: 9c59270c3fd7afecdb556c50c9e8de78 -> 
  custom:audio-decoder-ogg-vorbis: bf7c407c2cedff20999df2af8eb42d56 -> 
  custom:audio-encoder-webm-vorbis: bf7c407c2cedff20999df2af8eb42d56 -> 
========================================================================
Received Import Request.
  path: Assets/PreFabs/SelectedPanel.prefab
  artifactKey: Guid(a29a058bc1b8ae743a9cbbb3d19d377f) Importer(815301076,1909f56bfc062723c751e8b465ee728b)
Start importing Assets/PreFabs/SelectedPanel.prefab using Guid(a29a058bc1b8ae743a9cbbb3d19d377f) Importer(815301076,1909f56bfc062723c751e8b465ee728b)  -> (artifact id: '3f423f543514da5081e1e46ee6b26b65') in 0.472693 seconds 
  Import took 0.517588 seconds .

========================================================================
Received Import Request.
  Time since last request: 68186.428291 seconds.
  path: Assets/PreFabs/SelectedPanel.prefab
  artifactKey: Guid(a29a058bc1b8ae743a9cbbb3d19d377f) Importer(815301076,1909f56bfc062723c751e8b465ee728b)
Start importing Assets/PreFabs/SelectedPanel.prefab using Guid(a29a058bc1b8ae743a9cbbb3d19d377f) Importer(815301076,1909f56bfc062723c751e8b465ee728b)  -> (artifact id: '84b44d4693d46be9413b763d59e90a08') in 0.855273 seconds 
  Import took 2.253068 seconds .

========================================================================
Received Import Request.
  Time since last request: 10.792541 seconds.
  path: Assets/PreFabs/SelectedPanel.prefab
  artifactKey: Guid(a29a058bc1b8ae743a9cbbb3d19d377f) Importer(815301076,1909f56bfc062723c751e8b465ee728b)
Start importing Assets/PreFabs/SelectedPanel.prefab using Guid(a29a058bc1b8ae743a9cbbb3d19d377f) Importer(815301076,1909f56bfc062723c751e8b465ee728b)  -> (artifact id: 'ed62acefe7c1b4881aeba48d6c63d25a') in 0.125901 seconds 
  Import took 0.162849 seconds .

========================================================================
Received Import Request.
  Time since last request: 17.006035 seconds.
  path: Assets/PreFabs/SelectedPanel.prefab
  artifactKey: Guid(a29a058bc1b8ae743a9cbbb3d19d377f) Importer(815301076,1909f56bfc062723c751e8b465ee728b)
Start importing Assets/PreFabs/SelectedPanel.prefab using Guid(a29a058bc1b8ae743a9cbbb3d19d377f) Importer(815301076,1909f56bfc062723c751e8b465ee728b)  -> (artifact id: '437f9837236690cb53da15c59103db01') in 0.116887 seconds 
  Import took 0.148431 seconds .

========================================================================
Received Import Request.
  Time since last request: 6.331958 seconds.
  path: Assets/PreFabs/SelectedPanel.prefab
  artifactKey: Guid(a29a058bc1b8ae743a9cbbb3d19d377f) Importer(815301076,1909f56bfc062723c751e8b465ee728b)
Start importing Assets/PreFabs/SelectedPanel.prefab using Guid(a29a058bc1b8ae743a9cbbb3d19d377f) Importer(815301076,1909f56bfc062723c751e8b465ee728b)  -> (artifact id: '5d75c281978c0988145d7dfac5d16e9b') in 0.126530 seconds 
  Import took 0.148793 seconds .

========================================================================
Received Import Request.
  Time since last request: 2.615812 seconds.
  path: Assets/PreFabs/SelectedPanel.prefab
  artifactKey: Guid(a29a058bc1b8ae743a9cbbb3d19d377f) Importer(815301076,1909f56bfc062723c751e8b465ee728b)
Start importing Assets/PreFabs/SelectedPanel.prefab using Guid(a29a058bc1b8ae743a9cbbb3d19d377f) Importer(815301076,1909f56bfc062723c751e8b465ee728b)  -> (artifact id: '3a840d844d1f8e1c4c71d52d7f8ba1c8') in 0.127791 seconds 
  Import took 0.165895 seconds .

========================================================================
Received Import Request.
  Time since last request: 10.407489 seconds.
  path: Assets/PreFabs/SelectedPanel.prefab
  artifactKey: Guid(a29a058bc1b8ae743a9cbbb3d19d377f) Importer(815301076,1909f56bfc062723c751e8b465ee728b)
Start importing Assets/PreFabs/SelectedPanel.prefab using Guid(a29a058bc1b8ae743a9cbbb3d19d377f) Importer(815301076,1909f56bfc062723c751e8b465ee728b)  -> (artifact id: '0ab17dea2d83cce4fedd483a2af36762') in 0.133278 seconds 
  Import took 0.176057 seconds .

========================================================================
Received Import Request.
  Time since last request: 4.730887 seconds.
  path: Assets/PreFabs/SelectedPanel.prefab
  artifactKey: Guid(a29a058bc1b8ae743a9cbbb3d19d377f) Importer(815301076,1909f56bfc062723c751e8b465ee728b)
Start importing Assets/PreFabs/SelectedPanel.prefab using Guid(a29a058bc1b8ae743a9cbbb3d19d377f) Importer(815301076,1909f56bfc062723c751e8b465ee728b)  -> (artifact id: '85b1abc5035e1572041ff32dd74a5571') in 0.114107 seconds 
  Import took 0.145001 seconds .

========================================================================
Received Import Request.
  Time since last request: 31.974221 seconds.
  path: Assets/PreFabs/SelectedPanel.prefab
  artifactKey: Guid(a29a058bc1b8ae743a9cbbb3d19d377f) Importer(815301076,1909f56bfc062723c751e8b465ee728b)
Start importing Assets/PreFabs/SelectedPanel.prefab using Guid(a29a058bc1b8ae743a9cbbb3d19d377f) Importer(815301076,1909f56bfc062723c751e8b465ee728b)  -> (artifact id: '1266ff6f957599330b7b75fe4cf284da') in 0.098445 seconds 
  Import took 0.127829 seconds .

========================================================================
Received Import Request.
  Time since last request: 672.316383 seconds.
  path: Assets/PreFabs/SelectedPanel.prefab
  artifactKey: Guid(a29a058bc1b8ae743a9cbbb3d19d377f) Importer(815301076,1909f56bfc062723c751e8b465ee728b)
Start importing Assets/PreFabs/SelectedPanel.prefab using Guid(a29a058bc1b8ae743a9cbbb3d19d377f) Importer(815301076,1909f56bfc062723c751e8b465ee728b)  -> (artifact id: '9afae2de4244cad8bcc6aa4d553226c3') in 1.094160 seconds 
  Import took 1.766717 seconds .

========================================================================
Received Import Request.
  Time since last request: 0.238642 seconds.
  path: Assets/PreFabs/SelectedPanel.prefab
  artifactKey: Guid(a29a058bc1b8ae743a9cbbb3d19d377f) Importer(815301076,1909f56bfc062723c751e8b465ee728b)
Start importing Assets/PreFabs/SelectedPanel.prefab using Guid(a29a058bc1b8ae743a9cbbb3d19d377f) Importer(815301076,1909f56bfc062723c751e8b465ee728b)  -> (artifact id: 'fd0e873ffdf14ba904d5c489d99c116e') in 0.559703 seconds 
  Import took 0.641165 seconds .

========================================================================
Received Import Request.
  Time since last request: 529.580059 seconds.
  path: Assets/PreFabs/SelectedPanel.prefab
  artifactKey: Guid(a29a058bc1b8ae743a9cbbb3d19d377f) Importer(815301076,1909f56bfc062723c751e8b465ee728b)
Start importing Assets/PreFabs/SelectedPanel.prefab using Guid(a29a058bc1b8ae743a9cbbb3d19d377f) Importer(815301076,1909f56bfc062723c751e8b465ee728b)  -> (artifact id: 'cb0bce961cbbe1ad01cb2aaacbb10240') in 0.164118 seconds 
  Import took 0.205628 seconds .

========================================================================
Received Import Request.
  Time since last request: 59.280803 seconds.
  path: Assets/PreFabs/SelectedPanel.prefab
  artifactKey: Guid(a29a058bc1b8ae743a9cbbb3d19d377f) Importer(815301076,1909f56bfc062723c751e8b465ee728b)
Start importing Assets/PreFabs/SelectedPanel.prefab using Guid(a29a058bc1b8ae743a9cbbb3d19d377f) Importer(815301076,1909f56bfc062723c751e8b465ee728b)  -> (artifact id: 'd9eca95e5185c3df1d6826806bf87570') in 0.139365 seconds 
  Import took 0.184814 seconds .

========================================================================
Received Import Request.
  Time since last request: 12.124442 seconds.
  path: Assets/PreFabs/QUADADS.prefab
  artifactKey: Guid(5f459782256d2e24abcae6860e37d984) Importer(815301076,1909f56bfc062723c751e8b465ee728b)
Start importing Assets/PreFabs/QUADADS.prefab using Guid(5f459782256d2e24abcae6860e37d984) Importer(815301076,1909f56bfc062723c751e8b465ee728b) Launched and connected shader compiler UnityShaderCompiler.exe after 0.18 seconds
Launched and connected shader compiler UnityShaderCompiler.exe after 0.12 seconds
Launched and connected shader compiler UnityShaderCompiler.exe after 0.13 seconds
Launched and connected shader compiler UnityShaderCompiler.exe after 0.24 seconds
Launched and connected shader compiler UnityShaderCompiler.exe after 0.29 seconds
Launched and connected shader compiler UnityShaderCompiler.exe after 0.19 seconds
Launched and connected shader compiler UnityShaderCompiler.exe after 0.27 seconds
 -> (artifact id: '17ab52c00f8b2be751ff67d7c73712d2') in 10.071719 seconds 
  Import took 10.509800 seconds .

========================================================================
Received Import Request.
  Time since last request: 0.001957 seconds.
  path: Assets/PreFabs/TRIPLEADS.prefab
  artifactKey: Guid(6fbf51053f00d9c44af25a5b6f6d9646) Importer(815301076,1909f56bfc062723c751e8b465ee728b)
Start importing Assets/PreFabs/TRIPLEADS.prefab using Guid(6fbf51053f00d9c44af25a5b6f6d9646) Importer(815301076,1909f56bfc062723c751e8b465ee728b)  -> (artifact id: 'af85f5203ca804a89d8b904a995c5094') in 0.591256 seconds 
  Import took 0.675234 seconds .

========================================================================
Received Import Request.
  Time since last request: 0.000708 seconds.
  path: Assets/PreFabs/QUADLOGS.prefab
  artifactKey: Guid(546ccaee6320be94c8bc4fdc99041ff9) Importer(815301076,1909f56bfc062723c751e8b465ee728b)
Start importing Assets/PreFabs/QUADLOGS.prefab using Guid(546ccaee6320be94c8bc4fdc99041ff9) Importer(815301076,1909f56bfc062723c751e8b465ee728b)  -> (artifact id: 'bda001bc041b8c51c009e0e7f6ec14fb') in 0.206834 seconds 
  Import took 0.241972 seconds .

========================================================================
Received Import Request.
  Time since last request: 0.000685 seconds.
  path: Assets/PreFabs/TRIPLELOGS.prefab
  artifactKey: Guid(02209efed9582f147a029faad2c45996) Importer(815301076,1909f56bfc062723c751e8b465ee728b)
Start importing Assets/PreFabs/TRIPLELOGS.prefab using Guid(02209efed9582f147a029faad2c45996) Importer(815301076,1909f56bfc062723c751e8b465ee728b)  -> (artifact id: '12a786be70e319eb48ebf9ef0afad72e') in 0.176017 seconds 
  Import took 0.207175 seconds .

========================================================================
Received Import Request.
  Time since last request: 0.000787 seconds.
  path: Assets/PreFabs/QUADLOGSbase.prefab
  artifactKey: Guid(d0707e9f4edd0414a8061d85382b2346) Importer(815301076,1909f56bfc062723c751e8b465ee728b)
Start importing Assets/PreFabs/QUADLOGSbase.prefab using Guid(d0707e9f4edd0414a8061d85382b2346) Importer(815301076,1909f56bfc062723c751e8b465ee728b)  -> (artifact id: '0200b0f1c56c2900c573f5b1b95fce04') in 0.242351 seconds 
  Import took 0.276866 seconds .

========================================================================
Received Prepare
Registering precompiled user dll's ...
Registered in 0.136177 seconds.
Begin MonoManager ReloadAssembly
Symbol file LoadedFromMemory is not a mono symbol file
Native extension for WindowsStandalone target not found
Refreshing native plugins compatible for Editor in 17.21 ms, found 7 plugins.
Preloading 0 native plugins for Editor in 0.00 ms.
Mono: successfully reloaded assembly
- Completed reload, in 14.451 seconds
Domain Reload Profiling:
	ReloadAssembly (14477ms)
		BeginReloadAssembly (6480ms)
			ExecutionOrderSort (3ms)
			DisableScriptedObjects (553ms)
			BackupInstance (0ms)
			ReleaseScriptingObjects (300ms)
			CreateAndSetChildDomain (3560ms)
		EndReloadAssembly (7737ms)
			LoadAssemblies (590ms)
			RebuildTransferFunctionScriptingTraits (3ms)
			SetupTypeCache (2447ms)
			ReleaseScriptCaches (16ms)
			RebuildScriptCaches (212ms)
			SetupLoadedEditorAssemblies (3048ms)
				LogAssemblyErrors (0ms)
				InitializePlatformSupportModulesInManaged (19ms)
				SetLoadedEditorAssemblies (2ms)
				RefreshPlugins (17ms)
				BeforeProcessingInitializeOnLoad (400ms)
				ProcessInitializeOnLoadAttributes (2546ms)
				ProcessInitializeOnLoadMethodAttributes (47ms)
				AfterProcessingInitializeOnLoad (14ms)
				EditorAssembliesLoaded (2ms)
			ExecutionOrderSort2 (0ms)
			AwakeInstancesAfterBackupRestoration (80ms)
Platform modules already initialized, skipping
Switching build target platform(19) subTarget(0) extendedPlatform(0) -> platform(21) subTarget(0) extendedPlatform(0)
Refreshing native plugins compatible for Editor in 6.66 ms, found 7 plugins.
Preloading 0 native plugins for Editor in 0.00 ms.
Unloading 5275 Unused Serialized files (Serialized files now loaded: 0)
System memory in use before: 335.6 MB.
System memory in use after: 335.0 MB.

Unloading 48 unused Assets to reduce memory usage. Loaded Objects now: 6369.
Total: 49.780300 ms (FindLiveObjects: 3.791700 ms CreateObjectMapping: 1.833800 ms MarkObjects: 36.317300 ms  DeleteObjects: 7.824400 ms)

AssetImportParameters requested are different than current active one (requested -> active):
  custom:framework-win-MediaFoundation: 216162199b28c13a410421893ffa2e32 -> 
  custom:video-decoder-ogg-theora: a1e56fd34408186e4bbccfd4996cb3dc -> 
  custom:container-muxer-webm: aa71ff27fc2769a1b78a27578f13a17b -> 
  custom:container-demuxer-webm: 4f35f7cbe854078d1ac9338744f61a02 -> 
  custom:container-demuxer-ogg: 62fdf1f143b41e24485cea50d1cbac27 -> 
  custom:video-encoder-webm-vp8: eb34c28f22e8b96e1ab97ce403110664 -> 
  custom:video-codec-MediaFoundation-h265: 746d11721c4dcdbdad8f713fa42b33f4 -> 
  custom:video-decoder-webm-vp8: 9c59270c3fd7afecdb556c50c9e8de78 -> 
  custom:audio-decoder-ogg-vorbis: bf7c407c2cedff20999df2af8eb42d56 -> 
  custom:audio-encoder-webm-vorbis: bf7c407c2cedff20999df2af8eb42d56 -> 
========================================================================
Received Import Request.
  Time since last request: 325.573198 seconds.
  path: Assets/PreFabs/SelectedPanel.prefab
  artifactKey: Guid(a29a058bc1b8ae743a9cbbb3d19d377f) Importer(815301076,1909f56bfc062723c751e8b465ee728b)
Start importing Assets/PreFabs/SelectedPanel.prefab using Guid(a29a058bc1b8ae743a9cbbb3d19d377f) Importer(815301076,1909f56bfc062723c751e8b465ee728b)  -> (artifact id: 'f515b2d760e1814277d6650f9b2e7fbe') in 0.592275 seconds 
  Import took 0.711674 seconds .

========================================================================
Received Import Request.
  Time since last request: 0.504568 seconds.
  path: Assets/PreFabs/LooseLoadChkCanvas.prefab
  artifactKey: Guid(3bbef588e76b23f4eb7ee7c1379e95cd) Importer(815301076,1909f56bfc062723c751e8b465ee728b)
Start importing Assets/PreFabs/LooseLoadChkCanvas.prefab using Guid(3bbef588e76b23f4eb7ee7c1379e95cd) Importer(815301076,1909f56bfc062723c751e8b465ee728b)  -> (artifact id: 'aa65495e7642f45b768d45e70e38334b') in 0.145910 seconds 
  Import took 0.190156 seconds .

========================================================================
Received Import Request.
  Time since last request: 0.000774 seconds.
  path: Assets/PreFabs/lse.prefab
  artifactKey: Guid(83be86083e5c0d84a95ace6721e4c33f) Importer(815301076,1909f56bfc062723c751e8b465ee728b)
Start importing Assets/PreFabs/lse.prefab using Guid(83be86083e5c0d84a95ace6721e4c33f) Importer(815301076,1909f56bfc062723c751e8b465ee728b)  -> (artifact id: 'b2cf582a3b8fe4718d651d8100dcfb60') in 5.467464 seconds 
  Import took 5.751003 seconds .

========================================================================
Received Import Request.
  Time since last request: 0.005807 seconds.
  path: Assets/PreFabs/ADStriple.prefab
  artifactKey: Guid(5607b5c0cb344e84ca992eea507cbdb5) Importer(815301076,1909f56bfc062723c751e8b465ee728b)
Start importing Assets/PreFabs/ADStriple.prefab using Guid(5607b5c0cb344e84ca992eea507cbdb5) Importer(815301076,1909f56bfc062723c751e8b465ee728b)  -> (artifact id: 'b42db4ddb83c9461f2aaa03c2f28c274') in 2.616519 seconds 
  Import took 2.835362 seconds .

========================================================================
Received Import Request.
  Time since last request: 0.001828 seconds.
  path: Assets/PreFabs/ACP 1.prefab
  artifactKey: Guid(58315ce70d4add0479ccc9ec9b85e14d) Importer(815301076,1909f56bfc062723c751e8b465ee728b)
Start importing Assets/PreFabs/ACP 1.prefab using Guid(58315ce70d4add0479ccc9ec9b85e14d) Importer(815301076,1909f56bfc062723c751e8b465ee728b)  -> (artifact id: '65a543205b699a77748c582bc3740a52') in 0.879837 seconds 
  Import took 0.932531 seconds .

========================================================================
Received Import Request.
  Time since last request: 0.001538 seconds.
  path: Assets/PreFabs/ADSDG.fbx
  artifactKey: Guid(3eaeaa81be6c99e4398a020d54c8a875) Importer(815301076,1909f56bfc062723c751e8b465ee728b)
Start importing Assets/PreFabs/ADSDG.fbx using Guid(3eaeaa81be6c99e4398a020d54c8a875) Importer(815301076,1909f56bfc062723c751e8b465ee728b)  -> (artifact id: '5a669f8e8793b231fd716da1d674f221') in 2.877055 seconds 
  Import took 2.920768 seconds .

========================================================================
Received Import Request.
  Time since last request: 0.001808 seconds.
  path: Assets/PreFabs/HologramACP.prefab
  artifactKey: Guid(c3d379fe6ae4a0846a7b9fc5fe96070b) Importer(815301076,1909f56bfc062723c751e8b465ee728b)
Start importing Assets/PreFabs/HologramACP.prefab using Guid(c3d379fe6ae4a0846a7b9fc5fe96070b) Importer(815301076,1909f56bfc062723c751e8b465ee728b)  -> (artifact id: '364f201f27c5b63c382aa2f3f369f1bc') in 0.738038 seconds 
  Import took 0.787502 seconds .

========================================================================
Received Import Request.
  Time since last request: 0.001601 seconds.
  path: Assets/PreFabs/bagstack2.fbx
  artifactKey: Guid(62c43ceb04179914eb6f4b1f029e962b) Importer(815301076,1909f56bfc062723c751e8b465ee728b)
Start importing Assets/PreFabs/bagstack2.fbx using Guid(62c43ceb04179914eb6f4b1f029e962b) Importer(815301076,1909f56bfc062723c751e8b465ee728b)  -> (artifact id: 'bf46cc10e64a246c23db65af4eb38f18') in 0.888092 seconds 
  Import took 0.983687 seconds .

========================================================================
Received Import Request.
  Time since last request: 0.002604 seconds.
  path: Assets/PreFabs/MainCanvas.prefab
  artifactKey: Guid(ef8c819cc86bac84ca0d2d8a11341ede) Importer(815301076,1909f56bfc062723c751e8b465ee728b)
Start importing Assets/PreFabs/MainCanvas.prefab using Guid(ef8c819cc86bac84ca0d2d8a11341ede) Importer(815301076,1909f56bfc062723c751e8b465ee728b)  -> (artifact id: 'e19c7abd5cd3b53906bfb842a3789cf0') in 0.589968 seconds 
  Import took 0.709883 seconds .

========================================================================
Received Import Request.
  Time since last request: 0.002586 seconds.
  path: Assets/PreFabs/dblads.fbx
  artifactKey: Guid(2c893d88e3206b44db629aaf3becd48d) Importer(815301076,1909f56bfc062723c751e8b465ee728b)
Start importing Assets/PreFabs/dblads.fbx using Guid(2c893d88e3206b44db629aaf3becd48d) Importer(815301076,1909f56bfc062723c751e8b465ee728b)  -> (artifact id: '494c76dc45a5ea90c93787e2c521e039') in 0.380368 seconds 
  Import took 0.444472 seconds .

========================================================================
Received Import Request.
  Time since last request: 0.001247 seconds.
  path: Assets/PreFabs/ADSdouble.prefab
  artifactKey: Guid(a50f2fb1c75d5884f8767c6df7ce1de7) Importer(815301076,1909f56bfc062723c751e8b465ee728b)
Start importing Assets/PreFabs/ADSdouble.prefab using Guid(a50f2fb1c75d5884f8767c6df7ce1de7) Importer(815301076,1909f56bfc062723c751e8b465ee728b)  -> (artifact id: '92007e728030abfac341c3d09646c758') in 0.327146 seconds 
  Import took 0.368261 seconds .

========================================================================
Received Import Request.
  Time since last request: 0.001513 seconds.
  path: Assets/PreFabs/PalletCheckCanvas.prefab
  artifactKey: Guid(8e513735b2d91e1468b00cce0cc87d9b) Importer(815301076,1909f56bfc062723c751e8b465ee728b)
Start importing Assets/PreFabs/PalletCheckCanvas.prefab using Guid(8e513735b2d91e1468b00cce0cc87d9b) Importer(815301076,1909f56bfc062723c751e8b465ee728b)  -> (artifact id: 'b3bebaf47b67d9ddba2b51e87b70d52b') in 0.221777 seconds 
  Import took 0.270790 seconds .

========================================================================
Received Import Request.
  Time since last request: 0.003218 seconds.
  path: Assets/PreFabs/DGpallet.prefab
  artifactKey: Guid(e57f509034c74554cbf75dae609c70ae) Importer(815301076,1909f56bfc062723c751e8b465ee728b)
Start importing Assets/PreFabs/DGpallet.prefab using Guid(e57f509034c74554cbf75dae609c70ae) Importer(815301076,1909f56bfc062723c751e8b465ee728b)  -> (artifact id: '05cf7187669d2201d61ac8f9b1e097ab') in 0.581463 seconds 
  Import took 0.631830 seconds .

========================================================================
Received Import Request.
  Time since last request: 0.000998 seconds.
  path: Assets/PreFabs/ACPold.prefab
  artifactKey: Guid(8a411384e95842346aee4a197345d726) Importer(815301076,1909f56bfc062723c751e8b465ee728b)
Start importing Assets/PreFabs/ACPold.prefab using Guid(8a411384e95842346aee4a197345d726) Importer(815301076,1909f56bfc062723c751e8b465ee728b)  -> (artifact id: 'fd07e470c40ba4c62e024e6b8ba4d434') in 0.517246 seconds 
  Import took 0.577875 seconds .

========================================================================
Received Import Request.
  Time since last request: 0.001388 seconds.
  path: Assets/PreFabs/DangerousCrate.prefab
  artifactKey: Guid(6804342c8d6d1314ab3593eab54f3963) Importer(815301076,1909f56bfc062723c751e8b465ee728b)
Start importing Assets/PreFabs/DangerousCrate.prefab using Guid(6804342c8d6d1314ab3593eab54f3963) Importer(815301076,1909f56bfc062723c751e8b465ee728b)  -> (artifact id: 'a6035699ab5825e06344542936762658') in 0.506870 seconds 
  Import took 0.572916 seconds .

========================================================================
Received Import Request.
  Time since last request: 0.001546 seconds.
  path: Assets/PreFabs/DGCANVAS.prefab
  artifactKey: Guid(40486c096b6ed774da87b0eda0cabbd7) Importer(815301076,1909f56bfc062723c751e8b465ee728b)
Start importing Assets/PreFabs/DGCANVAS.prefab using Guid(40486c096b6ed774da87b0eda0cabbd7) Importer(815301076,1909f56bfc062723c751e8b465ee728b)  -> (artifact id: '699366c5226f474d1f1b7e52051b02f9') in 0.651299 seconds 
  Import took 0.717940 seconds .

========================================================================
Received Import Request.
  Time since last request: 0.000787 seconds.
  path: Assets/PreFabs/378.fbx
  artifactKey: Guid(e245bb6e445d92d4c9d7e15cdfa81af8) Importer(815301076,1909f56bfc062723c751e8b465ee728b)
Start importing Assets/PreFabs/378.fbx using Guid(e245bb6e445d92d4c9d7e15cdfa81af8) Importer(815301076,1909f56bfc062723c751e8b465ee728b)  -> (artifact id: '3c712c15d200f5274c5808446ca3312b') in 1.703020 seconds 
  Import took 1.742093 seconds .

========================================================================
Received Import Request.
  Time since last request: 0.000761 seconds.
  path: Assets/PreFabs/HologramACP 1.prefab
  artifactKey: Guid(48440fd6cebf86942aef386e45507ef1) Importer(815301076,1909f56bfc062723c751e8b465ee728b)
Start importing Assets/PreFabs/HologramACP 1.prefab using Guid(48440fd6cebf86942aef386e45507ef1) Importer(815301076,1909f56bfc062723c751e8b465ee728b)  -> (artifact id: '495a261efa924c5612ade2604f49d4e0') in 0.464923 seconds 
  Import took 0.514195 seconds .

========================================================================
Received Import Request.
  Time since last request: 0.001507 seconds.
  path: Assets/PreFabs/chinook.fbx
  artifactKey: Guid(7175a54fdedc19344b9e1bcb48268fa0) Importer(815301076,1909f56bfc062723c751e8b465ee728b)
Start importing Assets/PreFabs/chinook.fbx using Guid(7175a54fdedc19344b9e1bcb48268fa0) Importer(815301076,1909f56bfc062723c751e8b465ee728b)  -> (artifact id: '491270c60d92d693c0db8f9f4758b6c7') in 0.321394 seconds 
  Import took 0.364570 seconds .

========================================================================
Received Import Request.
  Time since last request: 0.001622 seconds.
  path: Assets/PreFabs/LOGSdbl .prefab
  artifactKey: Guid(9850cab6fe33c2b44bcc09ff52ded7ba) Importer(815301076,1909f56bfc062723c751e8b465ee728b)
Start importing Assets/PreFabs/LOGSdbl .prefab using Guid(9850cab6fe33c2b44bcc09ff52ded7ba) Importer(815301076,1909f56bfc062723c751e8b465ee728b)  -> (artifact id: '8a52f4a539ab4afa96d3a2e1b98257df') in 0.278819 seconds 
  Import took 0.324191 seconds .

========================================================================
Received Import Request.
  Time since last request: 0.001314 seconds.
  path: Assets/PreFabs/LOGStriple.prefab
  artifactKey: Guid(aa6e3d6465ae4b041b7e92dcd0dd5d2b) Importer(815301076,1909f56bfc062723c751e8b465ee728b)
Start importing Assets/PreFabs/LOGStriple.prefab using Guid(aa6e3d6465ae4b041b7e92dcd0dd5d2b) Importer(815301076,1909f56bfc062723c751e8b465ee728b)  -> (artifact id: '36eeff3b8c7ce820805fd519f832a3f6') in 0.363880 seconds 
  Import took 0.404466 seconds .

========================================================================
Received Import Request.
  Time since last request: 0.001534 seconds.
  path: Assets/PreFabs/DGCANVAS 1.prefab
  artifactKey: Guid(d2cad4dffe20313438657b13d78197bd) Importer(815301076,1909f56bfc062723c751e8b465ee728b)
Start importing Assets/PreFabs/DGCANVAS 1.prefab using Guid(d2cad4dffe20313438657b13d78197bd) Importer(815301076,1909f56bfc062723c751e8b465ee728b)  -> (artifact id: '6a078746a958f68dc373cb83129716c1') in 0.358338 seconds 
  Import took 0.395550 seconds .

========================================================================
Received Import Request.
  Time since last request: 0.001538 seconds.
  path: Assets/PreFabs/ACPcopy.prefab
  artifactKey: Guid(062b218609c42df40a2c1e23ff53263c) Importer(815301076,1909f56bfc062723c751e8b465ee728b)
Start importing Assets/PreFabs/ACPcopy.prefab using Guid(062b218609c42df40a2c1e23ff53263c) Importer(815301076,1909f56bfc062723c751e8b465ee728b)  -> (artifact id: 'd824e7db78a10948774d95af929cf9d6') in 0.353635 seconds 
  Import took 0.393960 seconds .

========================================================================
Received Import Request.
  Time since last request: 0.001354 seconds.
  path: Assets/PreFabs/LOGSQD.prefab
  artifactKey: Guid(309976a7d227ace46b7f3eb50337c459) Importer(815301076,1909f56bfc062723c751e8b465ee728b)
Start importing Assets/PreFabs/LOGSQD.prefab using Guid(309976a7d227ace46b7f3eb50337c459) Importer(815301076,1909f56bfc062723c751e8b465ee728b)  -> (artifact id: '525bcad52618db513227b8d40fd0a0c2') in 0.355340 seconds 
  Import took 0.395361 seconds .

========================================================================
Received Import Request.
  Time since last request: 0.001686 seconds.
  path: Assets/PreFabs/ACP.prefab
  artifactKey: Guid(49fa7c2a4e5afef4781d19755e3fe87d) Importer(815301076,1909f56bfc062723c751e8b465ee728b)
Start importing Assets/PreFabs/ACP.prefab using Guid(49fa7c2a4e5afef4781d19755e3fe87d) Importer(815301076,1909f56bfc062723c751e8b465ee728b)  -> (artifact id: '518d5c87139c5f0ec5188343d1897e48') in 0.324948 seconds 
  Import took 0.361331 seconds .

========================================================================
Received Import Request.
  Time since last request: 0.001141 seconds.
  path: Assets/PreFabs/DBLLOGS.fbx
  artifactKey: Guid(4a7ebe136d14c174588d9250b2bfe9d1) Importer(815301076,1909f56bfc062723c751e8b465ee728b)
Start importing Assets/PreFabs/DBLLOGS.fbx using Guid(4a7ebe136d14c174588d9250b2bfe9d1) Importer(815301076,1909f56bfc062723c751e8b465ee728b)  -> (artifact id: '6245fc1858361d422278908000edab2d') in 0.292434 seconds 
  Import took 0.328564 seconds .

========================================================================
Received Import Request.
  Time since last request: 0.000666 seconds.
  path: Assets/PreFabs/ADSquad.prefab
  artifactKey: Guid(6c29bc3fb62bbd1438031231cf5b9e0b) Importer(815301076,1909f56bfc062723c751e8b465ee728b)
Start importing Assets/PreFabs/ADSquad.prefab using Guid(6c29bc3fb62bbd1438031231cf5b9e0b) Importer(815301076,1909f56bfc062723c751e8b465ee728b)  -> (artifact id: '834e53c524457cacdf0bc7b2e8df3231') in 0.357168 seconds 
  Import took 0.402751 seconds .

========================================================================
Received Prepare
Registering precompiled user dll's ...
Registered in 0.101873 seconds.
Begin MonoManager ReloadAssembly
Symbol file LoadedFromMemory is not a mono symbol file
Native extension for WindowsStandalone target not found
Refreshing native plugins compatible for Editor in 4.68 ms, found 7 plugins.
Preloading 0 native plugins for Editor in 0.00 ms.
Mono: successfully reloaded assembly
- Completed reload, in  9.604 seconds
Domain Reload Profiling:
	ReloadAssembly (9619ms)
		BeginReloadAssembly (3254ms)
			ExecutionOrderSort (1ms)
			DisableScriptedObjects (571ms)
			BackupInstance (0ms)
			ReleaseScriptingObjects (3ms)
			CreateAndSetChildDomain (2033ms)
		EndReloadAssembly (5983ms)
			LoadAssemblies (685ms)
			RebuildTransferFunctionScriptingTraits (2ms)
			SetupTypeCache (1904ms)
			ReleaseScriptCaches (12ms)
			RebuildScriptCaches (225ms)
			SetupLoadedEditorAssemblies (2229ms)
				LogAssemblyErrors (0ms)
				InitializePlatformSupportModulesInManaged (19ms)
				SetLoadedEditorAssemblies (4ms)
				RefreshPlugins (5ms)
				BeforeProcessingInitializeOnLoad (308ms)
				ProcessInitializeOnLoadAttributes (1808ms)
				ProcessInitializeOnLoadMethodAttributes (56ms)
				AfterProcessingInitializeOnLoad (27ms)
				EditorAssembliesLoaded (2ms)
			ExecutionOrderSort2 (0ms)
			AwakeInstancesAfterBackupRestoration (191ms)
Platform modules already initialized, skipping
Switching build target platform(19) subTarget(0) extendedPlatform(0) -> platform(21) subTarget(0) extendedPlatform(0)
